[0.043s] Invoking command in '/home/orangepi/Code/IR_vision/build/usb_camera': CMAKE_PREFIX_PATH=${CMAKE_PREFIX_PATH}:/opt/ros/humble /usr/bin/cmake /home/orangepi/Code/IR_vision/src/driver/usb_camera -DCMAKE_INSTALL_PREFIX=/home/orangepi/Code/IR_vision/install/usb_camera
[0.186s] -- The C compiler identification is GNU 11.4.0
[0.307s] -- The CXX compiler identification is GNU 11.4.0
[0.320s] -- Detecting C compiler ABI info
[0.437s] -- Detecting C compiler ABI info - done
[0.447s] -- Check for working C compiler: /usr/bin/cc - skipped
[0.447s] -- Detecting C compile features
[0.447s] -- Detecting C compile features - done
[0.452s] -- Detecting CXX compiler ABI info
[0.639s] -- Detecting CXX compiler ABI info - done
[0.651s] -- Check for working CXX compiler: /usr/bin/c++ - skipped
[0.652s] -- Detecting CXX compile features
[0.652s] -- Detecting CXX compile features - done
[0.656s] -- Found ament_cmake: 1.3.14 (/opt/ros/humble/share/ament_cmake/cmake)
[1.015s] -- Found Python3: /usr/bin/python3 (found version "3.10.12") found components: Interpreter 
[1.236s] -- Found rclcpp: 16.0.18 (/opt/ros/humble/share/rclcpp/cmake)
[1.290s] -- Found rosidl_generator_c: 3.1.8 (/opt/ros/humble/share/rosidl_generator_c/cmake)
[1.296s] -- Found rosidl_adapter: 3.1.8 (/opt/ros/humble/share/rosidl_adapter/cmake)
[1.307s] -- Found rosidl_generator_cpp: 3.1.8 (/opt/ros/humble/share/rosidl_generator_cpp/cmake)
[1.324s] -- Using all available rosidl_typesupport_c: rosidl_typesupport_fastrtps_c;rosidl_typesupport_introspection_c
[1.346s] -- Using all available rosidl_typesupport_cpp: rosidl_typesupport_fastrtps_cpp;rosidl_typesupport_introspection_cpp
[1.409s] -- Found rmw_implementation_cmake: 6.1.2 (/opt/ros/humble/share/rmw_implementation_cmake/cmake)
[1.410s] -- Found rmw_fastrtps_cpp: 6.2.10 (/opt/ros/humble/share/rmw_fastrtps_cpp/cmake)
[1.663s] -- Found OpenSSL: /usr/lib/aarch64-linux-gnu/libcrypto.so (found version "3.0.2")  
[1.744s] -- Found FastRTPS: /opt/ros/humble/include  
[1.814s] -- Using RMW implementation 'rmw_fastrtps_cpp' as default
[1.825s] -- Looking for pthread.h
[2.030s] -- Looking for pthread.h - found
[2.030s] -- Performing Test CMAKE_HAVE_LIBC_PTHREAD
[2.207s] -- Performing Test CMAKE_HAVE_LIBC_PTHREAD - Success
[2.211s] -- Found Threads: TRUE  
[2.317s] -- Found OpenCV: /usr/local (found version "4.8.0") 
[2.319s] -- Found sensor_msgs: 4.9.1 (/opt/ros/humble/share/sensor_msgs/cmake)
[2.366s] -- Found cv_bridge: 3.2.1 (/opt/ros/humble/share/cv_bridge/cmake)
[2.371s] -- Found ament_lint_auto: 0.12.15 (/opt/ros/humble/share/ament_lint_auto/cmake)
[2.812s] -- Added test 'cppcheck' to perform static code analysis on C / C++ code
[2.813s] -- Configured cppcheck include dirs: 
[2.815s] -- Configured cppcheck exclude dirs and/or files: 
[2.820s] -- Added test 'lint_cmake' to check CMake code style
[2.832s] -- Added test 'uncrustify' to check C / C++ code style
[2.833s] -- Configured uncrustify additional arguments: 
[2.835s] -- Added test 'xmllint' to check XML markup files
[2.849s] -- Configuring done
[2.950s] -- Generating done
[2.988s] -- Build files have been written to: /home/orangepi/Code/IR_vision/build/usb_camera
[3.084s] Invoked command in '/home/orangepi/Code/IR_vision/build/usb_camera' returned '0': CMAKE_PREFIX_PATH=${CMAKE_PREFIX_PATH}:/opt/ros/humble /usr/bin/cmake /home/orangepi/Code/IR_vision/src/driver/usb_camera -DCMAKE_INSTALL_PREFIX=/home/orangepi/Code/IR_vision/install/usb_camera
[3.086s] Invoking command in '/home/orangepi/Code/IR_vision/build/usb_camera': CMAKE_PREFIX_PATH=${CMAKE_PREFIX_PATH}:/opt/ros/humble /usr/bin/cmake --build /home/orangepi/Code/IR_vision/build/usb_camera -- -j8 -l8
[3.382s] [ 50%] [32mBuilding CXX object CMakeFiles/usb_camera.dir/src/usb_camera_node.cpp.o[0m
[24.771s] [100%] [32m[1mLinking CXX executable usb_camera[0m
[25.582s] /usr/bin/ld: warning: libopencv_core.so.4.5d, needed by /opt/ros/humble/lib/libcv_bridge.so, may conflict with libopencv_core.so.408
[26.438s] [100%] Built target usb_camera
[26.493s] Invoked command in '/home/orangepi/Code/IR_vision/build/usb_camera' returned '0': CMAKE_PREFIX_PATH=${CMAKE_PREFIX_PATH}:/opt/ros/humble /usr/bin/cmake --build /home/orangepi/Code/IR_vision/build/usb_camera -- -j8 -l8
[26.498s] Invoking command in '/home/orangepi/Code/IR_vision/build/usb_camera': CMAKE_PREFIX_PATH=${CMAKE_PREFIX_PATH}:/opt/ros/humble /usr/bin/cmake --install /home/orangepi/Code/IR_vision/build/usb_camera
[26.525s] -- Install configuration: ""
[26.525s] -- Installing: /home/orangepi/Code/IR_vision/install/usb_camera/lib/usb_camera/usb_camera
[26.528s] -- Set runtime path of "/home/orangepi/Code/IR_vision/install/usb_camera/lib/usb_camera/usb_camera" to ""
[26.529s] -- Installing: /home/orangepi/Code/IR_vision/install/usb_camera/share/ament_index/resource_index/package_run_dependencies/usb_camera
[26.529s] -- Installing: /home/orangepi/Code/IR_vision/install/usb_camera/share/ament_index/resource_index/parent_prefix_path/usb_camera
[26.530s] -- Installing: /home/orangepi/Code/IR_vision/install/usb_camera/share/usb_camera/environment/ament_prefix_path.sh
[26.530s] -- Installing: /home/orangepi/Code/IR_vision/install/usb_camera/share/usb_camera/environment/ament_prefix_path.dsv
[26.531s] -- Installing: /home/orangepi/Code/IR_vision/install/usb_camera/share/usb_camera/environment/path.sh
[26.531s] -- Installing: /home/orangepi/Code/IR_vision/install/usb_camera/share/usb_camera/environment/path.dsv
[26.531s] -- Installing: /home/orangepi/Code/IR_vision/install/usb_camera/share/usb_camera/local_setup.bash
[26.532s] -- Installing: /home/orangepi/Code/IR_vision/install/usb_camera/share/usb_camera/local_setup.sh
[26.532s] -- Installing: /home/orangepi/Code/IR_vision/install/usb_camera/share/usb_camera/local_setup.zsh
[26.533s] -- Installing: /home/orangepi/Code/IR_vision/install/usb_camera/share/usb_camera/local_setup.dsv
[26.535s] -- Installing: /home/orangepi/Code/IR_vision/install/usb_camera/share/usb_camera/package.dsv
[26.535s] -- Installing: /home/orangepi/Code/IR_vision/install/usb_camera/share/ament_index/resource_index/packages/usb_camera
[26.536s] -- Installing: /home/orangepi/Code/IR_vision/install/usb_camera/share/usb_camera/cmake/usb_cameraConfig.cmake
[26.536s] -- Installing: /home/orangepi/Code/IR_vision/install/usb_camera/share/usb_camera/cmake/usb_cameraConfig-version.cmake
[26.537s] -- Installing: /home/orangepi/Code/IR_vision/install/usb_camera/share/usb_camera/package.xml
[26.537s] Invoked command in '/home/orangepi/Code/IR_vision/build/usb_camera' returned '0': CMAKE_PREFIX_PATH=${CMAKE_PREFIX_PATH}:/opt/ros/humble /usr/bin/cmake --install /home/orangepi/Code/IR_vision/build/usb_camera
