[0.042s] Invoking command in '/home/orangepi/Code/IR_vision/build/usb_camera': CMAKE_PREFIX_PATH=${CMAKE_PREFIX_PATH}:/opt/ros/humble /usr/bin/cmake --build /home/orangepi/Code/IR_vision/build/usb_camera -- -j8 -l8
[0.163s] [100%] Built target usb_camera
[0.201s] Invoked command in '/home/orangepi/Code/IR_vision/build/usb_camera' returned '0': CMAKE_PREFIX_PATH=${CMAKE_PREFIX_PATH}:/opt/ros/humble /usr/bin/cmake --build /home/orangepi/Code/IR_vision/build/usb_camera -- -j8 -l8
[0.214s] Invoking command in '/home/orangepi/Code/IR_vision/build/usb_camera': CMAKE_PREFIX_PATH=${CMAKE_PREFIX_PATH}:/opt/ros/humble /usr/bin/cmake --install /home/orangepi/Code/IR_vision/build/usb_camera
[0.272s] -- Install configuration: ""
[0.274s] -- Up-to-date: /home/orangepi/Code/IR_vision/install/usb_camera/lib/usb_camera/usb_camera
[0.275s] -- Up-to-date: /home/orangepi/Code/IR_vision/install/usb_camera/share/ament_index/resource_index/package_run_dependencies/usb_camera
[0.276s] -- Up-to-date: /home/orangepi/Code/IR_vision/install/usb_camera/share/ament_index/resource_index/parent_prefix_path/usb_camera
[0.276s] -- Up-to-date: /home/orangepi/Code/IR_vision/install/usb_camera/share/usb_camera/environment/ament_prefix_path.sh
[0.276s] -- Up-to-date: /home/orangepi/Code/IR_vision/install/usb_camera/share/usb_camera/environment/ament_prefix_path.dsv
[0.276s] -- Up-to-date: /home/orangepi/Code/IR_vision/install/usb_camera/share/usb_camera/environment/path.sh
[0.276s] -- Up-to-date: /home/orangepi/Code/IR_vision/install/usb_camera/share/usb_camera/environment/path.dsv
[0.278s] -- Up-to-date: /home/orangepi/Code/IR_vision/install/usb_camera/share/usb_camera/local_setup.bash
[0.278s] -- Up-to-date: /home/orangepi/Code/IR_vision/install/usb_camera/share/usb_camera/local_setup.sh
[0.278s] -- Up-to-date: /home/orangepi/Code/IR_vision/install/usb_camera/share/usb_camera/local_setup.zsh
[0.278s] -- Up-to-date: /home/orangepi/Code/IR_vision/install/usb_camera/share/usb_camera/local_setup.dsv
[0.279s] -- Installing: /home/orangepi/Code/IR_vision/install/usb_camera/share/usb_camera/package.dsv
[0.279s] -- Up-to-date: /home/orangepi/Code/IR_vision/install/usb_camera/share/ament_index/resource_index/packages/usb_camera
[0.279s] -- Up-to-date: /home/orangepi/Code/IR_vision/install/usb_camera/share/usb_camera/cmake/usb_cameraConfig.cmake
[0.280s] -- Up-to-date: /home/orangepi/Code/IR_vision/install/usb_camera/share/usb_camera/cmake/usb_cameraConfig-version.cmake
[0.280s] -- Up-to-date: /home/orangepi/Code/IR_vision/install/usb_camera/share/usb_camera/package.xml
[0.293s] Invoked command in '/home/orangepi/Code/IR_vision/build/usb_camera' returned '0': CMAKE_PREFIX_PATH=${CMAKE_PREFIX_PATH}:/opt/ros/humble /usr/bin/cmake --install /home/orangepi/Code/IR_vision/build/usb_camera
