[0.036s] Invoking command in '/home/orangepi/Code/IR_vision/build/mindvision_camera': CMAKE_PREFIX_PATH=${CMAKE_PREFIX_PATH}:/opt/ros/humble /usr/bin/cmake /home/orangepi/Code/IR_vision/src/driver/mindvision_camera -DCMAKE_INSTALL_PREFIX=/home/orangepi/Code/IR_vision/install/mindvision_camera
[0.172s] -- The C compiler identification is GNU 11.4.0
[0.258s] -- The CXX compiler identification is GNU 11.4.0
[0.267s] -- Detecting C compiler ABI info
[0.458s] -- Detecting C compiler ABI info - done
[0.461s] -- Check for working C compiler: /usr/bin/cc - skipped
[0.461s] -- Detecting C compile features
[0.461s] -- Detecting C compile features - done
[0.466s] -- Detecting CXX compiler ABI info
[0.608s] -- Detecting CXX compiler ABI info - done
[0.616s] -- Check for working CXX compiler: /usr/bin/c++ - skipped
[0.619s] -- Detecting CXX compile features
[0.620s] -- Detecting CXX compile features - done
[0.621s] -- Found ament_cmake_auto: 1.3.14 (/opt/ros/humble/share/ament_cmake_auto/cmake)
[1.031s] -- Found Python3: /usr/bin/python3 (found version "3.10.12") found components: Interpreter 
[1.500s] -- Found rosidl_generator_c: 3.1.8 (/opt/ros/humble/share/rosidl_generator_c/cmake)
[1.506s] -- Found rosidl_adapter: 3.1.8 (/opt/ros/humble/share/rosidl_adapter/cmake)
[1.518s] -- Found rosidl_generator_cpp: 3.1.8 (/opt/ros/humble/share/rosidl_generator_cpp/cmake)
[1.534s] -- Using all available rosidl_typesupport_c: rosidl_typesupport_fastrtps_c;rosidl_typesupport_introspection_c
[1.557s] -- Using all available rosidl_typesupport_cpp: rosidl_typesupport_fastrtps_cpp;rosidl_typesupport_introspection_cpp
[1.617s] -- Found rmw_implementation_cmake: 6.1.2 (/opt/ros/humble/share/rmw_implementation_cmake/cmake)
[1.621s] -- Found rmw_fastrtps_cpp: 6.2.10 (/opt/ros/humble/share/rmw_fastrtps_cpp/cmake)
[1.860s] -- Found OpenSSL: /usr/lib/aarch64-linux-gnu/libcrypto.so (found version "3.0.2")  
[1.916s] -- Found FastRTPS: /opt/ros/humble/include  
[1.995s] -- Using RMW implementation 'rmw_fastrtps_cpp' as default
[2.006s] -- Looking for pthread.h
[2.168s] -- Looking for pthread.h - found
[2.168s] -- Performing Test CMAKE_HAVE_LIBC_PTHREAD
[2.336s] -- Performing Test CMAKE_HAVE_LIBC_PTHREAD - Success
[2.337s] -- Found Threads: TRUE  
[2.585s] -- Found ament_lint_auto: 0.12.15 (/opt/ros/humble/share/ament_lint_auto/cmake)
[2.616s] -- Added test 'cppcheck' to perform static code analysis on C / C++ code
[2.616s] -- Configured cppcheck include dirs: /home/orangepi/Code/IR_vision/src/driver/mindvision_camera/mvsdk/include
[2.617s] -- Configured cppcheck exclude dirs and/or files: 
[2.617s] -- Added test 'flake8' to check Python code syntax and style conventions
[2.618s] -- Added test 'lint_cmake' to check CMake code style
[2.619s] -- Added test 'pep257' to check Python code against some of the docstring style conventions in PEP 257
[2.620s] -- Added test 'xmllint' to check XML markup files
[2.624s] -- Configuring done
[2.671s] -- Generating done
[2.686s] -- Build files have been written to: /home/orangepi/Code/IR_vision/build/mindvision_camera
[2.719s] Invoked command in '/home/orangepi/Code/IR_vision/build/mindvision_camera' returned '0': CMAKE_PREFIX_PATH=${CMAKE_PREFIX_PATH}:/opt/ros/humble /usr/bin/cmake /home/orangepi/Code/IR_vision/src/driver/mindvision_camera -DCMAKE_INSTALL_PREFIX=/home/orangepi/Code/IR_vision/install/mindvision_camera
[2.721s] Invoking command in '/home/orangepi/Code/IR_vision/build/mindvision_camera': CMAKE_PREFIX_PATH=${CMAKE_PREFIX_PATH}:/opt/ros/humble /usr/bin/cmake --build /home/orangepi/Code/IR_vision/build/mindvision_camera -- -j8 -l8
[2.995s] [ 25%] [32mBuilding CXX object CMakeFiles/mindvision_camera.dir/src/mv_camera_node.cpp.o[0m
[3.009s] [ 50%] [32mBuilding CXX object CMakeFiles/mindvision_camera_node.dir/rclcpp_components/node_main_mindvision_camera_node.cpp.o[0m
[17.967s] [ 75%] [32m[1mLinking CXX executable mindvision_camera_node[0m
[18.878s] [ 75%] Built target mindvision_camera_node
[19.848s] [100%] [32m[1mLinking CXX shared library libmindvision_camera.so[0m
[21.030s] [100%] Built target mindvision_camera
[21.076s] Invoked command in '/home/orangepi/Code/IR_vision/build/mindvision_camera' returned '0': CMAKE_PREFIX_PATH=${CMAKE_PREFIX_PATH}:/opt/ros/humble /usr/bin/cmake --build /home/orangepi/Code/IR_vision/build/mindvision_camera -- -j8 -l8
[21.114s] Invoking command in '/home/orangepi/Code/IR_vision/build/mindvision_camera': CMAKE_PREFIX_PATH=${CMAKE_PREFIX_PATH}:/opt/ros/humble /usr/bin/cmake --install /home/orangepi/Code/IR_vision/build/mindvision_camera
[21.146s] -- Install configuration: ""
[21.147s] -- Installing: /home/orangepi/Code/IR_vision/install/mindvision_camera/lib/mindvision_camera/mindvision_camera_node
[21.153s] -- Set runtime path of "/home/orangepi/Code/IR_vision/install/mindvision_camera/lib/mindvision_camera/mindvision_camera_node" to ""
[21.153s] -- Installing: /home/orangepi/Code/IR_vision/install/mindvision_camera/share/mindvision_camera/environment/library_path.sh
[21.154s] -- Installing: /home/orangepi/Code/IR_vision/install/mindvision_camera/share/mindvision_camera/environment/library_path.dsv
[21.155s] -- Installing: /home/orangepi/Code/IR_vision/install/mindvision_camera/lib/libmindvision_camera.so
[21.158s] -- Set runtime path of "/home/orangepi/Code/IR_vision/install/mindvision_camera/lib/libmindvision_camera.so" to ""
[21.159s] -- Installing: /home/orangepi/Code/IR_vision/install/mindvision_camera/share/mindvision_camera/config
[21.159s] -- Installing: /home/orangepi/Code/IR_vision/install/mindvision_camera/share/mindvision_camera/config/camera_info.yaml
[21.160s] -- Installing: /home/orangepi/Code/IR_vision/install/mindvision_camera/share/mindvision_camera/config/camera_params.yaml
[21.164s] -- Installing: /home/orangepi/Code/IR_vision/install/mindvision_camera/share/mindvision_camera/launch
[21.165s] -- Installing: /home/orangepi/Code/IR_vision/install/mindvision_camera/share/mindvision_camera/launch/mv_launch.py
[21.165s] -- Installing: /home/orangepi/Code/IR_vision/install/mindvision_camera/share/ament_index/resource_index/package_run_dependencies/mindvision_camera
[21.166s] -- Installing: /home/orangepi/Code/IR_vision/install/mindvision_camera/share/ament_index/resource_index/parent_prefix_path/mindvision_camera
[21.167s] -- Installing: /home/orangepi/Code/IR_vision/install/mindvision_camera/share/mindvision_camera/environment/ament_prefix_path.sh
[21.167s] -- Installing: /home/orangepi/Code/IR_vision/install/mindvision_camera/share/mindvision_camera/environment/ament_prefix_path.dsv
[21.168s] -- Installing: /home/orangepi/Code/IR_vision/install/mindvision_camera/share/mindvision_camera/environment/path.sh
[21.168s] -- Installing: /home/orangepi/Code/IR_vision/install/mindvision_camera/share/mindvision_camera/environment/path.dsv
[21.169s] -- Installing: /home/orangepi/Code/IR_vision/install/mindvision_camera/share/mindvision_camera/local_setup.bash
[21.170s] -- Installing: /home/orangepi/Code/IR_vision/install/mindvision_camera/share/mindvision_camera/local_setup.sh
[21.170s] -- Installing: /home/orangepi/Code/IR_vision/install/mindvision_camera/share/mindvision_camera/local_setup.zsh
[21.173s] -- Installing: /home/orangepi/Code/IR_vision/install/mindvision_camera/share/mindvision_camera/local_setup.dsv
[21.174s] -- Installing: /home/orangepi/Code/IR_vision/install/mindvision_camera/share/mindvision_camera/package.dsv
[21.174s] -- Installing: /home/orangepi/Code/IR_vision/install/mindvision_camera/share/ament_index/resource_index/packages/mindvision_camera
[21.175s] -- Installing: /home/orangepi/Code/IR_vision/install/mindvision_camera/share/ament_index/resource_index/rclcpp_components/mindvision_camera
[21.176s] -- Installing: /home/orangepi/Code/IR_vision/install/mindvision_camera/share/mindvision_camera/cmake/ament_cmake_export_dependencies-extras.cmake
[21.177s] -- Installing: /home/orangepi/Code/IR_vision/install/mindvision_camera/share/mindvision_camera/cmake/ament_cmake_export_libraries-extras.cmake
[21.180s] -- Installing: /home/orangepi/Code/IR_vision/install/mindvision_camera/share/mindvision_camera/cmake/mindvision_cameraConfig.cmake
[21.181s] -- Installing: /home/orangepi/Code/IR_vision/install/mindvision_camera/share/mindvision_camera/cmake/mindvision_cameraConfig-version.cmake
[21.182s] -- Installing: /home/orangepi/Code/IR_vision/install/mindvision_camera/share/mindvision_camera/package.xml
[21.184s] Invoked command in '/home/orangepi/Code/IR_vision/build/mindvision_camera' returned '0': CMAKE_PREFIX_PATH=${CMAKE_PREFIX_PATH}:/opt/ros/humble /usr/bin/cmake --install /home/orangepi/Code/IR_vision/build/mindvision_camera
