[0.036s] Invoking command in '/home/orangepi/Code/IR_vision/build/rplidar_ros': CMAKE_PREFIX_PATH=/opt/ros/humble /usr/bin/cmake --build /home/orangepi/Code/IR_vision/build/rplidar_ros -- -j8 -l8
[0.179s] [ 47%] Built target rplidar_node
[0.213s] [ 52%] Built target rplidar_client
[0.221s] [100%] Built target rplidar_composition
[0.355s] Invoked command in '/home/orangepi/Code/IR_vision/build/rplidar_ros' returned '0': CMAKE_PREFIX_PATH=/opt/ros/humble /usr/bin/cmake --build /home/orangepi/Code/IR_vision/build/rplidar_ros -- -j8 -l8
[0.359s] Invoking command in '/home/orangepi/Code/IR_vision/build/rplidar_ros': CMAKE_PREFIX_PATH=/opt/ros/humble /usr/bin/cmake --install /home/orangepi/Code/IR_vision/build/rplidar_ros
[0.385s] -- Install configuration: ""
[0.385s] -- Up-to-date: /home/orangepi/Code/IR_vision/install/rplidar_ros/share/rplidar_ros/launch
[0.386s] -- Up-to-date: /home/orangepi/Code/IR_vision/install/rplidar_ros/share/rplidar_ros/launch/view_rplidar_a2m8_launch.py
[0.387s] -- Up-to-date: /home/orangepi/Code/IR_vision/install/rplidar_ros/share/rplidar_ros/launch/view_rplidar_a3_launch.py
[0.388s] -- Up-to-date: /home/orangepi/Code/IR_vision/install/rplidar_ros/share/rplidar_ros/launch/view_rplidar_a2m7_launch.py
[0.389s] -- Up-to-date: /home/orangepi/Code/IR_vision/install/rplidar_ros/share/rplidar_ros/launch/rplidar_a1_launch.py
[0.389s] -- Up-to-date: /home/orangepi/Code/IR_vision/install/rplidar_ros/share/rplidar_ros/launch/rplidar_t1_launch.py
[0.390s] -- Up-to-date: /home/orangepi/Code/IR_vision/install/rplidar_ros/share/rplidar_ros/launch/rplidar_s1_tcp_launch.py
[0.391s] -- Up-to-date: /home/orangepi/Code/IR_vision/install/rplidar_ros/share/rplidar_ros/launch/view_rplidar_t1_launch.py
[0.394s] -- Up-to-date: /home/orangepi/Code/IR_vision/install/rplidar_ros/share/rplidar_ros/launch/view_rplidar_a2m12_launch.py
[0.395s] -- Up-to-date: /home/orangepi/Code/IR_vision/install/rplidar_ros/share/rplidar_ros/launch/rplidar_a3_launch.py
[0.395s] -- Up-to-date: /home/orangepi/Code/IR_vision/install/rplidar_ros/share/rplidar_ros/launch/rplidar_s3_launch.py
[0.396s] -- Up-to-date: /home/orangepi/Code/IR_vision/install/rplidar_ros/share/rplidar_ros/launch/rplidar_a2m12_launch.py
[0.397s] -- Up-to-date: /home/orangepi/Code/IR_vision/install/rplidar_ros/share/rplidar_ros/launch/rplidar_s1_launch.py
[0.398s] -- Up-to-date: /home/orangepi/Code/IR_vision/install/rplidar_ros/share/rplidar_ros/launch/view_rplidar_s1_launch.py
[0.398s] -- Up-to-date: /home/orangepi/Code/IR_vision/install/rplidar_ros/share/rplidar_ros/launch/rplidar_a2m8_launch.py
[0.398s] -- Up-to-date: /home/orangepi/Code/IR_vision/install/rplidar_ros/share/rplidar_ros/launch/rplidar_s2_launch.py
[0.399s] -- Up-to-date: /home/orangepi/Code/IR_vision/install/rplidar_ros/share/rplidar_ros/launch/view_rplidar_s2_launch.py
[0.400s] -- Up-to-date: /home/orangepi/Code/IR_vision/install/rplidar_ros/share/rplidar_ros/launch/rplidar_a2m7_launch.py
[0.400s] -- Up-to-date: /home/orangepi/Code/IR_vision/install/rplidar_ros/share/rplidar_ros/launch/view_rplidar_s2e_launch.py
[0.401s] -- Up-to-date: /home/orangepi/Code/IR_vision/install/rplidar_ros/share/rplidar_ros/launch/view_rplidar_c1_launch.py
[0.401s] -- Up-to-date: /home/orangepi/Code/IR_vision/install/rplidar_ros/share/rplidar_ros/launch/view_rplidar_s1_tcp_launch.py
[0.402s] -- Up-to-date: /home/orangepi/Code/IR_vision/install/rplidar_ros/share/rplidar_ros/launch/rplidar_s2e_launch.py
[0.402s] -- Up-to-date: /home/orangepi/Code/IR_vision/install/rplidar_ros/share/rplidar_ros/launch/rplidar_c1_launch.py
[0.402s] -- Up-to-date: /home/orangepi/Code/IR_vision/install/rplidar_ros/share/rplidar_ros/launch/view_rplidar_a1_launch.py
[0.403s] -- Up-to-date: /home/orangepi/Code/IR_vision/install/rplidar_ros/share/rplidar_ros/launch/view_rplidar_s3_launch.py
[0.403s] -- Up-to-date: /home/orangepi/Code/IR_vision/install/rplidar_ros/share/rplidar_ros/rviz
[0.404s] -- Up-to-date: /home/orangepi/Code/IR_vision/install/rplidar_ros/share/rplidar_ros/rviz/rplidar_ros.rviz
[0.404s] -- Up-to-date: /home/orangepi/Code/IR_vision/install/rplidar_ros/lib/rplidar_ros/rplidar_node
[0.404s] -- Up-to-date: /home/orangepi/Code/IR_vision/install/rplidar_ros/lib/rplidar_ros/rplidar_composition
[0.405s] -- Up-to-date: /home/orangepi/Code/IR_vision/install/rplidar_ros/lib/rplidar_ros/rplidar_client
[0.405s] -- Up-to-date: /home/orangepi/Code/IR_vision/install/rplidar_ros/share/ament_index/resource_index/package_run_dependencies/rplidar_ros
[0.405s] -- Up-to-date: /home/orangepi/Code/IR_vision/install/rplidar_ros/share/ament_index/resource_index/parent_prefix_path/rplidar_ros
[0.406s] -- Up-to-date: /home/orangepi/Code/IR_vision/install/rplidar_ros/share/rplidar_ros/environment/ament_prefix_path.sh
[0.406s] -- Up-to-date: /home/orangepi/Code/IR_vision/install/rplidar_ros/share/rplidar_ros/environment/ament_prefix_path.dsv
[0.407s] -- Up-to-date: /home/orangepi/Code/IR_vision/install/rplidar_ros/share/rplidar_ros/environment/path.sh
[0.407s] -- Up-to-date: /home/orangepi/Code/IR_vision/install/rplidar_ros/share/rplidar_ros/environment/path.dsv
[0.407s] -- Up-to-date: /home/orangepi/Code/IR_vision/install/rplidar_ros/share/rplidar_ros/local_setup.bash
[0.408s] -- Up-to-date: /home/orangepi/Code/IR_vision/install/rplidar_ros/share/rplidar_ros/local_setup.sh
[0.408s] -- Up-to-date: /home/orangepi/Code/IR_vision/install/rplidar_ros/share/rplidar_ros/local_setup.zsh
[0.408s] -- Up-to-date: /home/orangepi/Code/IR_vision/install/rplidar_ros/share/rplidar_ros/local_setup.dsv
[0.409s] -- Installing: /home/orangepi/Code/IR_vision/install/rplidar_ros/share/rplidar_ros/package.dsv
[0.409s] -- Up-to-date: /home/orangepi/Code/IR_vision/install/rplidar_ros/share/ament_index/resource_index/packages/rplidar_ros
[0.410s] -- Up-to-date: /home/orangepi/Code/IR_vision/install/rplidar_ros/share/rplidar_ros/cmake/ament_cmake_export_dependencies-extras.cmake
[0.410s] -- Up-to-date: /home/orangepi/Code/IR_vision/install/rplidar_ros/share/rplidar_ros/cmake/ament_cmake_export_include_directories-extras.cmake
[0.410s] -- Up-to-date: /home/orangepi/Code/IR_vision/install/rplidar_ros/share/rplidar_ros/cmake/rplidar_rosConfig.cmake
[0.411s] -- Up-to-date: /home/orangepi/Code/IR_vision/install/rplidar_ros/share/rplidar_ros/cmake/rplidar_rosConfig-version.cmake
[0.411s] -- Up-to-date: /home/orangepi/Code/IR_vision/install/rplidar_ros/share/rplidar_ros/package.xml
[0.412s] Invoked command in '/home/orangepi/Code/IR_vision/build/rplidar_ros' returned '0': CMAKE_PREFIX_PATH=/opt/ros/humble /usr/bin/cmake --install /home/orangepi/Code/IR_vision/build/rplidar_ros
