[0.139s] DEBUG:colcon:Command line arguments: ['/usr/bin/colcon', 'build']
[0.139s] DEBUG:colcon:Parsed command line arguments: Namespace(log_base=None, log_level=None, verb_name='build', build_base='build', install_base='install', merge_install=False, symlink_install=False, test_result_base=None, continue_on_error=False, executor='parallel', parallel_workers=8, event_handlers=None, ignore_user_meta=False, metas=['./colcon.meta'], base_paths=['.'], packages_ignore=None, packages_ignore_regex=None, paths=None, packages_up_to=None, packages_up_to_regex=None, packages_above=None, packages_above_and_dependencies=None, packages_above_depth=None, packages_select_by_dep=None, packages_skip_by_dep=None, packages_skip_up_to=None, packages_select_build_failed=False, packages_skip_build_finished=False, packages_select_test_failures=False, packages_skip_test_passed=False, packages_select=None, packages_skip=None, packages_select_regex=None, packages_skip_regex=None, packages_start=None, packages_end=None, cmake_args=None, cmake_target=None, cmake_target_skip_unavailable=False, cmake_clean_cache=False, cmake_clean_first=False, cmake_force_configure=False, ament_cmake_args=None, catkin_cmake_args=None, catkin_skip_building_tests=False, verb_parser=<colcon_defaults.argument_parser.defaults.DefaultArgumentsDecorator object at 0x7f85c980a0>, verb_extension=<colcon_core.verb.build.BuildVerb object at 0x7f85c63b80>, main=<bound method BuildVerb.main of <colcon_core.verb.build.BuildVerb object at 0x7f85c63b80>>)
[0.335s] Level 1:colcon.colcon_core.package_discovery:discover_packages(colcon_meta) check parameters
[0.335s] Level 1:colcon.colcon_core.package_discovery:discover_packages(recursive) check parameters
[0.335s] Level 1:colcon.colcon_core.package_discovery:discover_packages(ignore) check parameters
[0.335s] Level 1:colcon.colcon_core.package_discovery:discover_packages(path) check parameters
[0.335s] Level 1:colcon.colcon_core.package_discovery:discover_packages(colcon_meta) discover
[0.335s] Level 1:colcon.colcon_core.package_discovery:discover_packages(recursive) discover
[0.335s] INFO:colcon.colcon_core.package_discovery:Crawling recursively for packages in '/home/orangepi/Code/IR_vision'
[0.335s] Level 1:colcon.colcon_core.package_identification:_identify(.) by extensions ['ignore', 'ignore_ament_install']
[0.336s] Level 1:colcon.colcon_core.package_identification:_identify(.) by extension 'ignore'
[0.336s] Level 1:colcon.colcon_core.package_identification:_identify(.) by extension 'ignore_ament_install'
[0.336s] Level 1:colcon.colcon_core.package_identification:_identify(.) by extensions ['colcon_pkg']
[0.336s] Level 1:colcon.colcon_core.package_identification:_identify(.) by extension 'colcon_pkg'
[0.336s] Level 1:colcon.colcon_core.package_identification:_identify(.) by extensions ['colcon_meta']
[0.336s] Level 1:colcon.colcon_core.package_identification:_identify(.) by extension 'colcon_meta'
[0.336s] Level 1:colcon.colcon_core.package_identification:_identify(.) by extensions ['ros']
[0.336s] Level 1:colcon.colcon_core.package_identification:_identify(.) by extension 'ros'
[0.357s] Level 1:colcon.colcon_core.package_identification:_identify(.) by extensions ['cmake', 'python']
[0.357s] Level 1:colcon.colcon_core.package_identification:_identify(.) by extension 'cmake'
[0.357s] Level 1:colcon.colcon_core.package_identification:_identify(.) by extension 'python'
[0.357s] Level 1:colcon.colcon_core.package_identification:_identify(.) by extensions ['python_setup_py']
[0.357s] Level 1:colcon.colcon_core.package_identification:_identify(.) by extension 'python_setup_py'
[0.357s] Level 1:colcon.colcon_core.package_identification:_identify(Camera) by extensions ['ignore', 'ignore_ament_install']
[0.357s] Level 1:colcon.colcon_core.package_identification:_identify(Camera) by extension 'ignore'
[0.358s] Level 1:colcon.colcon_core.package_identification:_identify(Camera) by extension 'ignore_ament_install'
[0.358s] Level 1:colcon.colcon_core.package_identification:_identify(Camera) by extensions ['colcon_pkg']
[0.358s] Level 1:colcon.colcon_core.package_identification:_identify(Camera) by extension 'colcon_pkg'
[0.358s] Level 1:colcon.colcon_core.package_identification:_identify(Camera) by extensions ['colcon_meta']
[0.358s] Level 1:colcon.colcon_core.package_identification:_identify(Camera) by extension 'colcon_meta'
[0.358s] Level 1:colcon.colcon_core.package_identification:_identify(Camera) by extensions ['ros']
[0.358s] Level 1:colcon.colcon_core.package_identification:_identify(Camera) by extension 'ros'
[0.358s] Level 1:colcon.colcon_core.package_identification:_identify(Camera) by extensions ['cmake', 'python']
[0.358s] Level 1:colcon.colcon_core.package_identification:_identify(Camera) by extension 'cmake'
[0.358s] Level 1:colcon.colcon_core.package_identification:_identify(Camera) by extension 'python'
[0.358s] Level 1:colcon.colcon_core.package_identification:_identify(Camera) by extensions ['python_setup_py']
[0.358s] Level 1:colcon.colcon_core.package_identification:_identify(Camera) by extension 'python_setup_py'
[0.358s] Level 1:colcon.colcon_core.package_identification:_identify(Camera/Data) by extensions ['ignore', 'ignore_ament_install']
[0.359s] Level 1:colcon.colcon_core.package_identification:_identify(Camera/Data) by extension 'ignore'
[0.359s] Level 1:colcon.colcon_core.package_identification:_identify(Camera/Data) by extension 'ignore_ament_install'
[0.359s] Level 1:colcon.colcon_core.package_identification:_identify(Camera/Data) by extensions ['colcon_pkg']
[0.359s] Level 1:colcon.colcon_core.package_identification:_identify(Camera/Data) by extension 'colcon_pkg'
[0.359s] Level 1:colcon.colcon_core.package_identification:_identify(Camera/Data) by extensions ['colcon_meta']
[0.359s] Level 1:colcon.colcon_core.package_identification:_identify(Camera/Data) by extension 'colcon_meta'
[0.359s] Level 1:colcon.colcon_core.package_identification:_identify(Camera/Data) by extensions ['ros']
[0.359s] Level 1:colcon.colcon_core.package_identification:_identify(Camera/Data) by extension 'ros'
[0.359s] Level 1:colcon.colcon_core.package_identification:_identify(Camera/Data) by extensions ['cmake', 'python']
[0.359s] Level 1:colcon.colcon_core.package_identification:_identify(Camera/Data) by extension 'cmake'
[0.359s] Level 1:colcon.colcon_core.package_identification:_identify(Camera/Data) by extension 'python'
[0.359s] Level 1:colcon.colcon_core.package_identification:_identify(Camera/Data) by extensions ['python_setup_py']
[0.359s] Level 1:colcon.colcon_core.package_identification:_identify(Camera/Data) by extension 'python_setup_py'
[0.359s] Level 1:colcon.colcon_core.package_identification:_identify(Camera/log) by extensions ['ignore', 'ignore_ament_install']
[0.360s] Level 1:colcon.colcon_core.package_identification:_identify(Camera/log) by extension 'ignore'
[0.360s] Level 1:colcon.colcon_core.package_identification:_identify(Camera/log) by extension 'ignore_ament_install'
[0.360s] Level 1:colcon.colcon_core.package_identification:_identify(Camera/log) by extensions ['colcon_pkg']
[0.360s] Level 1:colcon.colcon_core.package_identification:_identify(Camera/log) by extension 'colcon_pkg'
[0.360s] Level 1:colcon.colcon_core.package_identification:_identify(Camera/log) by extensions ['colcon_meta']
[0.360s] Level 1:colcon.colcon_core.package_identification:_identify(Camera/log) by extension 'colcon_meta'
[0.360s] Level 1:colcon.colcon_core.package_identification:_identify(Camera/log) by extensions ['ros']
[0.360s] Level 1:colcon.colcon_core.package_identification:_identify(Camera/log) by extension 'ros'
[0.360s] Level 1:colcon.colcon_core.package_identification:_identify(Camera/log) by extensions ['cmake', 'python']
[0.360s] Level 1:colcon.colcon_core.package_identification:_identify(Camera/log) by extension 'cmake'
[0.360s] Level 1:colcon.colcon_core.package_identification:_identify(Camera/log) by extension 'python'
[0.360s] Level 1:colcon.colcon_core.package_identification:_identify(Camera/log) by extensions ['python_setup_py']
[0.360s] Level 1:colcon.colcon_core.package_identification:_identify(Camera/log) by extension 'python_setup_py'
[0.360s] Level 1:colcon.colcon_core.package_identification:_identify(build) by extensions ['ignore', 'ignore_ament_install']
[0.361s] Level 1:colcon.colcon_core.package_identification:_identify(build) by extension 'ignore'
[0.361s] Level 1:colcon.colcon_core.package_identification:_identify(build) ignored
[0.361s] Level 1:colcon.colcon_core.package_identification:_identify(install) by extensions ['ignore', 'ignore_ament_install']
[0.361s] Level 1:colcon.colcon_core.package_identification:_identify(install) by extension 'ignore'
[0.361s] Level 1:colcon.colcon_core.package_identification:_identify(install) ignored
[0.361s] Level 1:colcon.colcon_core.package_identification:_identify(log) by extensions ['ignore', 'ignore_ament_install']
[0.361s] Level 1:colcon.colcon_core.package_identification:_identify(log) by extension 'ignore'
[0.361s] Level 1:colcon.colcon_core.package_identification:_identify(log) ignored
[0.361s] Level 1:colcon.colcon_core.package_identification:_identify(src) by extensions ['ignore', 'ignore_ament_install']
[0.362s] Level 1:colcon.colcon_core.package_identification:_identify(src) by extension 'ignore'
[0.362s] Level 1:colcon.colcon_core.package_identification:_identify(src) by extension 'ignore_ament_install'
[0.362s] Level 1:colcon.colcon_core.package_identification:_identify(src) by extensions ['colcon_pkg']
[0.362s] Level 1:colcon.colcon_core.package_identification:_identify(src) by extension 'colcon_pkg'
[0.362s] Level 1:colcon.colcon_core.package_identification:_identify(src) by extensions ['colcon_meta']
[0.362s] Level 1:colcon.colcon_core.package_identification:_identify(src) by extension 'colcon_meta'
[0.362s] Level 1:colcon.colcon_core.package_identification:_identify(src) by extensions ['ros']
[0.362s] Level 1:colcon.colcon_core.package_identification:_identify(src) by extension 'ros'
[0.362s] Level 1:colcon.colcon_core.package_identification:_identify(src) by extensions ['cmake', 'python']
[0.362s] Level 1:colcon.colcon_core.package_identification:_identify(src) by extension 'cmake'
[0.362s] Level 1:colcon.colcon_core.package_identification:_identify(src) by extension 'python'
[0.362s] Level 1:colcon.colcon_core.package_identification:_identify(src) by extensions ['python_setup_py']
[0.362s] Level 1:colcon.colcon_core.package_identification:_identify(src) by extension 'python_setup_py'
[0.362s] Level 1:colcon.colcon_core.package_identification:_identify(src/car_control) by extensions ['ignore', 'ignore_ament_install']
[0.363s] Level 1:colcon.colcon_core.package_identification:_identify(src/car_control) by extension 'ignore'
[0.363s] Level 1:colcon.colcon_core.package_identification:_identify(src/car_control) by extension 'ignore_ament_install'
[0.363s] Level 1:colcon.colcon_core.package_identification:_identify(src/car_control) by extensions ['colcon_pkg']
[0.363s] Level 1:colcon.colcon_core.package_identification:_identify(src/car_control) by extension 'colcon_pkg'
[0.363s] Level 1:colcon.colcon_core.package_identification:_identify(src/car_control) by extensions ['colcon_meta']
[0.363s] Level 1:colcon.colcon_core.package_identification:_identify(src/car_control) by extension 'colcon_meta'
[0.363s] Level 1:colcon.colcon_core.package_identification:_identify(src/car_control) by extensions ['ros']
[0.363s] Level 1:colcon.colcon_core.package_identification:_identify(src/car_control) by extension 'ros'
[0.367s] DEBUG:colcon.colcon_core.package_identification:Package 'src/car_control' with type 'ros.ament_cmake' and name 'car_control'
[0.367s] Level 1:colcon.colcon_core.package_identification:_identify(src/driver) by extensions ['ignore', 'ignore_ament_install']
[0.367s] Level 1:colcon.colcon_core.package_identification:_identify(src/driver) by extension 'ignore'
[0.367s] Level 1:colcon.colcon_core.package_identification:_identify(src/driver) by extension 'ignore_ament_install'
[0.367s] Level 1:colcon.colcon_core.package_identification:_identify(src/driver) by extensions ['colcon_pkg']
[0.367s] Level 1:colcon.colcon_core.package_identification:_identify(src/driver) by extension 'colcon_pkg'
[0.367s] Level 1:colcon.colcon_core.package_identification:_identify(src/driver) by extensions ['colcon_meta']
[0.367s] Level 1:colcon.colcon_core.package_identification:_identify(src/driver) by extension 'colcon_meta'
[0.367s] Level 1:colcon.colcon_core.package_identification:_identify(src/driver) by extensions ['ros']
[0.367s] Level 1:colcon.colcon_core.package_identification:_identify(src/driver) by extension 'ros'
[0.368s] Level 1:colcon.colcon_core.package_identification:_identify(src/driver) by extensions ['cmake', 'python']
[0.368s] Level 1:colcon.colcon_core.package_identification:_identify(src/driver) by extension 'cmake'
[0.368s] Level 1:colcon.colcon_core.package_identification:_identify(src/driver) by extension 'python'
[0.368s] Level 1:colcon.colcon_core.package_identification:_identify(src/driver) by extensions ['python_setup_py']
[0.368s] Level 1:colcon.colcon_core.package_identification:_identify(src/driver) by extension 'python_setup_py'
[0.368s] Level 1:colcon.colcon_core.package_identification:_identify(src/driver/dji_Action4_camera) by extensions ['ignore', 'ignore_ament_install']
[0.368s] Level 1:colcon.colcon_core.package_identification:_identify(src/driver/dji_Action4_camera) by extension 'ignore'
[0.368s] Level 1:colcon.colcon_core.package_identification:_identify(src/driver/dji_Action4_camera) by extension 'ignore_ament_install'
[0.368s] Level 1:colcon.colcon_core.package_identification:_identify(src/driver/dji_Action4_camera) by extensions ['colcon_pkg']
[0.368s] Level 1:colcon.colcon_core.package_identification:_identify(src/driver/dji_Action4_camera) by extension 'colcon_pkg'
[0.368s] Level 1:colcon.colcon_core.package_identification:_identify(src/driver/dji_Action4_camera) by extensions ['colcon_meta']
[0.368s] Level 1:colcon.colcon_core.package_identification:_identify(src/driver/dji_Action4_camera) by extension 'colcon_meta'
[0.368s] Level 1:colcon.colcon_core.package_identification:_identify(src/driver/dji_Action4_camera) by extensions ['ros']
[0.368s] Level 1:colcon.colcon_core.package_identification:_identify(src/driver/dji_Action4_camera) by extension 'ros'
[0.369s] DEBUG:colcon.colcon_core.package_identification:Package 'src/driver/dji_Action4_camera' with type 'ros.ament_cmake' and name 'dji_action4_camera'
[0.370s] Level 1:colcon.colcon_core.package_identification:_identify(src/driver/mindvision_camera) by extensions ['ignore', 'ignore_ament_install']
[0.370s] Level 1:colcon.colcon_core.package_identification:_identify(src/driver/mindvision_camera) by extension 'ignore'
[0.370s] Level 1:colcon.colcon_core.package_identification:_identify(src/driver/mindvision_camera) by extension 'ignore_ament_install'
[0.370s] Level 1:colcon.colcon_core.package_identification:_identify(src/driver/mindvision_camera) by extensions ['colcon_pkg']
[0.370s] Level 1:colcon.colcon_core.package_identification:_identify(src/driver/mindvision_camera) by extension 'colcon_pkg'
[0.370s] Level 1:colcon.colcon_core.package_identification:_identify(src/driver/mindvision_camera) by extensions ['colcon_meta']
[0.370s] Level 1:colcon.colcon_core.package_identification:_identify(src/driver/mindvision_camera) by extension 'colcon_meta'
[0.370s] Level 1:colcon.colcon_core.package_identification:_identify(src/driver/mindvision_camera) by extensions ['ros']
[0.370s] Level 1:colcon.colcon_core.package_identification:_identify(src/driver/mindvision_camera) by extension 'ros'
[0.371s] DEBUG:colcon.colcon_core.package_identification:Package 'src/driver/mindvision_camera' with type 'ros.ament_cmake' and name 'mindvision_camera'
[0.372s] Level 1:colcon.colcon_core.package_identification:_identify(src/driver/rplidar_ros) by extensions ['ignore', 'ignore_ament_install']
[0.372s] Level 1:colcon.colcon_core.package_identification:_identify(src/driver/rplidar_ros) by extension 'ignore'
[0.372s] Level 1:colcon.colcon_core.package_identification:_identify(src/driver/rplidar_ros) by extension 'ignore_ament_install'
[0.372s] Level 1:colcon.colcon_core.package_identification:_identify(src/driver/rplidar_ros) by extensions ['colcon_pkg']
[0.372s] Level 1:colcon.colcon_core.package_identification:_identify(src/driver/rplidar_ros) by extension 'colcon_pkg'
[0.372s] Level 1:colcon.colcon_core.package_identification:_identify(src/driver/rplidar_ros) by extensions ['colcon_meta']
[0.372s] Level 1:colcon.colcon_core.package_identification:_identify(src/driver/rplidar_ros) by extension 'colcon_meta'
[0.372s] Level 1:colcon.colcon_core.package_identification:_identify(src/driver/rplidar_ros) by extensions ['ros']
[0.372s] Level 1:colcon.colcon_core.package_identification:_identify(src/driver/rplidar_ros) by extension 'ros'
[0.373s] DEBUG:colcon.colcon_core.package_identification:Package 'src/driver/rplidar_ros' with type 'ros.ament_cmake' and name 'rplidar_ros'
[0.373s] Level 1:colcon.colcon_core.package_identification:_identify(src/driver/usb_camera) by extensions ['ignore', 'ignore_ament_install']
[0.373s] Level 1:colcon.colcon_core.package_identification:_identify(src/driver/usb_camera) by extension 'ignore'
[0.373s] Level 1:colcon.colcon_core.package_identification:_identify(src/driver/usb_camera) by extension 'ignore_ament_install'
[0.373s] Level 1:colcon.colcon_core.package_identification:_identify(src/driver/usb_camera) by extensions ['colcon_pkg']
[0.373s] Level 1:colcon.colcon_core.package_identification:_identify(src/driver/usb_camera) by extension 'colcon_pkg'
[0.373s] Level 1:colcon.colcon_core.package_identification:_identify(src/driver/usb_camera) by extensions ['colcon_meta']
[0.373s] Level 1:colcon.colcon_core.package_identification:_identify(src/driver/usb_camera) by extension 'colcon_meta'
[0.374s] Level 1:colcon.colcon_core.package_identification:_identify(src/driver/usb_camera) by extensions ['ros']
[0.374s] Level 1:colcon.colcon_core.package_identification:_identify(src/driver/usb_camera) by extension 'ros'
[0.374s] DEBUG:colcon.colcon_core.package_identification:Package 'src/driver/usb_camera' with type 'ros.ament_cmake' and name 'usb_camera'
[0.374s] Level 1:colcon.colcon_core.package_discovery:discover_packages(recursive) using defaults
[0.375s] Level 1:colcon.colcon_core.package_discovery:discover_packages(ignore) discover
[0.375s] Level 1:colcon.colcon_core.package_discovery:discover_packages(ignore) using defaults
[0.375s] Level 1:colcon.colcon_core.package_discovery:discover_packages(path) discover
[0.375s] Level 1:colcon.colcon_core.package_discovery:discover_packages(path) using defaults
[0.402s] Level 5:colcon.colcon_core.verb:set package 'car_control' build argument 'cmake_args' from command line to 'None'
[0.402s] Level 5:colcon.colcon_core.verb:set package 'car_control' build argument 'cmake_target' from command line to 'None'
[0.402s] Level 5:colcon.colcon_core.verb:set package 'car_control' build argument 'cmake_target_skip_unavailable' from command line to 'False'
[0.402s] Level 5:colcon.colcon_core.verb:set package 'car_control' build argument 'cmake_clean_cache' from command line to 'False'
[0.402s] Level 5:colcon.colcon_core.verb:set package 'car_control' build argument 'cmake_clean_first' from command line to 'False'
[0.402s] Level 5:colcon.colcon_core.verb:set package 'car_control' build argument 'cmake_force_configure' from command line to 'False'
[0.402s] Level 5:colcon.colcon_core.verb:set package 'car_control' build argument 'ament_cmake_args' from command line to 'None'
[0.402s] Level 5:colcon.colcon_core.verb:set package 'car_control' build argument 'catkin_cmake_args' from command line to 'None'
[0.402s] Level 5:colcon.colcon_core.verb:set package 'car_control' build argument 'catkin_skip_building_tests' from command line to 'False'
[0.402s] DEBUG:colcon.colcon_core.verb:Building package 'car_control' with the following arguments: {'ament_cmake_args': None, 'build_base': '/home/orangepi/Code/IR_vision/build/car_control', 'catkin_cmake_args': None, 'catkin_skip_building_tests': False, 'cmake_args': None, 'cmake_clean_cache': False, 'cmake_clean_first': False, 'cmake_force_configure': False, 'cmake_target': None, 'cmake_target_skip_unavailable': False, 'install_base': '/home/orangepi/Code/IR_vision/install/car_control', 'merge_install': False, 'path': '/home/orangepi/Code/IR_vision/src/car_control', 'symlink_install': False, 'test_result_base': None}
[0.403s] Level 5:colcon.colcon_core.verb:set package 'dji_action4_camera' build argument 'cmake_args' from command line to 'None'
[0.403s] Level 5:colcon.colcon_core.verb:set package 'dji_action4_camera' build argument 'cmake_target' from command line to 'None'
[0.403s] Level 5:colcon.colcon_core.verb:set package 'dji_action4_camera' build argument 'cmake_target_skip_unavailable' from command line to 'False'
[0.403s] Level 5:colcon.colcon_core.verb:set package 'dji_action4_camera' build argument 'cmake_clean_cache' from command line to 'False'
[0.403s] Level 5:colcon.colcon_core.verb:set package 'dji_action4_camera' build argument 'cmake_clean_first' from command line to 'False'
[0.403s] Level 5:colcon.colcon_core.verb:set package 'dji_action4_camera' build argument 'cmake_force_configure' from command line to 'False'
[0.403s] Level 5:colcon.colcon_core.verb:set package 'dji_action4_camera' build argument 'ament_cmake_args' from command line to 'None'
[0.403s] Level 5:colcon.colcon_core.verb:set package 'dji_action4_camera' build argument 'catkin_cmake_args' from command line to 'None'
[0.403s] Level 5:colcon.colcon_core.verb:set package 'dji_action4_camera' build argument 'catkin_skip_building_tests' from command line to 'False'
[0.403s] DEBUG:colcon.colcon_core.verb:Building package 'dji_action4_camera' with the following arguments: {'ament_cmake_args': None, 'build_base': '/home/orangepi/Code/IR_vision/build/dji_action4_camera', 'catkin_cmake_args': None, 'catkin_skip_building_tests': False, 'cmake_args': None, 'cmake_clean_cache': False, 'cmake_clean_first': False, 'cmake_force_configure': False, 'cmake_target': None, 'cmake_target_skip_unavailable': False, 'install_base': '/home/orangepi/Code/IR_vision/install/dji_action4_camera', 'merge_install': False, 'path': '/home/orangepi/Code/IR_vision/src/driver/dji_Action4_camera', 'symlink_install': False, 'test_result_base': None}
[0.403s] Level 5:colcon.colcon_core.verb:set package 'mindvision_camera' build argument 'cmake_args' from command line to 'None'
[0.403s] Level 5:colcon.colcon_core.verb:set package 'mindvision_camera' build argument 'cmake_target' from command line to 'None'
[0.404s] Level 5:colcon.colcon_core.verb:set package 'mindvision_camera' build argument 'cmake_target_skip_unavailable' from command line to 'False'
[0.404s] Level 5:colcon.colcon_core.verb:set package 'mindvision_camera' build argument 'cmake_clean_cache' from command line to 'False'
[0.404s] Level 5:colcon.colcon_core.verb:set package 'mindvision_camera' build argument 'cmake_clean_first' from command line to 'False'
[0.404s] Level 5:colcon.colcon_core.verb:set package 'mindvision_camera' build argument 'cmake_force_configure' from command line to 'False'
[0.404s] Level 5:colcon.colcon_core.verb:set package 'mindvision_camera' build argument 'ament_cmake_args' from command line to 'None'
[0.404s] Level 5:colcon.colcon_core.verb:set package 'mindvision_camera' build argument 'catkin_cmake_args' from command line to 'None'
[0.404s] Level 5:colcon.colcon_core.verb:set package 'mindvision_camera' build argument 'catkin_skip_building_tests' from command line to 'False'
[0.404s] DEBUG:colcon.colcon_core.verb:Building package 'mindvision_camera' with the following arguments: {'ament_cmake_args': None, 'build_base': '/home/orangepi/Code/IR_vision/build/mindvision_camera', 'catkin_cmake_args': None, 'catkin_skip_building_tests': False, 'cmake_args': None, 'cmake_clean_cache': False, 'cmake_clean_first': False, 'cmake_force_configure': False, 'cmake_target': None, 'cmake_target_skip_unavailable': False, 'install_base': '/home/orangepi/Code/IR_vision/install/mindvision_camera', 'merge_install': False, 'path': '/home/orangepi/Code/IR_vision/src/driver/mindvision_camera', 'symlink_install': False, 'test_result_base': None}
[0.404s] Level 5:colcon.colcon_core.verb:set package 'rplidar_ros' build argument 'cmake_args' from command line to 'None'
[0.404s] Level 5:colcon.colcon_core.verb:set package 'rplidar_ros' build argument 'cmake_target' from command line to 'None'
[0.404s] Level 5:colcon.colcon_core.verb:set package 'rplidar_ros' build argument 'cmake_target_skip_unavailable' from command line to 'False'
[0.404s] Level 5:colcon.colcon_core.verb:set package 'rplidar_ros' build argument 'cmake_clean_cache' from command line to 'False'
[0.404s] Level 5:colcon.colcon_core.verb:set package 'rplidar_ros' build argument 'cmake_clean_first' from command line to 'False'
[0.404s] Level 5:colcon.colcon_core.verb:set package 'rplidar_ros' build argument 'cmake_force_configure' from command line to 'False'
[0.404s] Level 5:colcon.colcon_core.verb:set package 'rplidar_ros' build argument 'ament_cmake_args' from command line to 'None'
[0.404s] Level 5:colcon.colcon_core.verb:set package 'rplidar_ros' build argument 'catkin_cmake_args' from command line to 'None'
[0.404s] Level 5:colcon.colcon_core.verb:set package 'rplidar_ros' build argument 'catkin_skip_building_tests' from command line to 'False'
[0.404s] DEBUG:colcon.colcon_core.verb:Building package 'rplidar_ros' with the following arguments: {'ament_cmake_args': None, 'build_base': '/home/orangepi/Code/IR_vision/build/rplidar_ros', 'catkin_cmake_args': None, 'catkin_skip_building_tests': False, 'cmake_args': None, 'cmake_clean_cache': False, 'cmake_clean_first': False, 'cmake_force_configure': False, 'cmake_target': None, 'cmake_target_skip_unavailable': False, 'install_base': '/home/orangepi/Code/IR_vision/install/rplidar_ros', 'merge_install': False, 'path': '/home/orangepi/Code/IR_vision/src/driver/rplidar_ros', 'symlink_install': False, 'test_result_base': None}
[0.405s] Level 5:colcon.colcon_core.verb:set package 'usb_camera' build argument 'cmake_args' from command line to 'None'
[0.405s] Level 5:colcon.colcon_core.verb:set package 'usb_camera' build argument 'cmake_target' from command line to 'None'
[0.405s] Level 5:colcon.colcon_core.verb:set package 'usb_camera' build argument 'cmake_target_skip_unavailable' from command line to 'False'
[0.405s] Level 5:colcon.colcon_core.verb:set package 'usb_camera' build argument 'cmake_clean_cache' from command line to 'False'
[0.405s] Level 5:colcon.colcon_core.verb:set package 'usb_camera' build argument 'cmake_clean_first' from command line to 'False'
[0.405s] Level 5:colcon.colcon_core.verb:set package 'usb_camera' build argument 'cmake_force_configure' from command line to 'False'
[0.405s] Level 5:colcon.colcon_core.verb:set package 'usb_camera' build argument 'ament_cmake_args' from command line to 'None'
[0.405s] Level 5:colcon.colcon_core.verb:set package 'usb_camera' build argument 'catkin_cmake_args' from command line to 'None'
[0.405s] Level 5:colcon.colcon_core.verb:set package 'usb_camera' build argument 'catkin_skip_building_tests' from command line to 'False'
[0.405s] DEBUG:colcon.colcon_core.verb:Building package 'usb_camera' with the following arguments: {'ament_cmake_args': None, 'build_base': '/home/orangepi/Code/IR_vision/build/usb_camera', 'catkin_cmake_args': None, 'catkin_skip_building_tests': False, 'cmake_args': None, 'cmake_clean_cache': False, 'cmake_clean_first': False, 'cmake_force_configure': False, 'cmake_target': None, 'cmake_target_skip_unavailable': False, 'install_base': '/home/orangepi/Code/IR_vision/install/usb_camera', 'merge_install': False, 'path': '/home/orangepi/Code/IR_vision/src/driver/usb_camera', 'symlink_install': False, 'test_result_base': None}
[0.405s] INFO:colcon.colcon_core.executor:Executing jobs using 'parallel' executor
[0.407s] DEBUG:colcon.colcon_parallel_executor.executor.parallel:run_until_complete
[0.407s] INFO:colcon.colcon_ros.task.ament_cmake.build:Building ROS package in '/home/orangepi/Code/IR_vision/src/car_control' with build type 'ament_cmake'
[0.408s] INFO:colcon.colcon_cmake.task.cmake.build:Building CMake package in '/home/orangepi/Code/IR_vision/src/car_control'
[0.412s] INFO:colcon.colcon_core.plugin_system:Skipping extension 'colcon_core.shell.bat': Not used on non-Windows systems
[0.412s] INFO:colcon.colcon_core.shell:Skip shell extension 'powershell' for command environment: Not usable outside of PowerShell
[0.412s] DEBUG:colcon.colcon_core.shell:Skip shell extension 'dsv' for command environment
[0.419s] INFO:colcon.colcon_ros.task.ament_cmake.build:Building ROS package in '/home/orangepi/Code/IR_vision/src/driver/dji_Action4_camera' with build type 'ament_cmake'
[0.420s] INFO:colcon.colcon_cmake.task.cmake.build:Building CMake package in '/home/orangepi/Code/IR_vision/src/driver/dji_Action4_camera'
[0.420s] INFO:colcon.colcon_core.shell:Skip shell extension 'powershell' for command environment: Not usable outside of PowerShell
[0.420s] DEBUG:colcon.colcon_core.shell:Skip shell extension 'dsv' for command environment
[0.426s] INFO:colcon.colcon_ros.task.ament_cmake.build:Building ROS package in '/home/orangepi/Code/IR_vision/src/driver/mindvision_camera' with build type 'ament_cmake'
[0.426s] INFO:colcon.colcon_cmake.task.cmake.build:Building CMake package in '/home/orangepi/Code/IR_vision/src/driver/mindvision_camera'
[0.427s] INFO:colcon.colcon_core.shell:Skip shell extension 'powershell' for command environment: Not usable outside of PowerShell
[0.427s] DEBUG:colcon.colcon_core.shell:Skip shell extension 'dsv' for command environment
[0.432s] INFO:colcon.colcon_ros.task.ament_cmake.build:Building ROS package in '/home/orangepi/Code/IR_vision/src/driver/rplidar_ros' with build type 'ament_cmake'
[0.432s] INFO:colcon.colcon_cmake.task.cmake.build:Building CMake package in '/home/orangepi/Code/IR_vision/src/driver/rplidar_ros'
[0.433s] INFO:colcon.colcon_core.shell:Skip shell extension 'powershell' for command environment: Not usable outside of PowerShell
[0.433s] DEBUG:colcon.colcon_core.shell:Skip shell extension 'dsv' for command environment
[0.439s] INFO:colcon.colcon_ros.task.ament_cmake.build:Building ROS package in '/home/orangepi/Code/IR_vision/src/driver/usb_camera' with build type 'ament_cmake'
[0.439s] INFO:colcon.colcon_cmake.task.cmake.build:Building CMake package in '/home/orangepi/Code/IR_vision/src/driver/usb_camera'
[0.439s] INFO:colcon.colcon_core.shell:Skip shell extension 'powershell' for command environment: Not usable outside of PowerShell
[0.440s] DEBUG:colcon.colcon_core.shell:Skip shell extension 'dsv' for command environment
[0.452s] DEBUG:colcon.colcon_core.event_handler.log_command:Invoking command in '/home/orangepi/Code/IR_vision/build/car_control': CMAKE_PREFIX_PATH=${CMAKE_PREFIX_PATH}:/opt/ros/humble /usr/bin/cmake --build /home/orangepi/Code/IR_vision/build/car_control -- -j8 -l8
[0.458s] DEBUG:colcon.colcon_core.event_handler.log_command:Invoking command in '/home/orangepi/Code/IR_vision/build/dji_action4_camera': CMAKE_PREFIX_PATH=${CMAKE_PREFIX_PATH}:/opt/ros/humble /usr/bin/cmake --build /home/orangepi/Code/IR_vision/build/dji_action4_camera -- -j8 -l8
[0.464s] DEBUG:colcon.colcon_core.event_handler.log_command:Invoking command in '/home/orangepi/Code/IR_vision/build/mindvision_camera': CMAKE_PREFIX_PATH=${CMAKE_PREFIX_PATH}:/opt/ros/humble /usr/bin/cmake --build /home/orangepi/Code/IR_vision/build/mindvision_camera -- -j8 -l8
[0.474s] DEBUG:colcon.colcon_core.event_handler.log_command:Invoking command in '/home/orangepi/Code/IR_vision/build/rplidar_ros': CMAKE_PREFIX_PATH=${CMAKE_PREFIX_PATH}:/opt/ros/humble /usr/bin/cmake --build /home/orangepi/Code/IR_vision/build/rplidar_ros -- -j8 -l8
[0.484s] DEBUG:colcon.colcon_core.event_handler.log_command:Invoking command in '/home/orangepi/Code/IR_vision/build/usb_camera': CMAKE_PREFIX_PATH=${CMAKE_PREFIX_PATH}:/opt/ros/humble /usr/bin/cmake --build /home/orangepi/Code/IR_vision/build/usb_camera -- -j8 -l8
[0.617s] DEBUG:colcon.colcon_core.event_handler.log_command:Invoked command in '/home/orangepi/Code/IR_vision/build/mindvision_camera' returned '0': CMAKE_PREFIX_PATH=${CMAKE_PREFIX_PATH}:/opt/ros/humble /usr/bin/cmake --build /home/orangepi/Code/IR_vision/build/mindvision_camera -- -j8 -l8
[0.644s] DEBUG:colcon.colcon_core.event_handler.log_command:Invoking command in '/home/orangepi/Code/IR_vision/build/mindvision_camera': CMAKE_PREFIX_PATH=${CMAKE_PREFIX_PATH}:/opt/ros/humble /usr/bin/cmake --install /home/orangepi/Code/IR_vision/build/mindvision_camera
[0.649s] DEBUG:colcon.colcon_core.event_handler.log_command:Invoked command in '/home/orangepi/Code/IR_vision/build/usb_camera' returned '0': CMAKE_PREFIX_PATH=${CMAKE_PREFIX_PATH}:/opt/ros/humble /usr/bin/cmake --build /home/orangepi/Code/IR_vision/build/usb_camera -- -j8 -l8
[0.653s] DEBUG:colcon.colcon_core.event_handler.log_command:Invoking command in '/home/orangepi/Code/IR_vision/build/usb_camera': CMAKE_PREFIX_PATH=${CMAKE_PREFIX_PATH}:/opt/ros/humble /usr/bin/cmake --install /home/orangepi/Code/IR_vision/build/usb_camera
[0.654s] DEBUG:colcon.colcon_core.event_handler.log_command:Invoked command in '/home/orangepi/Code/IR_vision/build/dji_action4_camera' returned '0': CMAKE_PREFIX_PATH=${CMAKE_PREFIX_PATH}:/opt/ros/humble /usr/bin/cmake --build /home/orangepi/Code/IR_vision/build/dji_action4_camera -- -j8 -l8
[0.659s] DEBUG:colcon.colcon_core.event_handler.log_command:Invoking command in '/home/orangepi/Code/IR_vision/build/dji_action4_camera': CMAKE_PREFIX_PATH=${CMAKE_PREFIX_PATH}:/opt/ros/humble /usr/bin/cmake --install /home/orangepi/Code/IR_vision/build/dji_action4_camera
[0.689s] Level 1:colcon.colcon_core.environment:create_environment_scripts_only(usb_camera)
[0.695s] Level 1:colcon.colcon_core.environment:checking '/home/orangepi/Code/IR_vision/install/usb_camera' for CMake module files
[0.697s] Level 1:colcon.colcon_core.environment:checking '/home/orangepi/Code/IR_vision/install/usb_camera' for CMake config files
[0.698s] Level 1:colcon.colcon_core.shell:create_environment_hook('usb_camera', 'cmake_prefix_path')
[0.699s] INFO:colcon.colcon_core.shell:Creating environment hook '/home/orangepi/Code/IR_vision/install/usb_camera/share/usb_camera/hook/cmake_prefix_path.ps1'
[0.700s] INFO:colcon.colcon_core.shell:Creating environment descriptor '/home/orangepi/Code/IR_vision/install/usb_camera/share/usb_camera/hook/cmake_prefix_path.dsv'
[0.701s] INFO:colcon.colcon_core.shell:Creating environment hook '/home/orangepi/Code/IR_vision/install/usb_camera/share/usb_camera/hook/cmake_prefix_path.sh'
[0.704s] Level 1:colcon.colcon_core.environment:checking '/home/orangepi/Code/IR_vision/install/usb_camera/lib'
[0.705s] Level 1:colcon.colcon_core.environment:checking '/home/orangepi/Code/IR_vision/install/usb_camera/bin'
[0.705s] Level 1:colcon.colcon_core.environment:checking '/home/orangepi/Code/IR_vision/install/usb_camera/lib/pkgconfig/usb_camera.pc'
[0.707s] Level 1:colcon.colcon_core.environment:checking '/home/orangepi/Code/IR_vision/install/usb_camera/lib/python3.10/site-packages'
[0.708s] Level 1:colcon.colcon_core.environment:checking '/home/orangepi/Code/IR_vision/install/usb_camera/bin'
[0.708s] INFO:colcon.colcon_core.shell:Creating package script '/home/orangepi/Code/IR_vision/install/usb_camera/share/usb_camera/package.ps1'
[0.710s] INFO:colcon.colcon_core.shell:Creating package descriptor '/home/orangepi/Code/IR_vision/install/usb_camera/share/usb_camera/package.dsv'
[0.712s] INFO:colcon.colcon_core.shell:Creating package script '/home/orangepi/Code/IR_vision/install/usb_camera/share/usb_camera/package.sh'
[0.713s] INFO:colcon.colcon_core.shell:Creating package script '/home/orangepi/Code/IR_vision/install/usb_camera/share/usb_camera/package.bash'
[0.715s] INFO:colcon.colcon_core.shell:Creating package script '/home/orangepi/Code/IR_vision/install/usb_camera/share/usb_camera/package.zsh'
[0.716s] Level 1:colcon.colcon_core.environment:create_file_with_runtime_dependencies(/home/orangepi/Code/IR_vision/install/usb_camera/share/colcon-core/packages/usb_camera)
[0.718s] Level 1:colcon.colcon_core.environment:create_environment_scripts_only(usb_camera)
[0.719s] Level 1:colcon.colcon_core.environment:checking '/home/orangepi/Code/IR_vision/install/usb_camera' for CMake module files
[0.721s] Level 1:colcon.colcon_core.environment:checking '/home/orangepi/Code/IR_vision/install/usb_camera' for CMake config files
[0.721s] Level 1:colcon.colcon_core.shell:create_environment_hook('usb_camera', 'cmake_prefix_path')
[0.721s] INFO:colcon.colcon_core.shell:Creating environment hook '/home/orangepi/Code/IR_vision/install/usb_camera/share/usb_camera/hook/cmake_prefix_path.ps1'
[0.723s] INFO:colcon.colcon_core.shell:Creating environment descriptor '/home/orangepi/Code/IR_vision/install/usb_camera/share/usb_camera/hook/cmake_prefix_path.dsv'
[0.724s] INFO:colcon.colcon_core.shell:Creating environment hook '/home/orangepi/Code/IR_vision/install/usb_camera/share/usb_camera/hook/cmake_prefix_path.sh'
[0.725s] Level 1:colcon.colcon_core.environment:checking '/home/orangepi/Code/IR_vision/install/usb_camera/lib'
[0.725s] Level 1:colcon.colcon_core.environment:checking '/home/orangepi/Code/IR_vision/install/usb_camera/bin'
[0.726s] Level 1:colcon.colcon_core.environment:checking '/home/orangepi/Code/IR_vision/install/usb_camera/lib/pkgconfig/usb_camera.pc'
[0.726s] Level 1:colcon.colcon_core.environment:checking '/home/orangepi/Code/IR_vision/install/usb_camera/lib/python3.10/site-packages'
[0.727s] Level 1:colcon.colcon_core.environment:checking '/home/orangepi/Code/IR_vision/install/usb_camera/bin'
[0.727s] INFO:colcon.colcon_core.shell:Creating package script '/home/orangepi/Code/IR_vision/install/usb_camera/share/usb_camera/package.ps1'
[0.729s] INFO:colcon.colcon_core.shell:Creating package descriptor '/home/orangepi/Code/IR_vision/install/usb_camera/share/usb_camera/package.dsv'
[0.731s] INFO:colcon.colcon_core.shell:Creating package script '/home/orangepi/Code/IR_vision/install/usb_camera/share/usb_camera/package.sh'
[0.732s] INFO:colcon.colcon_core.shell:Creating package script '/home/orangepi/Code/IR_vision/install/usb_camera/share/usb_camera/package.bash'
[0.733s] INFO:colcon.colcon_core.shell:Creating package script '/home/orangepi/Code/IR_vision/install/usb_camera/share/usb_camera/package.zsh'
[0.734s] Level 1:colcon.colcon_core.environment:create_file_with_runtime_dependencies(/home/orangepi/Code/IR_vision/install/usb_camera/share/colcon-core/packages/usb_camera)
[0.735s] Level 1:colcon.colcon_core.environment:create_environment_scripts_only(mindvision_camera)
[0.736s] Level 1:colcon.colcon_core.environment:checking '/home/orangepi/Code/IR_vision/install/mindvision_camera' for CMake module files
[0.737s] Level 1:colcon.colcon_core.environment:checking '/home/orangepi/Code/IR_vision/install/mindvision_camera' for CMake config files
[0.738s] Level 1:colcon.colcon_core.shell:create_environment_hook('mindvision_camera', 'cmake_prefix_path')
[0.739s] INFO:colcon.colcon_core.shell:Creating environment hook '/home/orangepi/Code/IR_vision/install/mindvision_camera/share/mindvision_camera/hook/cmake_prefix_path.ps1'
[0.740s] INFO:colcon.colcon_core.shell:Creating environment descriptor '/home/orangepi/Code/IR_vision/install/mindvision_camera/share/mindvision_camera/hook/cmake_prefix_path.dsv'
[0.741s] DEBUG:colcon.colcon_core.event_handler.log_command:Invoked command in '/home/orangepi/Code/IR_vision/build/usb_camera' returned '0': CMAKE_PREFIX_PATH=${CMAKE_PREFIX_PATH}:/opt/ros/humble /usr/bin/cmake --install /home/orangepi/Code/IR_vision/build/usb_camera
[0.742s] INFO:colcon.colcon_core.shell:Creating environment hook '/home/orangepi/Code/IR_vision/install/mindvision_camera/share/mindvision_camera/hook/cmake_prefix_path.sh'
[0.743s] Level 1:colcon.colcon_core.environment:checking '/home/orangepi/Code/IR_vision/install/mindvision_camera/lib'
[0.743s] Level 1:colcon.colcon_core.shell:create_environment_hook('mindvision_camera', 'ld_library_path_lib')
[0.744s] INFO:colcon.colcon_core.shell:Creating environment hook '/home/orangepi/Code/IR_vision/install/mindvision_camera/share/mindvision_camera/hook/ld_library_path_lib.ps1'
[0.745s] DEBUG:colcon.colcon_core.event_handler.log_command:Invoked command in '/home/orangepi/Code/IR_vision/build/mindvision_camera' returned '0': CMAKE_PREFIX_PATH=${CMAKE_PREFIX_PATH}:/opt/ros/humble /usr/bin/cmake --install /home/orangepi/Code/IR_vision/build/mindvision_camera
[0.746s] INFO:colcon.colcon_core.shell:Creating environment descriptor '/home/orangepi/Code/IR_vision/install/mindvision_camera/share/mindvision_camera/hook/ld_library_path_lib.dsv'
[0.746s] INFO:colcon.colcon_core.shell:Creating environment hook '/home/orangepi/Code/IR_vision/install/mindvision_camera/share/mindvision_camera/hook/ld_library_path_lib.sh'
[0.747s] Level 1:colcon.colcon_core.environment:checking '/home/orangepi/Code/IR_vision/install/mindvision_camera/bin'
[0.747s] Level 1:colcon.colcon_core.environment:checking '/home/orangepi/Code/IR_vision/install/mindvision_camera/lib/pkgconfig/mindvision_camera.pc'
[0.748s] Level 1:colcon.colcon_core.environment:checking '/home/orangepi/Code/IR_vision/install/mindvision_camera/lib/python3.10/site-packages'
[0.748s] Level 1:colcon.colcon_core.environment:checking '/home/orangepi/Code/IR_vision/install/mindvision_camera/bin'
[0.749s] INFO:colcon.colcon_core.shell:Creating package script '/home/orangepi/Code/IR_vision/install/mindvision_camera/share/mindvision_camera/package.ps1'
[0.750s] INFO:colcon.colcon_core.shell:Creating package descriptor '/home/orangepi/Code/IR_vision/install/mindvision_camera/share/mindvision_camera/package.dsv'
[0.750s] INFO:colcon.colcon_core.shell:Creating package script '/home/orangepi/Code/IR_vision/install/mindvision_camera/share/mindvision_camera/package.sh'
[0.751s] INFO:colcon.colcon_core.shell:Creating package script '/home/orangepi/Code/IR_vision/install/mindvision_camera/share/mindvision_camera/package.bash'
[0.752s] INFO:colcon.colcon_core.shell:Creating package script '/home/orangepi/Code/IR_vision/install/mindvision_camera/share/mindvision_camera/package.zsh'
[0.753s] Level 1:colcon.colcon_core.environment:create_file_with_runtime_dependencies(/home/orangepi/Code/IR_vision/install/mindvision_camera/share/colcon-core/packages/mindvision_camera)
[0.755s] Level 1:colcon.colcon_core.environment:create_environment_scripts_only(mindvision_camera)
[0.755s] Level 1:colcon.colcon_core.environment:checking '/home/orangepi/Code/IR_vision/install/mindvision_camera' for CMake module files
[0.755s] Level 1:colcon.colcon_core.environment:checking '/home/orangepi/Code/IR_vision/install/mindvision_camera' for CMake config files
[0.756s] Level 1:colcon.colcon_core.shell:create_environment_hook('mindvision_camera', 'cmake_prefix_path')
[0.756s] INFO:colcon.colcon_core.shell:Creating environment hook '/home/orangepi/Code/IR_vision/install/mindvision_camera/share/mindvision_camera/hook/cmake_prefix_path.ps1'
[0.756s] INFO:colcon.colcon_core.shell:Creating environment descriptor '/home/orangepi/Code/IR_vision/install/mindvision_camera/share/mindvision_camera/hook/cmake_prefix_path.dsv'
[0.757s] INFO:colcon.colcon_core.shell:Creating environment hook '/home/orangepi/Code/IR_vision/install/mindvision_camera/share/mindvision_camera/hook/cmake_prefix_path.sh'
[0.758s] Level 1:colcon.colcon_core.environment:checking '/home/orangepi/Code/IR_vision/install/mindvision_camera/lib'
[0.758s] Level 1:colcon.colcon_core.shell:create_environment_hook('mindvision_camera', 'ld_library_path_lib')
[0.759s] INFO:colcon.colcon_core.shell:Creating environment hook '/home/orangepi/Code/IR_vision/install/mindvision_camera/share/mindvision_camera/hook/ld_library_path_lib.ps1'
[0.759s] INFO:colcon.colcon_core.shell:Creating environment descriptor '/home/orangepi/Code/IR_vision/install/mindvision_camera/share/mindvision_camera/hook/ld_library_path_lib.dsv'
[0.760s] INFO:colcon.colcon_core.shell:Creating environment hook '/home/orangepi/Code/IR_vision/install/mindvision_camera/share/mindvision_camera/hook/ld_library_path_lib.sh'
[0.761s] Level 1:colcon.colcon_core.environment:checking '/home/orangepi/Code/IR_vision/install/mindvision_camera/bin'
[0.761s] Level 1:colcon.colcon_core.environment:checking '/home/orangepi/Code/IR_vision/install/mindvision_camera/lib/pkgconfig/mindvision_camera.pc'
[0.761s] Level 1:colcon.colcon_core.environment:checking '/home/orangepi/Code/IR_vision/install/mindvision_camera/lib/python3.10/site-packages'
[0.762s] Level 1:colcon.colcon_core.environment:checking '/home/orangepi/Code/IR_vision/install/mindvision_camera/bin'
[0.762s] INFO:colcon.colcon_core.shell:Creating package script '/home/orangepi/Code/IR_vision/install/mindvision_camera/share/mindvision_camera/package.ps1'
[0.763s] INFO:colcon.colcon_core.shell:Creating package descriptor '/home/orangepi/Code/IR_vision/install/mindvision_camera/share/mindvision_camera/package.dsv'
[0.764s] INFO:colcon.colcon_core.shell:Creating package script '/home/orangepi/Code/IR_vision/install/mindvision_camera/share/mindvision_camera/package.sh'
[0.765s] INFO:colcon.colcon_core.shell:Creating package script '/home/orangepi/Code/IR_vision/install/mindvision_camera/share/mindvision_camera/package.bash'
[0.766s] INFO:colcon.colcon_core.shell:Creating package script '/home/orangepi/Code/IR_vision/install/mindvision_camera/share/mindvision_camera/package.zsh'
[0.767s] Level 1:colcon.colcon_core.environment:create_file_with_runtime_dependencies(/home/orangepi/Code/IR_vision/install/mindvision_camera/share/colcon-core/packages/mindvision_camera)
[0.771s] Level 1:colcon.colcon_core.environment:create_environment_scripts_only(dji_action4_camera)
[0.771s] Level 1:colcon.colcon_core.environment:checking '/home/orangepi/Code/IR_vision/install/dji_action4_camera' for CMake module files
[0.772s] DEBUG:colcon.colcon_core.event_handler.log_command:Invoked command in '/home/orangepi/Code/IR_vision/build/rplidar_ros' returned '0': CMAKE_PREFIX_PATH=${CMAKE_PREFIX_PATH}:/opt/ros/humble /usr/bin/cmake --build /home/orangepi/Code/IR_vision/build/rplidar_ros -- -j8 -l8
[0.773s] DEBUG:colcon.colcon_core.event_handler.log_command:Invoking command in '/home/orangepi/Code/IR_vision/build/rplidar_ros': CMAKE_PREFIX_PATH=${CMAKE_PREFIX_PATH}:/opt/ros/humble /usr/bin/cmake --install /home/orangepi/Code/IR_vision/build/rplidar_ros
[0.773s] Level 1:colcon.colcon_core.environment:checking '/home/orangepi/Code/IR_vision/install/dji_action4_camera' for CMake config files
[0.773s] DEBUG:colcon.colcon_core.event_handler.log_command:Invoked command in '/home/orangepi/Code/IR_vision/build/dji_action4_camera' returned '0': CMAKE_PREFIX_PATH=${CMAKE_PREFIX_PATH}:/opt/ros/humble /usr/bin/cmake --install /home/orangepi/Code/IR_vision/build/dji_action4_camera
[0.773s] Level 1:colcon.colcon_core.shell:create_environment_hook('dji_action4_camera', 'cmake_prefix_path')
[0.774s] INFO:colcon.colcon_core.shell:Creating environment hook '/home/orangepi/Code/IR_vision/install/dji_action4_camera/share/dji_action4_camera/hook/cmake_prefix_path.ps1'
[0.774s] INFO:colcon.colcon_core.shell:Creating environment descriptor '/home/orangepi/Code/IR_vision/install/dji_action4_camera/share/dji_action4_camera/hook/cmake_prefix_path.dsv'
[0.775s] INFO:colcon.colcon_core.shell:Creating environment hook '/home/orangepi/Code/IR_vision/install/dji_action4_camera/share/dji_action4_camera/hook/cmake_prefix_path.sh'
[0.776s] Level 1:colcon.colcon_core.environment:checking '/home/orangepi/Code/IR_vision/install/dji_action4_camera/lib'
[0.776s] Level 1:colcon.colcon_core.environment:checking '/home/orangepi/Code/IR_vision/install/dji_action4_camera/bin'
[0.777s] Level 1:colcon.colcon_core.environment:checking '/home/orangepi/Code/IR_vision/install/dji_action4_camera/lib/pkgconfig/dji_action4_camera.pc'
[0.777s] Level 1:colcon.colcon_core.environment:checking '/home/orangepi/Code/IR_vision/install/dji_action4_camera/lib/python3.10/site-packages'
[0.777s] Level 1:colcon.colcon_core.environment:checking '/home/orangepi/Code/IR_vision/install/dji_action4_camera/bin'
[0.778s] INFO:colcon.colcon_core.shell:Creating package script '/home/orangepi/Code/IR_vision/install/dji_action4_camera/share/dji_action4_camera/package.ps1'
[0.779s] INFO:colcon.colcon_core.shell:Creating package descriptor '/home/orangepi/Code/IR_vision/install/dji_action4_camera/share/dji_action4_camera/package.dsv'
[0.779s] INFO:colcon.colcon_core.shell:Creating package script '/home/orangepi/Code/IR_vision/install/dji_action4_camera/share/dji_action4_camera/package.sh'
[0.780s] INFO:colcon.colcon_core.shell:Creating package script '/home/orangepi/Code/IR_vision/install/dji_action4_camera/share/dji_action4_camera/package.bash'
[0.781s] INFO:colcon.colcon_core.shell:Creating package script '/home/orangepi/Code/IR_vision/install/dji_action4_camera/share/dji_action4_camera/package.zsh'
[0.782s] Level 1:colcon.colcon_core.environment:create_file_with_runtime_dependencies(/home/orangepi/Code/IR_vision/install/dji_action4_camera/share/colcon-core/packages/dji_action4_camera)
[0.784s] Level 1:colcon.colcon_core.environment:create_environment_scripts_only(dji_action4_camera)
[0.784s] Level 1:colcon.colcon_core.environment:checking '/home/orangepi/Code/IR_vision/install/dji_action4_camera' for CMake module files
[0.784s] Level 1:colcon.colcon_core.environment:checking '/home/orangepi/Code/IR_vision/install/dji_action4_camera' for CMake config files
[0.785s] Level 1:colcon.colcon_core.shell:create_environment_hook('dji_action4_camera', 'cmake_prefix_path')
[0.785s] INFO:colcon.colcon_core.shell:Creating environment hook '/home/orangepi/Code/IR_vision/install/dji_action4_camera/share/dji_action4_camera/hook/cmake_prefix_path.ps1'
[0.786s] INFO:colcon.colcon_core.shell:Creating environment descriptor '/home/orangepi/Code/IR_vision/install/dji_action4_camera/share/dji_action4_camera/hook/cmake_prefix_path.dsv'
[0.786s] INFO:colcon.colcon_core.shell:Creating environment hook '/home/orangepi/Code/IR_vision/install/dji_action4_camera/share/dji_action4_camera/hook/cmake_prefix_path.sh'
[0.788s] Level 1:colcon.colcon_core.environment:checking '/home/orangepi/Code/IR_vision/install/dji_action4_camera/lib'
[0.788s] Level 1:colcon.colcon_core.environment:checking '/home/orangepi/Code/IR_vision/install/dji_action4_camera/bin'
[0.788s] Level 1:colcon.colcon_core.environment:checking '/home/orangepi/Code/IR_vision/install/dji_action4_camera/lib/pkgconfig/dji_action4_camera.pc'
[0.788s] Level 1:colcon.colcon_core.environment:checking '/home/orangepi/Code/IR_vision/install/dji_action4_camera/lib/python3.10/site-packages'
[0.789s] Level 1:colcon.colcon_core.environment:checking '/home/orangepi/Code/IR_vision/install/dji_action4_camera/bin'
[0.789s] INFO:colcon.colcon_core.shell:Creating package script '/home/orangepi/Code/IR_vision/install/dji_action4_camera/share/dji_action4_camera/package.ps1'
[0.790s] INFO:colcon.colcon_core.shell:Creating package descriptor '/home/orangepi/Code/IR_vision/install/dji_action4_camera/share/dji_action4_camera/package.dsv'
[0.791s] INFO:colcon.colcon_core.shell:Creating package script '/home/orangepi/Code/IR_vision/install/dji_action4_camera/share/dji_action4_camera/package.sh'
[0.792s] INFO:colcon.colcon_core.shell:Creating package script '/home/orangepi/Code/IR_vision/install/dji_action4_camera/share/dji_action4_camera/package.bash'
[0.792s] INFO:colcon.colcon_core.shell:Creating package script '/home/orangepi/Code/IR_vision/install/dji_action4_camera/share/dji_action4_camera/package.zsh'
[0.793s] Level 1:colcon.colcon_core.environment:create_file_with_runtime_dependencies(/home/orangepi/Code/IR_vision/install/dji_action4_camera/share/colcon-core/packages/dji_action4_camera)
[0.807s] Level 1:colcon.colcon_core.environment:create_environment_scripts_only(rplidar_ros)
[0.807s] Level 1:colcon.colcon_core.environment:checking '/home/orangepi/Code/IR_vision/install/rplidar_ros' for CMake module files
[0.809s] DEBUG:colcon.colcon_core.event_handler.log_command:Invoked command in '/home/orangepi/Code/IR_vision/build/rplidar_ros' returned '0': CMAKE_PREFIX_PATH=${CMAKE_PREFIX_PATH}:/opt/ros/humble /usr/bin/cmake --install /home/orangepi/Code/IR_vision/build/rplidar_ros
[0.811s] Level 1:colcon.colcon_core.environment:checking '/home/orangepi/Code/IR_vision/install/rplidar_ros' for CMake config files
[0.812s] Level 1:colcon.colcon_core.shell:create_environment_hook('rplidar_ros', 'cmake_prefix_path')
[0.813s] INFO:colcon.colcon_core.shell:Creating environment hook '/home/orangepi/Code/IR_vision/install/rplidar_ros/share/rplidar_ros/hook/cmake_prefix_path.ps1'
[0.815s] INFO:colcon.colcon_core.shell:Creating environment descriptor '/home/orangepi/Code/IR_vision/install/rplidar_ros/share/rplidar_ros/hook/cmake_prefix_path.dsv'
[0.816s] INFO:colcon.colcon_core.shell:Creating environment hook '/home/orangepi/Code/IR_vision/install/rplidar_ros/share/rplidar_ros/hook/cmake_prefix_path.sh'
[0.817s] Level 1:colcon.colcon_core.environment:checking '/home/orangepi/Code/IR_vision/install/rplidar_ros/lib'
[0.817s] Level 1:colcon.colcon_core.environment:checking '/home/orangepi/Code/IR_vision/install/rplidar_ros/bin'
[0.817s] Level 1:colcon.colcon_core.environment:checking '/home/orangepi/Code/IR_vision/install/rplidar_ros/lib/pkgconfig/rplidar_ros.pc'
[0.818s] Level 1:colcon.colcon_core.environment:checking '/home/orangepi/Code/IR_vision/install/rplidar_ros/lib/python3.10/site-packages'
[0.818s] Level 1:colcon.colcon_core.environment:checking '/home/orangepi/Code/IR_vision/install/rplidar_ros/bin'
[0.819s] INFO:colcon.colcon_core.shell:Creating package script '/home/orangepi/Code/IR_vision/install/rplidar_ros/share/rplidar_ros/package.ps1'
[0.820s] INFO:colcon.colcon_core.shell:Creating package descriptor '/home/orangepi/Code/IR_vision/install/rplidar_ros/share/rplidar_ros/package.dsv'
[0.821s] INFO:colcon.colcon_core.shell:Creating package script '/home/orangepi/Code/IR_vision/install/rplidar_ros/share/rplidar_ros/package.sh'
[0.821s] INFO:colcon.colcon_core.shell:Creating package script '/home/orangepi/Code/IR_vision/install/rplidar_ros/share/rplidar_ros/package.bash'
[0.822s] INFO:colcon.colcon_core.shell:Creating package script '/home/orangepi/Code/IR_vision/install/rplidar_ros/share/rplidar_ros/package.zsh'
[0.823s] Level 1:colcon.colcon_core.environment:create_file_with_runtime_dependencies(/home/orangepi/Code/IR_vision/install/rplidar_ros/share/colcon-core/packages/rplidar_ros)
[0.825s] Level 1:colcon.colcon_core.environment:create_environment_scripts_only(rplidar_ros)
[0.825s] Level 1:colcon.colcon_core.environment:checking '/home/orangepi/Code/IR_vision/install/rplidar_ros' for CMake module files
[0.826s] Level 1:colcon.colcon_core.environment:checking '/home/orangepi/Code/IR_vision/install/rplidar_ros' for CMake config files
[0.826s] Level 1:colcon.colcon_core.shell:create_environment_hook('rplidar_ros', 'cmake_prefix_path')
[0.826s] INFO:colcon.colcon_core.shell:Creating environment hook '/home/orangepi/Code/IR_vision/install/rplidar_ros/share/rplidar_ros/hook/cmake_prefix_path.ps1'
[0.828s] INFO:colcon.colcon_core.shell:Creating environment descriptor '/home/orangepi/Code/IR_vision/install/rplidar_ros/share/rplidar_ros/hook/cmake_prefix_path.dsv'
[0.828s] INFO:colcon.colcon_core.shell:Creating environment hook '/home/orangepi/Code/IR_vision/install/rplidar_ros/share/rplidar_ros/hook/cmake_prefix_path.sh'
[0.830s] Level 1:colcon.colcon_core.environment:checking '/home/orangepi/Code/IR_vision/install/rplidar_ros/lib'
[0.830s] Level 1:colcon.colcon_core.environment:checking '/home/orangepi/Code/IR_vision/install/rplidar_ros/bin'
[0.830s] Level 1:colcon.colcon_core.environment:checking '/home/orangepi/Code/IR_vision/install/rplidar_ros/lib/pkgconfig/rplidar_ros.pc'
[0.830s] Level 1:colcon.colcon_core.environment:checking '/home/orangepi/Code/IR_vision/install/rplidar_ros/lib/python3.10/site-packages'
[0.831s] Level 1:colcon.colcon_core.environment:checking '/home/orangepi/Code/IR_vision/install/rplidar_ros/bin'
[0.831s] INFO:colcon.colcon_core.shell:Creating package script '/home/orangepi/Code/IR_vision/install/rplidar_ros/share/rplidar_ros/package.ps1'
[0.832s] INFO:colcon.colcon_core.shell:Creating package descriptor '/home/orangepi/Code/IR_vision/install/rplidar_ros/share/rplidar_ros/package.dsv'
[0.833s] INFO:colcon.colcon_core.shell:Creating package script '/home/orangepi/Code/IR_vision/install/rplidar_ros/share/rplidar_ros/package.sh'
[0.834s] INFO:colcon.colcon_core.shell:Creating package script '/home/orangepi/Code/IR_vision/install/rplidar_ros/share/rplidar_ros/package.bash'
[0.835s] INFO:colcon.colcon_core.shell:Creating package script '/home/orangepi/Code/IR_vision/install/rplidar_ros/share/rplidar_ros/package.zsh'
[0.836s] Level 1:colcon.colcon_core.environment:create_file_with_runtime_dependencies(/home/orangepi/Code/IR_vision/install/rplidar_ros/share/colcon-core/packages/rplidar_ros)
[10.009s] DEBUG:colcon.colcon_core.event_handler.log_command:Invoked command in '/home/orangepi/Code/IR_vision/build/car_control' returned '0': CMAKE_PREFIX_PATH=${CMAKE_PREFIX_PATH}:/opt/ros/humble /usr/bin/cmake --build /home/orangepi/Code/IR_vision/build/car_control -- -j8 -l8
[10.017s] DEBUG:colcon.colcon_core.event_handler.log_command:Invoking command in '/home/orangepi/Code/IR_vision/build/car_control': CMAKE_PREFIX_PATH=${CMAKE_PREFIX_PATH}:/opt/ros/humble /usr/bin/cmake --install /home/orangepi/Code/IR_vision/build/car_control
[10.060s] Level 1:colcon.colcon_core.environment:create_environment_scripts_only(car_control)
[10.061s] Level 1:colcon.colcon_core.environment:checking '/home/orangepi/Code/IR_vision/install/car_control' for CMake module files
[10.066s] DEBUG:colcon.colcon_core.event_handler.log_command:Invoked command in '/home/orangepi/Code/IR_vision/build/car_control' returned '0': CMAKE_PREFIX_PATH=${CMAKE_PREFIX_PATH}:/opt/ros/humble /usr/bin/cmake --install /home/orangepi/Code/IR_vision/build/car_control
[10.067s] Level 1:colcon.colcon_core.environment:checking '/home/orangepi/Code/IR_vision/install/car_control' for CMake config files
[10.067s] Level 1:colcon.colcon_core.shell:create_environment_hook('car_control', 'cmake_prefix_path')
[10.068s] INFO:colcon.colcon_core.shell:Creating environment hook '/home/orangepi/Code/IR_vision/install/car_control/share/car_control/hook/cmake_prefix_path.ps1'
[10.071s] INFO:colcon.colcon_core.shell:Creating environment descriptor '/home/orangepi/Code/IR_vision/install/car_control/share/car_control/hook/cmake_prefix_path.dsv'
[10.072s] INFO:colcon.colcon_core.shell:Creating environment hook '/home/orangepi/Code/IR_vision/install/car_control/share/car_control/hook/cmake_prefix_path.sh'
[10.074s] Level 1:colcon.colcon_core.environment:checking '/home/orangepi/Code/IR_vision/install/car_control/lib'
[10.075s] Level 1:colcon.colcon_core.environment:checking '/home/orangepi/Code/IR_vision/install/car_control/bin'
[10.075s] Level 1:colcon.colcon_core.environment:checking '/home/orangepi/Code/IR_vision/install/car_control/lib/pkgconfig/car_control.pc'
[10.076s] Level 1:colcon.colcon_core.environment:checking '/home/orangepi/Code/IR_vision/install/car_control/lib/python3.10/site-packages'
[10.078s] Level 1:colcon.colcon_core.environment:checking '/home/orangepi/Code/IR_vision/install/car_control/bin'
[10.079s] INFO:colcon.colcon_core.shell:Creating package script '/home/orangepi/Code/IR_vision/install/car_control/share/car_control/package.ps1'
[10.081s] INFO:colcon.colcon_core.shell:Creating package descriptor '/home/orangepi/Code/IR_vision/install/car_control/share/car_control/package.dsv'
[10.083s] INFO:colcon.colcon_core.shell:Creating package script '/home/orangepi/Code/IR_vision/install/car_control/share/car_control/package.sh'
[10.084s] INFO:colcon.colcon_core.shell:Creating package script '/home/orangepi/Code/IR_vision/install/car_control/share/car_control/package.bash'
[10.086s] INFO:colcon.colcon_core.shell:Creating package script '/home/orangepi/Code/IR_vision/install/car_control/share/car_control/package.zsh'
[10.087s] Level 1:colcon.colcon_core.environment:create_file_with_runtime_dependencies(/home/orangepi/Code/IR_vision/install/car_control/share/colcon-core/packages/car_control)
[10.090s] Level 1:colcon.colcon_core.environment:create_environment_scripts_only(car_control)
[10.091s] Level 1:colcon.colcon_core.environment:checking '/home/orangepi/Code/IR_vision/install/car_control' for CMake module files
[10.094s] Level 1:colcon.colcon_core.environment:checking '/home/orangepi/Code/IR_vision/install/car_control' for CMake config files
[10.094s] Level 1:colcon.colcon_core.shell:create_environment_hook('car_control', 'cmake_prefix_path')
[10.095s] INFO:colcon.colcon_core.shell:Creating environment hook '/home/orangepi/Code/IR_vision/install/car_control/share/car_control/hook/cmake_prefix_path.ps1'
[10.097s] INFO:colcon.colcon_core.shell:Creating environment descriptor '/home/orangepi/Code/IR_vision/install/car_control/share/car_control/hook/cmake_prefix_path.dsv'
[10.104s] INFO:colcon.colcon_core.shell:Creating environment hook '/home/orangepi/Code/IR_vision/install/car_control/share/car_control/hook/cmake_prefix_path.sh'
[10.107s] Level 1:colcon.colcon_core.environment:checking '/home/orangepi/Code/IR_vision/install/car_control/lib'
[10.107s] Level 1:colcon.colcon_core.environment:checking '/home/orangepi/Code/IR_vision/install/car_control/bin'
[10.108s] Level 1:colcon.colcon_core.environment:checking '/home/orangepi/Code/IR_vision/install/car_control/lib/pkgconfig/car_control.pc'
[10.109s] Level 1:colcon.colcon_core.environment:checking '/home/orangepi/Code/IR_vision/install/car_control/lib/python3.10/site-packages'
[10.111s] Level 1:colcon.colcon_core.environment:checking '/home/orangepi/Code/IR_vision/install/car_control/bin'
[10.113s] INFO:colcon.colcon_core.shell:Creating package script '/home/orangepi/Code/IR_vision/install/car_control/share/car_control/package.ps1'
[10.115s] INFO:colcon.colcon_core.shell:Creating package descriptor '/home/orangepi/Code/IR_vision/install/car_control/share/car_control/package.dsv'
[10.117s] INFO:colcon.colcon_core.shell:Creating package script '/home/orangepi/Code/IR_vision/install/car_control/share/car_control/package.sh'
[10.118s] INFO:colcon.colcon_core.shell:Creating package script '/home/orangepi/Code/IR_vision/install/car_control/share/car_control/package.bash'
[10.120s] INFO:colcon.colcon_core.shell:Creating package script '/home/orangepi/Code/IR_vision/install/car_control/share/car_control/package.zsh'
[10.122s] Level 1:colcon.colcon_core.environment:create_file_with_runtime_dependencies(/home/orangepi/Code/IR_vision/install/car_control/share/colcon-core/packages/car_control)
[10.123s] DEBUG:colcon.colcon_parallel_executor.executor.parallel:closing loop
[10.124s] DEBUG:colcon.colcon_parallel_executor.executor.parallel:loop closed
[10.125s] DEBUG:colcon.colcon_parallel_executor.executor.parallel:run_until_complete finished with '0'
[10.125s] DEBUG:colcon.colcon_core.event_reactor:joining thread
[10.136s] INFO:colcon.colcon_core.plugin_system:Skipping extension 'colcon_notification.desktop_notification.terminal_notifier': Not used on non-Darwin systems
[10.137s] INFO:colcon.colcon_core.plugin_system:Skipping extension 'colcon_notification.desktop_notification.win32': Not used on non-Windows systems
[10.137s] INFO:colcon.colcon_notification.desktop_notification:Sending desktop notification using 'notify2'
[10.179s] DEBUG:colcon.colcon_core.event_reactor:joined thread
[10.181s] INFO:colcon.colcon_core.shell:Creating prefix script '/home/orangepi/Code/IR_vision/install/local_setup.ps1'
[10.186s] INFO:colcon.colcon_core.shell:Creating prefix util module '/home/orangepi/Code/IR_vision/install/_local_setup_util_ps1.py'
[10.194s] INFO:colcon.colcon_core.shell:Creating prefix chain script '/home/orangepi/Code/IR_vision/install/setup.ps1'
[10.199s] INFO:colcon.colcon_core.shell:Creating prefix script '/home/orangepi/Code/IR_vision/install/local_setup.sh'
[10.202s] INFO:colcon.colcon_core.shell:Creating prefix util module '/home/orangepi/Code/IR_vision/install/_local_setup_util_sh.py'
[10.205s] INFO:colcon.colcon_core.shell:Creating prefix chain script '/home/orangepi/Code/IR_vision/install/setup.sh'
[10.210s] INFO:colcon.colcon_core.shell:Creating prefix script '/home/orangepi/Code/IR_vision/install/local_setup.bash'
[10.212s] INFO:colcon.colcon_core.shell:Creating prefix chain script '/home/orangepi/Code/IR_vision/install/setup.bash'
[10.217s] INFO:colcon.colcon_core.shell:Creating prefix script '/home/orangepi/Code/IR_vision/install/local_setup.zsh'
[10.219s] INFO:colcon.colcon_core.shell:Creating prefix chain script '/home/orangepi/Code/IR_vision/install/setup.zsh'
