[0.040s] Invoking command in '/home/orangepi/Code/IR_vision/build/usb_camera': CMAKE_PREFIX_PATH=/opt/ros/humble /usr/bin/cmake --build /home/orangepi/Code/IR_vision/build/usb_camera -- -j8 -l8
[0.166s] [100%] Built target usb_camera
[0.243s] Invoked command in '/home/orangepi/Code/IR_vision/build/usb_camera' returned '0': CMAKE_PREFIX_PATH=/opt/ros/humble /usr/bin/cmake --build /home/orangepi/Code/IR_vision/build/usb_camera -- -j8 -l8
[0.250s] Invoking command in '/home/orangepi/Code/IR_vision/build/usb_camera': CMAKE_PREFIX_PATH=/opt/ros/humble /usr/bin/cmake --install /home/orangepi/Code/IR_vision/build/usb_camera
[0.279s] -- Install configuration: ""
[0.280s] -- Up-to-date: /home/orangepi/Code/IR_vision/install/usb_camera/lib/usb_camera/usb_camera
[0.312s] -- Up-to-date: /home/orangepi/Code/IR_vision/install/usb_camera/share/ament_index/resource_index/package_run_dependencies/usb_camera
[0.313s] -- Up-to-date: /home/orangepi/Code/IR_vision/install/usb_camera/share/ament_index/resource_index/parent_prefix_path/usb_camera
[0.313s] -- Up-to-date: /home/orangepi/Code/IR_vision/install/usb_camera/share/usb_camera/environment/ament_prefix_path.sh
[0.314s] -- Up-to-date: /home/orangepi/Code/IR_vision/install/usb_camera/share/usb_camera/environment/ament_prefix_path.dsv
[0.315s] -- Up-to-date: /home/orangepi/Code/IR_vision/install/usb_camera/share/usb_camera/environment/path.sh
[0.316s] -- Up-to-date: /home/orangepi/Code/IR_vision/install/usb_camera/share/usb_camera/environment/path.dsv
[0.317s] -- Up-to-date: /home/orangepi/Code/IR_vision/install/usb_camera/share/usb_camera/local_setup.bash
[0.318s] -- Up-to-date: /home/orangepi/Code/IR_vision/install/usb_camera/share/usb_camera/local_setup.sh
[0.319s] -- Up-to-date: /home/orangepi/Code/IR_vision/install/usb_camera/share/usb_camera/local_setup.zsh
[0.322s] -- Up-to-date: /home/orangepi/Code/IR_vision/install/usb_camera/share/usb_camera/local_setup.dsv
[0.324s] -- Installing: /home/orangepi/Code/IR_vision/install/usb_camera/share/usb_camera/package.dsv
[0.326s] -- Up-to-date: /home/orangepi/Code/IR_vision/install/usb_camera/share/ament_index/resource_index/packages/usb_camera
[0.327s] -- Up-to-date: /home/orangepi/Code/IR_vision/install/usb_camera/share/usb_camera/cmake/usb_cameraConfig.cmake
[0.329s] -- Up-to-date: /home/orangepi/Code/IR_vision/install/usb_camera/share/usb_camera/cmake/usb_cameraConfig-version.cmake
[0.331s] -- Up-to-date: /home/orangepi/Code/IR_vision/install/usb_camera/share/usb_camera/package.xml
[0.431s] Invoked command in '/home/orangepi/Code/IR_vision/build/usb_camera' returned '0': CMAKE_PREFIX_PATH=/opt/ros/humble /usr/bin/cmake --install /home/orangepi/Code/IR_vision/build/usb_camera
