[0.037s] Invoking command in '/home/orangepi/Code/IR_vision/build/mindvision_camera': CMAKE_PREFIX_PATH=${CMAKE_PREFIX_PATH}:/opt/ros/humble /usr/bin/cmake --build /home/orangepi/Code/IR_vision/build/mindvision_camera -- -j8 -l8
[0.190s] [ 50%] Built target mindvision_camera
[0.193s] [100%] Built target mindvision_camera_node
[0.300s] Invoked command in '/home/orangepi/Code/IR_vision/build/mindvision_camera' returned '0': CMAKE_PREFIX_PATH=${CMAKE_PREFIX_PATH}:/opt/ros/humble /usr/bin/cmake --build /home/orangepi/Code/IR_vision/build/mindvision_camera -- -j8 -l8
[0.303s] Invoking command in '/home/orangepi/Code/IR_vision/build/mindvision_camera': CMAKE_PREFIX_PATH=${CMAKE_PREFIX_PATH}:/opt/ros/humble /usr/bin/cmake --install /home/orangepi/Code/IR_vision/build/mindvision_camera
[0.306s] -- Install configuration: ""
[0.306s] -- Up-to-date: /home/orangepi/Code/IR_vision/install/mindvision_camera/lib/mindvision_camera/mindvision_camera_node
[0.307s] -- Up-to-date: /home/orangepi/Code/IR_vision/install/mindvision_camera/share/mindvision_camera/environment/library_path.sh
[0.307s] -- Up-to-date: /home/orangepi/Code/IR_vision/install/mindvision_camera/share/mindvision_camera/environment/library_path.dsv
[0.308s] -- Up-to-date: /home/orangepi/Code/IR_vision/install/mindvision_camera/lib/libmindvision_camera.so
[0.308s] -- Up-to-date: /home/orangepi/Code/IR_vision/install/mindvision_camera/share/mindvision_camera/config
[0.308s] -- Up-to-date: /home/orangepi/Code/IR_vision/install/mindvision_camera/share/mindvision_camera/config/camera_info.yaml
[0.308s] -- Up-to-date: /home/orangepi/Code/IR_vision/install/mindvision_camera/share/mindvision_camera/config/camera_params.yaml
[0.308s] -- Up-to-date: /home/orangepi/Code/IR_vision/install/mindvision_camera/share/mindvision_camera/launch
[0.308s] -- Up-to-date: /home/orangepi/Code/IR_vision/install/mindvision_camera/share/mindvision_camera/launch/mv_launch.py
[0.309s] -- Up-to-date: /home/orangepi/Code/IR_vision/install/mindvision_camera/share/ament_index/resource_index/package_run_dependencies/mindvision_camera
[0.309s] -- Up-to-date: /home/orangepi/Code/IR_vision/install/mindvision_camera/share/ament_index/resource_index/parent_prefix_path/mindvision_camera
[0.309s] -- Up-to-date: /home/orangepi/Code/IR_vision/install/mindvision_camera/share/mindvision_camera/environment/ament_prefix_path.sh
[0.309s] -- Up-to-date: /home/orangepi/Code/IR_vision/install/mindvision_camera/share/mindvision_camera/environment/ament_prefix_path.dsv
[0.309s] -- Up-to-date: /home/orangepi/Code/IR_vision/install/mindvision_camera/share/mindvision_camera/environment/path.sh
[0.310s] -- Up-to-date: /home/orangepi/Code/IR_vision/install/mindvision_camera/share/mindvision_camera/environment/path.dsv
[0.310s] -- Up-to-date: /home/orangepi/Code/IR_vision/install/mindvision_camera/share/mindvision_camera/local_setup.bash
[0.310s] -- Up-to-date: /home/orangepi/Code/IR_vision/install/mindvision_camera/share/mindvision_camera/local_setup.sh
[0.310s] -- Up-to-date: /home/orangepi/Code/IR_vision/install/mindvision_camera/share/mindvision_camera/local_setup.zsh
[0.311s] -- Up-to-date: /home/orangepi/Code/IR_vision/install/mindvision_camera/share/mindvision_camera/local_setup.dsv
[0.312s] -- Installing: /home/orangepi/Code/IR_vision/install/mindvision_camera/share/mindvision_camera/package.dsv
[0.314s] -- Up-to-date: /home/orangepi/Code/IR_vision/install/mindvision_camera/share/ament_index/resource_index/packages/mindvision_camera
[0.314s] -- Up-to-date: /home/orangepi/Code/IR_vision/install/mindvision_camera/share/ament_index/resource_index/rclcpp_components/mindvision_camera
[0.315s] -- Up-to-date: /home/orangepi/Code/IR_vision/install/mindvision_camera/share/mindvision_camera/cmake/ament_cmake_export_dependencies-extras.cmake
[0.315s] -- Up-to-date: /home/orangepi/Code/IR_vision/install/mindvision_camera/share/mindvision_camera/cmake/ament_cmake_export_libraries-extras.cmake
[0.317s] -- Up-to-date: /home/orangepi/Code/IR_vision/install/mindvision_camera/share/mindvision_camera/cmake/mindvision_cameraConfig.cmake
[0.317s] -- Up-to-date: /home/orangepi/Code/IR_vision/install/mindvision_camera/share/mindvision_camera/cmake/mindvision_cameraConfig-version.cmake
[0.318s] -- Up-to-date: /home/orangepi/Code/IR_vision/install/mindvision_camera/share/mindvision_camera/package.xml
[0.380s] Invoked command in '/home/orangepi/Code/IR_vision/build/mindvision_camera' returned '0': CMAKE_PREFIX_PATH=${CMAKE_PREFIX_PATH}:/opt/ros/humble /usr/bin/cmake --install /home/orangepi/Code/IR_vision/build/mindvision_camera
