[0.041s] Invoking command in '/home/orangepi/Code/IR_vision/build/car_control': CMAKE_PREFIX_PATH=${CMAKE_PREFIX_PATH}:/opt/ros/humble /usr/bin/cmake --build /home/orangepi/Code/IR_vision/build/car_control -- -j8 -l8
[0.156s] [35m[1mConsolidate compiler generated dependencies of target car_control[0m
[0.246s] [ 50%] [32mBuilding CXX object CMakeFiles/car_control.dir/src/car_control_node.cpp.o[0m
[8.621s] [100%] [32m[1mLinking CXX executable car_control[0m
[9.391s] [100%] Built target car_control
[9.431s] Invoked command in '/home/orangepi/Code/IR_vision/build/car_control' returned '0': CMAKE_PREFIX_PATH=${CMAKE_PREFIX_PATH}:/opt/ros/humble /usr/bin/cmake --build /home/orangepi/Code/IR_vision/build/car_control -- -j8 -l8
[9.436s] Invoking command in '/home/orangepi/Code/IR_vision/build/car_control': CMAKE_PREFIX_PATH=${CMAKE_PREFIX_PATH}:/opt/ros/humble /usr/bin/cmake --install /home/orangepi/Code/IR_vision/build/car_control
[9.461s] -- Install configuration: ""
[9.462s] -- Installing: /home/orangepi/Code/IR_vision/install/car_control/lib/car_control/car_control
[9.471s] -- Set runtime path of "/home/orangepi/Code/IR_vision/install/car_control/lib/car_control/car_control" to ""
[9.471s] -- Up-to-date: /home/orangepi/Code/IR_vision/install/car_control/share/ament_index/resource_index/package_run_dependencies/car_control
[9.472s] -- Up-to-date: /home/orangepi/Code/IR_vision/install/car_control/share/ament_index/resource_index/parent_prefix_path/car_control
[9.472s] -- Up-to-date: /home/orangepi/Code/IR_vision/install/car_control/share/car_control/environment/ament_prefix_path.sh
[9.473s] -- Up-to-date: /home/orangepi/Code/IR_vision/install/car_control/share/car_control/environment/ament_prefix_path.dsv
[9.473s] -- Up-to-date: /home/orangepi/Code/IR_vision/install/car_control/share/car_control/environment/path.sh
[9.473s] -- Up-to-date: /home/orangepi/Code/IR_vision/install/car_control/share/car_control/environment/path.dsv
[9.474s] -- Up-to-date: /home/orangepi/Code/IR_vision/install/car_control/share/car_control/local_setup.bash
[9.474s] -- Up-to-date: /home/orangepi/Code/IR_vision/install/car_control/share/car_control/local_setup.sh
[9.474s] -- Up-to-date: /home/orangepi/Code/IR_vision/install/car_control/share/car_control/local_setup.zsh
[9.475s] -- Up-to-date: /home/orangepi/Code/IR_vision/install/car_control/share/car_control/local_setup.dsv
[9.475s] -- Installing: /home/orangepi/Code/IR_vision/install/car_control/share/car_control/package.dsv
[9.475s] -- Up-to-date: /home/orangepi/Code/IR_vision/install/car_control/share/ament_index/resource_index/packages/car_control
[9.475s] -- Up-to-date: /home/orangepi/Code/IR_vision/install/car_control/share/car_control/cmake/car_controlConfig.cmake
[9.476s] -- Up-to-date: /home/orangepi/Code/IR_vision/install/car_control/share/car_control/cmake/car_controlConfig-version.cmake
[9.476s] -- Up-to-date: /home/orangepi/Code/IR_vision/install/car_control/share/car_control/package.xml
[9.481s] Invoked command in '/home/orangepi/Code/IR_vision/build/car_control' returned '0': CMAKE_PREFIX_PATH=${CMAKE_PREFIX_PATH}:/opt/ros/humble /usr/bin/cmake --install /home/orangepi/Code/IR_vision/build/car_control
