[0.052s] Invoking command in '/home/orangepi/Code/IR_vision/build/dji_action4_camera': CMAKE_PREFIX_PATH=${CMAKE_PREFIX_PATH}:/opt/ros/humble /usr/bin/cmake --build /home/orangepi/Code/IR_vision/build/dji_action4_camera -- -j8 -l8
[0.166s] [35m[1mConsolidate compiler generated dependencies of target camera_node[0m
[0.210s] [100%] Built target camera_node
[0.299s] Invoked command in '/home/orangepi/Code/IR_vision/build/dji_action4_camera' returned '0': CMAKE_PREFIX_PATH=${CMAKE_PREFIX_PATH}:/opt/ros/humble /usr/bin/cmake --build /home/orangepi/Code/IR_vision/build/dji_action4_camera -- -j8 -l8
[0.302s] Invoking command in '/home/orangepi/Code/IR_vision/build/dji_action4_camera': CMAKE_PREFIX_PATH=${CMAKE_PREFIX_PATH}:/opt/ros/humble /usr/bin/cmake --install /home/orangepi/Code/IR_vision/build/dji_action4_camera
[0.315s] -- Install configuration: ""
[0.316s] -- Up-to-date: /home/orangepi/Code/IR_vision/install/dji_action4_camera/lib/dji_action4_camera/camera_node
[0.316s] -- Up-to-date: /home/orangepi/Code/IR_vision/install/dji_action4_camera/share/ament_index/resource_index/package_run_dependencies/dji_action4_camera
[0.316s] -- Up-to-date: /home/orangepi/Code/IR_vision/install/dji_action4_camera/share/ament_index/resource_index/parent_prefix_path/dji_action4_camera
[0.316s] -- Up-to-date: /home/orangepi/Code/IR_vision/install/dji_action4_camera/share/dji_action4_camera/environment/ament_prefix_path.sh
[0.317s] -- Up-to-date: /home/orangepi/Code/IR_vision/install/dji_action4_camera/share/dji_action4_camera/environment/ament_prefix_path.dsv
[0.318s] -- Up-to-date: /home/orangepi/Code/IR_vision/install/dji_action4_camera/share/dji_action4_camera/environment/path.sh
[0.318s] -- Up-to-date: /home/orangepi/Code/IR_vision/install/dji_action4_camera/share/dji_action4_camera/environment/path.dsv
[0.319s] -- Up-to-date: /home/orangepi/Code/IR_vision/install/dji_action4_camera/share/dji_action4_camera/local_setup.bash
[0.319s] -- Up-to-date: /home/orangepi/Code/IR_vision/install/dji_action4_camera/share/dji_action4_camera/local_setup.sh
[0.319s] -- Up-to-date: /home/orangepi/Code/IR_vision/install/dji_action4_camera/share/dji_action4_camera/local_setup.zsh
[0.319s] -- Up-to-date: /home/orangepi/Code/IR_vision/install/dji_action4_camera/share/dji_action4_camera/local_setup.dsv
[0.320s] -- Installing: /home/orangepi/Code/IR_vision/install/dji_action4_camera/share/dji_action4_camera/package.dsv
[0.320s] -- Up-to-date: /home/orangepi/Code/IR_vision/install/dji_action4_camera/share/ament_index/resource_index/packages/dji_action4_camera
[0.320s] -- Up-to-date: /home/orangepi/Code/IR_vision/install/dji_action4_camera/share/dji_action4_camera/cmake/dji_action4_cameraConfig.cmake
[0.320s] -- Up-to-date: /home/orangepi/Code/IR_vision/install/dji_action4_camera/share/dji_action4_camera/cmake/dji_action4_cameraConfig-version.cmake
[0.321s] -- Up-to-date: /home/orangepi/Code/IR_vision/install/dji_action4_camera/share/dji_action4_camera/package.xml
[0.352s] Invoked command in '/home/orangepi/Code/IR_vision/build/dji_action4_camera' returned '0': CMAKE_PREFIX_PATH=${CMAKE_PREFIX_PATH}:/opt/ros/humble /usr/bin/cmake --install /home/orangepi/Code/IR_vision/build/dji_action4_camera
