[0.136s] DEBUG:colcon:Command line arguments: ['/usr/bin/colcon', 'build']
[0.136s] DEBUG:colcon:Parsed command line arguments: Namespace(log_base=None, log_level=None, verb_name='build', build_base='build', install_base='install', merge_install=False, symlink_install=False, test_result_base=None, continue_on_error=False, executor='parallel', parallel_workers=8, event_handlers=None, ignore_user_meta=False, metas=['./colcon.meta'], base_paths=['.'], packages_ignore=None, packages_ignore_regex=None, paths=None, packages_up_to=None, packages_up_to_regex=None, packages_above=None, packages_above_and_dependencies=None, packages_above_depth=None, packages_select_by_dep=None, packages_skip_by_dep=None, packages_skip_up_to=None, packages_select_build_failed=False, packages_skip_build_finished=False, packages_select_test_failures=False, packages_skip_test_passed=False, packages_select=None, packages_skip=None, packages_select_regex=None, packages_skip_regex=None, packages_start=None, packages_end=None, cmake_args=None, cmake_target=None, cmake_target_skip_unavailable=False, cmake_clean_cache=False, cmake_clean_first=False, cmake_force_configure=False, ament_cmake_args=None, catkin_cmake_args=None, catkin_skip_building_tests=False, verb_parser=<colcon_defaults.argument_parser.defaults.DefaultArgumentsDecorator object at 0x7fb50680a0>, verb_extension=<colcon_core.verb.build.BuildVerb object at 0x7fb5033b80>, main=<bound method BuildVerb.main of <colcon_core.verb.build.BuildVerb object at 0x7fb5033b80>>)
[0.329s] Level 1:colcon.colcon_core.package_discovery:discover_packages(colcon_meta) check parameters
[0.330s] Level 1:colcon.colcon_core.package_discovery:discover_packages(recursive) check parameters
[0.330s] Level 1:colcon.colcon_core.package_discovery:discover_packages(ignore) check parameters
[0.330s] Level 1:colcon.colcon_core.package_discovery:discover_packages(path) check parameters
[0.330s] Level 1:colcon.colcon_core.package_discovery:discover_packages(colcon_meta) discover
[0.330s] Level 1:colcon.colcon_core.package_discovery:discover_packages(recursive) discover
[0.330s] INFO:colcon.colcon_core.package_discovery:Crawling recursively for packages in '/home/orangepi/Code/IR_vision'
[0.330s] Level 1:colcon.colcon_core.package_identification:_identify(.) by extensions ['ignore', 'ignore_ament_install']
[0.330s] Level 1:colcon.colcon_core.package_identification:_identify(.) by extension 'ignore'
[0.330s] Level 1:colcon.colcon_core.package_identification:_identify(.) by extension 'ignore_ament_install'
[0.330s] Level 1:colcon.colcon_core.package_identification:_identify(.) by extensions ['colcon_pkg']
[0.330s] Level 1:colcon.colcon_core.package_identification:_identify(.) by extension 'colcon_pkg'
[0.330s] Level 1:colcon.colcon_core.package_identification:_identify(.) by extensions ['colcon_meta']
[0.330s] Level 1:colcon.colcon_core.package_identification:_identify(.) by extension 'colcon_meta'
[0.330s] Level 1:colcon.colcon_core.package_identification:_identify(.) by extensions ['ros']
[0.330s] Level 1:colcon.colcon_core.package_identification:_identify(.) by extension 'ros'
[0.347s] Level 1:colcon.colcon_core.package_identification:_identify(.) by extensions ['cmake', 'python']
[0.347s] Level 1:colcon.colcon_core.package_identification:_identify(.) by extension 'cmake'
[0.347s] Level 1:colcon.colcon_core.package_identification:_identify(.) by extension 'python'
[0.347s] Level 1:colcon.colcon_core.package_identification:_identify(.) by extensions ['python_setup_py']
[0.347s] Level 1:colcon.colcon_core.package_identification:_identify(.) by extension 'python_setup_py'
[0.348s] Level 1:colcon.colcon_core.package_identification:_identify(Camera) by extensions ['ignore', 'ignore_ament_install']
[0.348s] Level 1:colcon.colcon_core.package_identification:_identify(Camera) by extension 'ignore'
[0.348s] Level 1:colcon.colcon_core.package_identification:_identify(Camera) by extension 'ignore_ament_install'
[0.348s] Level 1:colcon.colcon_core.package_identification:_identify(Camera) by extensions ['colcon_pkg']
[0.348s] Level 1:colcon.colcon_core.package_identification:_identify(Camera) by extension 'colcon_pkg'
[0.348s] Level 1:colcon.colcon_core.package_identification:_identify(Camera) by extensions ['colcon_meta']
[0.348s] Level 1:colcon.colcon_core.package_identification:_identify(Camera) by extension 'colcon_meta'
[0.348s] Level 1:colcon.colcon_core.package_identification:_identify(Camera) by extensions ['ros']
[0.348s] Level 1:colcon.colcon_core.package_identification:_identify(Camera) by extension 'ros'
[0.348s] Level 1:colcon.colcon_core.package_identification:_identify(Camera) by extensions ['cmake', 'python']
[0.348s] Level 1:colcon.colcon_core.package_identification:_identify(Camera) by extension 'cmake'
[0.348s] Level 1:colcon.colcon_core.package_identification:_identify(Camera) by extension 'python'
[0.348s] Level 1:colcon.colcon_core.package_identification:_identify(Camera) by extensions ['python_setup_py']
[0.348s] Level 1:colcon.colcon_core.package_identification:_identify(Camera) by extension 'python_setup_py'
[0.349s] Level 1:colcon.colcon_core.package_identification:_identify(Camera/Data) by extensions ['ignore', 'ignore_ament_install']
[0.349s] Level 1:colcon.colcon_core.package_identification:_identify(Camera/Data) by extension 'ignore'
[0.349s] Level 1:colcon.colcon_core.package_identification:_identify(Camera/Data) by extension 'ignore_ament_install'
[0.349s] Level 1:colcon.colcon_core.package_identification:_identify(Camera/Data) by extensions ['colcon_pkg']
[0.349s] Level 1:colcon.colcon_core.package_identification:_identify(Camera/Data) by extension 'colcon_pkg'
[0.349s] Level 1:colcon.colcon_core.package_identification:_identify(Camera/Data) by extensions ['colcon_meta']
[0.349s] Level 1:colcon.colcon_core.package_identification:_identify(Camera/Data) by extension 'colcon_meta'
[0.349s] Level 1:colcon.colcon_core.package_identification:_identify(Camera/Data) by extensions ['ros']
[0.349s] Level 1:colcon.colcon_core.package_identification:_identify(Camera/Data) by extension 'ros'
[0.349s] Level 1:colcon.colcon_core.package_identification:_identify(Camera/Data) by extensions ['cmake', 'python']
[0.349s] Level 1:colcon.colcon_core.package_identification:_identify(Camera/Data) by extension 'cmake'
[0.349s] Level 1:colcon.colcon_core.package_identification:_identify(Camera/Data) by extension 'python'
[0.349s] Level 1:colcon.colcon_core.package_identification:_identify(Camera/Data) by extensions ['python_setup_py']
[0.349s] Level 1:colcon.colcon_core.package_identification:_identify(Camera/Data) by extension 'python_setup_py'
[0.349s] Level 1:colcon.colcon_core.package_identification:_identify(Camera/log) by extensions ['ignore', 'ignore_ament_install']
[0.349s] Level 1:colcon.colcon_core.package_identification:_identify(Camera/log) by extension 'ignore'
[0.350s] Level 1:colcon.colcon_core.package_identification:_identify(Camera/log) by extension 'ignore_ament_install'
[0.350s] Level 1:colcon.colcon_core.package_identification:_identify(Camera/log) by extensions ['colcon_pkg']
[0.350s] Level 1:colcon.colcon_core.package_identification:_identify(Camera/log) by extension 'colcon_pkg'
[0.350s] Level 1:colcon.colcon_core.package_identification:_identify(Camera/log) by extensions ['colcon_meta']
[0.350s] Level 1:colcon.colcon_core.package_identification:_identify(Camera/log) by extension 'colcon_meta'
[0.350s] Level 1:colcon.colcon_core.package_identification:_identify(Camera/log) by extensions ['ros']
[0.350s] Level 1:colcon.colcon_core.package_identification:_identify(Camera/log) by extension 'ros'
[0.350s] Level 1:colcon.colcon_core.package_identification:_identify(Camera/log) by extensions ['cmake', 'python']
[0.350s] Level 1:colcon.colcon_core.package_identification:_identify(Camera/log) by extension 'cmake'
[0.350s] Level 1:colcon.colcon_core.package_identification:_identify(Camera/log) by extension 'python'
[0.350s] Level 1:colcon.colcon_core.package_identification:_identify(Camera/log) by extensions ['python_setup_py']
[0.350s] Level 1:colcon.colcon_core.package_identification:_identify(Camera/log) by extension 'python_setup_py'
[0.350s] Level 1:colcon.colcon_core.package_identification:_identify(build) by extensions ['ignore', 'ignore_ament_install']
[0.350s] Level 1:colcon.colcon_core.package_identification:_identify(build) by extension 'ignore'
[0.350s] Level 1:colcon.colcon_core.package_identification:_identify(build) ignored
[0.351s] Level 1:colcon.colcon_core.package_identification:_identify(install) by extensions ['ignore', 'ignore_ament_install']
[0.351s] Level 1:colcon.colcon_core.package_identification:_identify(install) by extension 'ignore'
[0.351s] Level 1:colcon.colcon_core.package_identification:_identify(install) ignored
[0.351s] Level 1:colcon.colcon_core.package_identification:_identify(log) by extensions ['ignore', 'ignore_ament_install']
[0.351s] Level 1:colcon.colcon_core.package_identification:_identify(log) by extension 'ignore'
[0.351s] Level 1:colcon.colcon_core.package_identification:_identify(log) ignored
[0.351s] Level 1:colcon.colcon_core.package_identification:_identify(src) by extensions ['ignore', 'ignore_ament_install']
[0.351s] Level 1:colcon.colcon_core.package_identification:_identify(src) by extension 'ignore'
[0.351s] Level 1:colcon.colcon_core.package_identification:_identify(src) by extension 'ignore_ament_install'
[0.351s] Level 1:colcon.colcon_core.package_identification:_identify(src) by extensions ['colcon_pkg']
[0.351s] Level 1:colcon.colcon_core.package_identification:_identify(src) by extension 'colcon_pkg'
[0.351s] Level 1:colcon.colcon_core.package_identification:_identify(src) by extensions ['colcon_meta']
[0.351s] Level 1:colcon.colcon_core.package_identification:_identify(src) by extension 'colcon_meta'
[0.351s] Level 1:colcon.colcon_core.package_identification:_identify(src) by extensions ['ros']
[0.351s] Level 1:colcon.colcon_core.package_identification:_identify(src) by extension 'ros'
[0.352s] Level 1:colcon.colcon_core.package_identification:_identify(src) by extensions ['cmake', 'python']
[0.352s] Level 1:colcon.colcon_core.package_identification:_identify(src) by extension 'cmake'
[0.352s] Level 1:colcon.colcon_core.package_identification:_identify(src) by extension 'python'
[0.352s] Level 1:colcon.colcon_core.package_identification:_identify(src) by extensions ['python_setup_py']
[0.352s] Level 1:colcon.colcon_core.package_identification:_identify(src) by extension 'python_setup_py'
[0.352s] Level 1:colcon.colcon_core.package_identification:_identify(src/car_control) by extensions ['ignore', 'ignore_ament_install']
[0.352s] Level 1:colcon.colcon_core.package_identification:_identify(src/car_control) by extension 'ignore'
[0.352s] Level 1:colcon.colcon_core.package_identification:_identify(src/car_control) by extension 'ignore_ament_install'
[0.352s] Level 1:colcon.colcon_core.package_identification:_identify(src/car_control) by extensions ['colcon_pkg']
[0.352s] Level 1:colcon.colcon_core.package_identification:_identify(src/car_control) by extension 'colcon_pkg'
[0.352s] Level 1:colcon.colcon_core.package_identification:_identify(src/car_control) by extensions ['colcon_meta']
[0.352s] Level 1:colcon.colcon_core.package_identification:_identify(src/car_control) by extension 'colcon_meta'
[0.352s] Level 1:colcon.colcon_core.package_identification:_identify(src/car_control) by extensions ['ros']
[0.352s] Level 1:colcon.colcon_core.package_identification:_identify(src/car_control) by extension 'ros'
[0.356s] DEBUG:colcon.colcon_core.package_identification:Package 'src/car_control' with type 'ros.ament_cmake' and name 'car_control'
[0.356s] Level 1:colcon.colcon_core.package_identification:_identify(src/driver) by extensions ['ignore', 'ignore_ament_install']
[0.356s] Level 1:colcon.colcon_core.package_identification:_identify(src/driver) by extension 'ignore'
[0.356s] Level 1:colcon.colcon_core.package_identification:_identify(src/driver) by extension 'ignore_ament_install'
[0.356s] Level 1:colcon.colcon_core.package_identification:_identify(src/driver) by extensions ['colcon_pkg']
[0.357s] Level 1:colcon.colcon_core.package_identification:_identify(src/driver) by extension 'colcon_pkg'
[0.357s] Level 1:colcon.colcon_core.package_identification:_identify(src/driver) by extensions ['colcon_meta']
[0.357s] Level 1:colcon.colcon_core.package_identification:_identify(src/driver) by extension 'colcon_meta'
[0.357s] Level 1:colcon.colcon_core.package_identification:_identify(src/driver) by extensions ['ros']
[0.357s] Level 1:colcon.colcon_core.package_identification:_identify(src/driver) by extension 'ros'
[0.357s] Level 1:colcon.colcon_core.package_identification:_identify(src/driver) by extensions ['cmake', 'python']
[0.357s] Level 1:colcon.colcon_core.package_identification:_identify(src/driver) by extension 'cmake'
[0.357s] Level 1:colcon.colcon_core.package_identification:_identify(src/driver) by extension 'python'
[0.357s] Level 1:colcon.colcon_core.package_identification:_identify(src/driver) by extensions ['python_setup_py']
[0.357s] Level 1:colcon.colcon_core.package_identification:_identify(src/driver) by extension 'python_setup_py'
[0.357s] Level 1:colcon.colcon_core.package_identification:_identify(src/driver/dji_Action4_camera) by extensions ['ignore', 'ignore_ament_install']
[0.357s] Level 1:colcon.colcon_core.package_identification:_identify(src/driver/dji_Action4_camera) by extension 'ignore'
[0.357s] Level 1:colcon.colcon_core.package_identification:_identify(src/driver/dji_Action4_camera) by extension 'ignore_ament_install'
[0.357s] Level 1:colcon.colcon_core.package_identification:_identify(src/driver/dji_Action4_camera) by extensions ['colcon_pkg']
[0.357s] Level 1:colcon.colcon_core.package_identification:_identify(src/driver/dji_Action4_camera) by extension 'colcon_pkg'
[0.357s] Level 1:colcon.colcon_core.package_identification:_identify(src/driver/dji_Action4_camera) by extensions ['colcon_meta']
[0.357s] Level 1:colcon.colcon_core.package_identification:_identify(src/driver/dji_Action4_camera) by extension 'colcon_meta'
[0.358s] Level 1:colcon.colcon_core.package_identification:_identify(src/driver/dji_Action4_camera) by extensions ['ros']
[0.358s] Level 1:colcon.colcon_core.package_identification:_identify(src/driver/dji_Action4_camera) by extension 'ros'
[0.359s] DEBUG:colcon.colcon_core.package_identification:Package 'src/driver/dji_Action4_camera' with type 'ros.ament_cmake' and name 'dji_action4_camera'
[0.359s] Level 1:colcon.colcon_core.package_identification:_identify(src/driver/mindvision_camera) by extensions ['ignore', 'ignore_ament_install']
[0.359s] Level 1:colcon.colcon_core.package_identification:_identify(src/driver/mindvision_camera) by extension 'ignore'
[0.359s] Level 1:colcon.colcon_core.package_identification:_identify(src/driver/mindvision_camera) by extension 'ignore_ament_install'
[0.359s] Level 1:colcon.colcon_core.package_identification:_identify(src/driver/mindvision_camera) by extensions ['colcon_pkg']
[0.359s] Level 1:colcon.colcon_core.package_identification:_identify(src/driver/mindvision_camera) by extension 'colcon_pkg'
[0.359s] Level 1:colcon.colcon_core.package_identification:_identify(src/driver/mindvision_camera) by extensions ['colcon_meta']
[0.359s] Level 1:colcon.colcon_core.package_identification:_identify(src/driver/mindvision_camera) by extension 'colcon_meta'
[0.359s] Level 1:colcon.colcon_core.package_identification:_identify(src/driver/mindvision_camera) by extensions ['ros']
[0.359s] Level 1:colcon.colcon_core.package_identification:_identify(src/driver/mindvision_camera) by extension 'ros'
[0.360s] DEBUG:colcon.colcon_core.package_identification:Package 'src/driver/mindvision_camera' with type 'ros.ament_cmake' and name 'mindvision_camera'
[0.361s] Level 1:colcon.colcon_core.package_identification:_identify(src/driver/rplidar_ros) by extensions ['ignore', 'ignore_ament_install']
[0.361s] Level 1:colcon.colcon_core.package_identification:_identify(src/driver/rplidar_ros) by extension 'ignore'
[0.361s] Level 1:colcon.colcon_core.package_identification:_identify(src/driver/rplidar_ros) by extension 'ignore_ament_install'
[0.361s] Level 1:colcon.colcon_core.package_identification:_identify(src/driver/rplidar_ros) by extensions ['colcon_pkg']
[0.361s] Level 1:colcon.colcon_core.package_identification:_identify(src/driver/rplidar_ros) by extension 'colcon_pkg'
[0.361s] Level 1:colcon.colcon_core.package_identification:_identify(src/driver/rplidar_ros) by extensions ['colcon_meta']
[0.361s] Level 1:colcon.colcon_core.package_identification:_identify(src/driver/rplidar_ros) by extension 'colcon_meta'
[0.361s] Level 1:colcon.colcon_core.package_identification:_identify(src/driver/rplidar_ros) by extensions ['ros']
[0.361s] Level 1:colcon.colcon_core.package_identification:_identify(src/driver/rplidar_ros) by extension 'ros'
[0.362s] DEBUG:colcon.colcon_core.package_identification:Package 'src/driver/rplidar_ros' with type 'ros.ament_cmake' and name 'rplidar_ros'
[0.362s] Level 1:colcon.colcon_core.package_identification:_identify(src/driver/usb_camera) by extensions ['ignore', 'ignore_ament_install']
[0.362s] Level 1:colcon.colcon_core.package_identification:_identify(src/driver/usb_camera) by extension 'ignore'
[0.362s] Level 1:colcon.colcon_core.package_identification:_identify(src/driver/usb_camera) by extension 'ignore_ament_install'
[0.362s] Level 1:colcon.colcon_core.package_identification:_identify(src/driver/usb_camera) by extensions ['colcon_pkg']
[0.362s] Level 1:colcon.colcon_core.package_identification:_identify(src/driver/usb_camera) by extension 'colcon_pkg'
[0.362s] Level 1:colcon.colcon_core.package_identification:_identify(src/driver/usb_camera) by extensions ['colcon_meta']
[0.362s] Level 1:colcon.colcon_core.package_identification:_identify(src/driver/usb_camera) by extension 'colcon_meta'
[0.363s] Level 1:colcon.colcon_core.package_identification:_identify(src/driver/usb_camera) by extensions ['ros']
[0.363s] Level 1:colcon.colcon_core.package_identification:_identify(src/driver/usb_camera) by extension 'ros'
[0.363s] DEBUG:colcon.colcon_core.package_identification:Package 'src/driver/usb_camera' with type 'ros.ament_cmake' and name 'usb_camera'
[0.363s] Level 1:colcon.colcon_core.package_discovery:discover_packages(recursive) using defaults
[0.364s] Level 1:colcon.colcon_core.package_discovery:discover_packages(ignore) discover
[0.364s] Level 1:colcon.colcon_core.package_discovery:discover_packages(ignore) using defaults
[0.364s] Level 1:colcon.colcon_core.package_discovery:discover_packages(path) discover
[0.364s] Level 1:colcon.colcon_core.package_discovery:discover_packages(path) using defaults
[0.390s] Level 5:colcon.colcon_core.verb:set package 'car_control' build argument 'cmake_args' from command line to 'None'
[0.390s] Level 5:colcon.colcon_core.verb:set package 'car_control' build argument 'cmake_target' from command line to 'None'
[0.390s] Level 5:colcon.colcon_core.verb:set package 'car_control' build argument 'cmake_target_skip_unavailable' from command line to 'False'
[0.390s] Level 5:colcon.colcon_core.verb:set package 'car_control' build argument 'cmake_clean_cache' from command line to 'False'
[0.390s] Level 5:colcon.colcon_core.verb:set package 'car_control' build argument 'cmake_clean_first' from command line to 'False'
[0.390s] Level 5:colcon.colcon_core.verb:set package 'car_control' build argument 'cmake_force_configure' from command line to 'False'
[0.390s] Level 5:colcon.colcon_core.verb:set package 'car_control' build argument 'ament_cmake_args' from command line to 'None'
[0.390s] Level 5:colcon.colcon_core.verb:set package 'car_control' build argument 'catkin_cmake_args' from command line to 'None'
[0.390s] Level 5:colcon.colcon_core.verb:set package 'car_control' build argument 'catkin_skip_building_tests' from command line to 'False'
[0.390s] DEBUG:colcon.colcon_core.verb:Building package 'car_control' with the following arguments: {'ament_cmake_args': None, 'build_base': '/home/orangepi/Code/IR_vision/build/car_control', 'catkin_cmake_args': None, 'catkin_skip_building_tests': False, 'cmake_args': None, 'cmake_clean_cache': False, 'cmake_clean_first': False, 'cmake_force_configure': False, 'cmake_target': None, 'cmake_target_skip_unavailable': False, 'install_base': '/home/orangepi/Code/IR_vision/install/car_control', 'merge_install': False, 'path': '/home/orangepi/Code/IR_vision/src/car_control', 'symlink_install': False, 'test_result_base': None}
[0.391s] Level 5:colcon.colcon_core.verb:set package 'dji_action4_camera' build argument 'cmake_args' from command line to 'None'
[0.391s] Level 5:colcon.colcon_core.verb:set package 'dji_action4_camera' build argument 'cmake_target' from command line to 'None'
[0.391s] Level 5:colcon.colcon_core.verb:set package 'dji_action4_camera' build argument 'cmake_target_skip_unavailable' from command line to 'False'
[0.391s] Level 5:colcon.colcon_core.verb:set package 'dji_action4_camera' build argument 'cmake_clean_cache' from command line to 'False'
[0.391s] Level 5:colcon.colcon_core.verb:set package 'dji_action4_camera' build argument 'cmake_clean_first' from command line to 'False'
[0.391s] Level 5:colcon.colcon_core.verb:set package 'dji_action4_camera' build argument 'cmake_force_configure' from command line to 'False'
[0.391s] Level 5:colcon.colcon_core.verb:set package 'dji_action4_camera' build argument 'ament_cmake_args' from command line to 'None'
[0.391s] Level 5:colcon.colcon_core.verb:set package 'dji_action4_camera' build argument 'catkin_cmake_args' from command line to 'None'
[0.391s] Level 5:colcon.colcon_core.verb:set package 'dji_action4_camera' build argument 'catkin_skip_building_tests' from command line to 'False'
[0.391s] DEBUG:colcon.colcon_core.verb:Building package 'dji_action4_camera' with the following arguments: {'ament_cmake_args': None, 'build_base': '/home/orangepi/Code/IR_vision/build/dji_action4_camera', 'catkin_cmake_args': None, 'catkin_skip_building_tests': False, 'cmake_args': None, 'cmake_clean_cache': False, 'cmake_clean_first': False, 'cmake_force_configure': False, 'cmake_target': None, 'cmake_target_skip_unavailable': False, 'install_base': '/home/orangepi/Code/IR_vision/install/dji_action4_camera', 'merge_install': False, 'path': '/home/orangepi/Code/IR_vision/src/driver/dji_Action4_camera', 'symlink_install': False, 'test_result_base': None}
[0.392s] Level 5:colcon.colcon_core.verb:set package 'mindvision_camera' build argument 'cmake_args' from command line to 'None'
[0.392s] Level 5:colcon.colcon_core.verb:set package 'mindvision_camera' build argument 'cmake_target' from command line to 'None'
[0.392s] Level 5:colcon.colcon_core.verb:set package 'mindvision_camera' build argument 'cmake_target_skip_unavailable' from command line to 'False'
[0.392s] Level 5:colcon.colcon_core.verb:set package 'mindvision_camera' build argument 'cmake_clean_cache' from command line to 'False'
[0.392s] Level 5:colcon.colcon_core.verb:set package 'mindvision_camera' build argument 'cmake_clean_first' from command line to 'False'
[0.392s] Level 5:colcon.colcon_core.verb:set package 'mindvision_camera' build argument 'cmake_force_configure' from command line to 'False'
[0.392s] Level 5:colcon.colcon_core.verb:set package 'mindvision_camera' build argument 'ament_cmake_args' from command line to 'None'
[0.392s] Level 5:colcon.colcon_core.verb:set package 'mindvision_camera' build argument 'catkin_cmake_args' from command line to 'None'
[0.392s] Level 5:colcon.colcon_core.verb:set package 'mindvision_camera' build argument 'catkin_skip_building_tests' from command line to 'False'
[0.392s] DEBUG:colcon.colcon_core.verb:Building package 'mindvision_camera' with the following arguments: {'ament_cmake_args': None, 'build_base': '/home/orangepi/Code/IR_vision/build/mindvision_camera', 'catkin_cmake_args': None, 'catkin_skip_building_tests': False, 'cmake_args': None, 'cmake_clean_cache': False, 'cmake_clean_first': False, 'cmake_force_configure': False, 'cmake_target': None, 'cmake_target_skip_unavailable': False, 'install_base': '/home/orangepi/Code/IR_vision/install/mindvision_camera', 'merge_install': False, 'path': '/home/orangepi/Code/IR_vision/src/driver/mindvision_camera', 'symlink_install': False, 'test_result_base': None}
[0.392s] Level 5:colcon.colcon_core.verb:set package 'rplidar_ros' build argument 'cmake_args' from command line to 'None'
[0.392s] Level 5:colcon.colcon_core.verb:set package 'rplidar_ros' build argument 'cmake_target' from command line to 'None'
[0.392s] Level 5:colcon.colcon_core.verb:set package 'rplidar_ros' build argument 'cmake_target_skip_unavailable' from command line to 'False'
[0.392s] Level 5:colcon.colcon_core.verb:set package 'rplidar_ros' build argument 'cmake_clean_cache' from command line to 'False'
[0.392s] Level 5:colcon.colcon_core.verb:set package 'rplidar_ros' build argument 'cmake_clean_first' from command line to 'False'
[0.392s] Level 5:colcon.colcon_core.verb:set package 'rplidar_ros' build argument 'cmake_force_configure' from command line to 'False'
[0.392s] Level 5:colcon.colcon_core.verb:set package 'rplidar_ros' build argument 'ament_cmake_args' from command line to 'None'
[0.393s] Level 5:colcon.colcon_core.verb:set package 'rplidar_ros' build argument 'catkin_cmake_args' from command line to 'None'
[0.393s] Level 5:colcon.colcon_core.verb:set package 'rplidar_ros' build argument 'catkin_skip_building_tests' from command line to 'False'
[0.393s] DEBUG:colcon.colcon_core.verb:Building package 'rplidar_ros' with the following arguments: {'ament_cmake_args': None, 'build_base': '/home/orangepi/Code/IR_vision/build/rplidar_ros', 'catkin_cmake_args': None, 'catkin_skip_building_tests': False, 'cmake_args': None, 'cmake_clean_cache': False, 'cmake_clean_first': False, 'cmake_force_configure': False, 'cmake_target': None, 'cmake_target_skip_unavailable': False, 'install_base': '/home/orangepi/Code/IR_vision/install/rplidar_ros', 'merge_install': False, 'path': '/home/orangepi/Code/IR_vision/src/driver/rplidar_ros', 'symlink_install': False, 'test_result_base': None}
[0.393s] Level 5:colcon.colcon_core.verb:set package 'usb_camera' build argument 'cmake_args' from command line to 'None'
[0.393s] Level 5:colcon.colcon_core.verb:set package 'usb_camera' build argument 'cmake_target' from command line to 'None'
[0.393s] Level 5:colcon.colcon_core.verb:set package 'usb_camera' build argument 'cmake_target_skip_unavailable' from command line to 'False'
[0.393s] Level 5:colcon.colcon_core.verb:set package 'usb_camera' build argument 'cmake_clean_cache' from command line to 'False'
[0.393s] Level 5:colcon.colcon_core.verb:set package 'usb_camera' build argument 'cmake_clean_first' from command line to 'False'
[0.393s] Level 5:colcon.colcon_core.verb:set package 'usb_camera' build argument 'cmake_force_configure' from command line to 'False'
[0.393s] Level 5:colcon.colcon_core.verb:set package 'usb_camera' build argument 'ament_cmake_args' from command line to 'None'
[0.393s] Level 5:colcon.colcon_core.verb:set package 'usb_camera' build argument 'catkin_cmake_args' from command line to 'None'
[0.393s] Level 5:colcon.colcon_core.verb:set package 'usb_camera' build argument 'catkin_skip_building_tests' from command line to 'False'
[0.393s] DEBUG:colcon.colcon_core.verb:Building package 'usb_camera' with the following arguments: {'ament_cmake_args': None, 'build_base': '/home/orangepi/Code/IR_vision/build/usb_camera', 'catkin_cmake_args': None, 'catkin_skip_building_tests': False, 'cmake_args': None, 'cmake_clean_cache': False, 'cmake_clean_first': False, 'cmake_force_configure': False, 'cmake_target': None, 'cmake_target_skip_unavailable': False, 'install_base': '/home/orangepi/Code/IR_vision/install/usb_camera', 'merge_install': False, 'path': '/home/orangepi/Code/IR_vision/src/driver/usb_camera', 'symlink_install': False, 'test_result_base': None}
[0.393s] INFO:colcon.colcon_core.executor:Executing jobs using 'parallel' executor
[0.395s] DEBUG:colcon.colcon_parallel_executor.executor.parallel:run_until_complete
[0.395s] INFO:colcon.colcon_ros.task.ament_cmake.build:Building ROS package in '/home/orangepi/Code/IR_vision/src/car_control' with build type 'ament_cmake'
[0.395s] INFO:colcon.colcon_cmake.task.cmake.build:Building CMake package in '/home/orangepi/Code/IR_vision/src/car_control'
[0.399s] INFO:colcon.colcon_core.plugin_system:Skipping extension 'colcon_core.shell.bat': Not used on non-Windows systems
[0.400s] INFO:colcon.colcon_core.shell:Skip shell extension 'powershell' for command environment: Not usable outside of PowerShell
[0.400s] DEBUG:colcon.colcon_core.shell:Skip shell extension 'dsv' for command environment
[0.406s] INFO:colcon.colcon_ros.task.ament_cmake.build:Building ROS package in '/home/orangepi/Code/IR_vision/src/driver/dji_Action4_camera' with build type 'ament_cmake'
[0.406s] INFO:colcon.colcon_cmake.task.cmake.build:Building CMake package in '/home/orangepi/Code/IR_vision/src/driver/dji_Action4_camera'
[0.407s] INFO:colcon.colcon_core.shell:Skip shell extension 'powershell' for command environment: Not usable outside of PowerShell
[0.407s] DEBUG:colcon.colcon_core.shell:Skip shell extension 'dsv' for command environment
[0.412s] INFO:colcon.colcon_ros.task.ament_cmake.build:Building ROS package in '/home/orangepi/Code/IR_vision/src/driver/mindvision_camera' with build type 'ament_cmake'
[0.412s] INFO:colcon.colcon_cmake.task.cmake.build:Building CMake package in '/home/orangepi/Code/IR_vision/src/driver/mindvision_camera'
[0.413s] INFO:colcon.colcon_core.shell:Skip shell extension 'powershell' for command environment: Not usable outside of PowerShell
[0.413s] DEBUG:colcon.colcon_core.shell:Skip shell extension 'dsv' for command environment
[0.418s] INFO:colcon.colcon_ros.task.ament_cmake.build:Building ROS package in '/home/orangepi/Code/IR_vision/src/driver/rplidar_ros' with build type 'ament_cmake'
[0.418s] INFO:colcon.colcon_cmake.task.cmake.build:Building CMake package in '/home/orangepi/Code/IR_vision/src/driver/rplidar_ros'
[0.419s] INFO:colcon.colcon_core.shell:Skip shell extension 'powershell' for command environment: Not usable outside of PowerShell
[0.419s] DEBUG:colcon.colcon_core.shell:Skip shell extension 'dsv' for command environment
[0.424s] INFO:colcon.colcon_ros.task.ament_cmake.build:Building ROS package in '/home/orangepi/Code/IR_vision/src/driver/usb_camera' with build type 'ament_cmake'
[0.425s] INFO:colcon.colcon_cmake.task.cmake.build:Building CMake package in '/home/orangepi/Code/IR_vision/src/driver/usb_camera'
[0.425s] INFO:colcon.colcon_core.shell:Skip shell extension 'powershell' for command environment: Not usable outside of PowerShell
[0.425s] DEBUG:colcon.colcon_core.shell:Skip shell extension 'dsv' for command environment
[0.440s] DEBUG:colcon.colcon_core.event_handler.log_command:Invoking command in '/home/orangepi/Code/IR_vision/build/car_control': CMAKE_PREFIX_PATH=${CMAKE_PREFIX_PATH}:/opt/ros/humble /usr/bin/cmake --build /home/orangepi/Code/IR_vision/build/car_control -- -j8 -l8
[0.446s] DEBUG:colcon.colcon_core.event_handler.log_command:Invoking command in '/home/orangepi/Code/IR_vision/build/dji_action4_camera': CMAKE_PREFIX_PATH=${CMAKE_PREFIX_PATH}:/opt/ros/humble /usr/bin/cmake --build /home/orangepi/Code/IR_vision/build/dji_action4_camera -- -j8 -l8
[0.452s] DEBUG:colcon.colcon_core.event_handler.log_command:Invoking command in '/home/orangepi/Code/IR_vision/build/mindvision_camera': CMAKE_PREFIX_PATH=${CMAKE_PREFIX_PATH}:/opt/ros/humble /usr/bin/cmake --build /home/orangepi/Code/IR_vision/build/mindvision_camera -- -j8 -l8
[0.462s] DEBUG:colcon.colcon_core.event_handler.log_command:Invoking command in '/home/orangepi/Code/IR_vision/build/rplidar_ros': CMAKE_PREFIX_PATH=${CMAKE_PREFIX_PATH}:/opt/ros/humble /usr/bin/cmake --build /home/orangepi/Code/IR_vision/build/rplidar_ros -- -j8 -l8
[0.474s] DEBUG:colcon.colcon_core.event_handler.log_command:Invoking command in '/home/orangepi/Code/IR_vision/build/usb_camera': CMAKE_PREFIX_PATH=${CMAKE_PREFIX_PATH}:/opt/ros/humble /usr/bin/cmake --build /home/orangepi/Code/IR_vision/build/usb_camera -- -j8 -l8
[0.604s] DEBUG:colcon.colcon_core.event_handler.log_command:Invoked command in '/home/orangepi/Code/IR_vision/build/usb_camera' returned '0': CMAKE_PREFIX_PATH=${CMAKE_PREFIX_PATH}:/opt/ros/humble /usr/bin/cmake --build /home/orangepi/Code/IR_vision/build/usb_camera -- -j8 -l8
[0.615s] DEBUG:colcon.colcon_core.event_handler.log_command:Invoking command in '/home/orangepi/Code/IR_vision/build/usb_camera': CMAKE_PREFIX_PATH=${CMAKE_PREFIX_PATH}:/opt/ros/humble /usr/bin/cmake --install /home/orangepi/Code/IR_vision/build/usb_camera
[0.673s] Level 1:colcon.colcon_core.environment:create_environment_scripts_only(usb_camera)
[0.677s] DEBUG:colcon.colcon_core.event_handler.log_command:Invoked command in '/home/orangepi/Code/IR_vision/build/mindvision_camera' returned '0': CMAKE_PREFIX_PATH=${CMAKE_PREFIX_PATH}:/opt/ros/humble /usr/bin/cmake --build /home/orangepi/Code/IR_vision/build/mindvision_camera -- -j8 -l8
[0.678s] DEBUG:colcon.colcon_core.event_handler.log_command:Invoking command in '/home/orangepi/Code/IR_vision/build/mindvision_camera': CMAKE_PREFIX_PATH=${CMAKE_PREFIX_PATH}:/opt/ros/humble /usr/bin/cmake --install /home/orangepi/Code/IR_vision/build/mindvision_camera
[0.678s] DEBUG:colcon.colcon_core.event_handler.log_command:Invoked command in '/home/orangepi/Code/IR_vision/build/usb_camera' returned '0': CMAKE_PREFIX_PATH=${CMAKE_PREFIX_PATH}:/opt/ros/humble /usr/bin/cmake --install /home/orangepi/Code/IR_vision/build/usb_camera
[0.679s] Level 1:colcon.colcon_core.environment:checking '/home/orangepi/Code/IR_vision/install/usb_camera' for CMake module files
[0.680s] Level 1:colcon.colcon_core.environment:checking '/home/orangepi/Code/IR_vision/install/usb_camera' for CMake config files
[0.680s] Level 1:colcon.colcon_core.shell:create_environment_hook('usb_camera', 'cmake_prefix_path')
[0.680s] INFO:colcon.colcon_core.shell:Creating environment hook '/home/orangepi/Code/IR_vision/install/usb_camera/share/usb_camera/hook/cmake_prefix_path.ps1'
[0.681s] INFO:colcon.colcon_core.shell:Creating environment descriptor '/home/orangepi/Code/IR_vision/install/usb_camera/share/usb_camera/hook/cmake_prefix_path.dsv'
[0.682s] INFO:colcon.colcon_core.shell:Creating environment hook '/home/orangepi/Code/IR_vision/install/usb_camera/share/usb_camera/hook/cmake_prefix_path.sh'
[0.684s] Level 1:colcon.colcon_core.environment:checking '/home/orangepi/Code/IR_vision/install/usb_camera/lib'
[0.684s] Level 1:colcon.colcon_core.environment:checking '/home/orangepi/Code/IR_vision/install/usb_camera/bin'
[0.684s] Level 1:colcon.colcon_core.environment:checking '/home/orangepi/Code/IR_vision/install/usb_camera/lib/pkgconfig/usb_camera.pc'
[0.687s] Level 1:colcon.colcon_core.environment:checking '/home/orangepi/Code/IR_vision/install/usb_camera/lib/python3.10/site-packages'
[0.687s] Level 1:colcon.colcon_core.environment:checking '/home/orangepi/Code/IR_vision/install/usb_camera/bin'
[0.688s] INFO:colcon.colcon_core.shell:Creating package script '/home/orangepi/Code/IR_vision/install/usb_camera/share/usb_camera/package.ps1'
[0.689s] INFO:colcon.colcon_core.shell:Creating package descriptor '/home/orangepi/Code/IR_vision/install/usb_camera/share/usb_camera/package.dsv'
[0.690s] INFO:colcon.colcon_core.shell:Creating package script '/home/orangepi/Code/IR_vision/install/usb_camera/share/usb_camera/package.sh'
[0.691s] INFO:colcon.colcon_core.shell:Creating package script '/home/orangepi/Code/IR_vision/install/usb_camera/share/usb_camera/package.bash'
[0.692s] INFO:colcon.colcon_core.shell:Creating package script '/home/orangepi/Code/IR_vision/install/usb_camera/share/usb_camera/package.zsh'
[0.693s] Level 1:colcon.colcon_core.environment:create_file_with_runtime_dependencies(/home/orangepi/Code/IR_vision/install/usb_camera/share/colcon-core/packages/usb_camera)
[0.695s] Level 1:colcon.colcon_core.environment:create_environment_scripts_only(usb_camera)
[0.695s] Level 1:colcon.colcon_core.environment:checking '/home/orangepi/Code/IR_vision/install/usb_camera' for CMake module files
[0.696s] Level 1:colcon.colcon_core.environment:checking '/home/orangepi/Code/IR_vision/install/usb_camera' for CMake config files
[0.696s] Level 1:colcon.colcon_core.shell:create_environment_hook('usb_camera', 'cmake_prefix_path')
[0.697s] INFO:colcon.colcon_core.shell:Creating environment hook '/home/orangepi/Code/IR_vision/install/usb_camera/share/usb_camera/hook/cmake_prefix_path.ps1'
[0.697s] INFO:colcon.colcon_core.shell:Creating environment descriptor '/home/orangepi/Code/IR_vision/install/usb_camera/share/usb_camera/hook/cmake_prefix_path.dsv'
[0.698s] INFO:colcon.colcon_core.shell:Creating environment hook '/home/orangepi/Code/IR_vision/install/usb_camera/share/usb_camera/hook/cmake_prefix_path.sh'
[0.699s] Level 1:colcon.colcon_core.environment:checking '/home/orangepi/Code/IR_vision/install/usb_camera/lib'
[0.699s] Level 1:colcon.colcon_core.environment:checking '/home/orangepi/Code/IR_vision/install/usb_camera/bin'
[0.699s] Level 1:colcon.colcon_core.environment:checking '/home/orangepi/Code/IR_vision/install/usb_camera/lib/pkgconfig/usb_camera.pc'
[0.700s] Level 1:colcon.colcon_core.environment:checking '/home/orangepi/Code/IR_vision/install/usb_camera/lib/python3.10/site-packages'
[0.700s] Level 1:colcon.colcon_core.environment:checking '/home/orangepi/Code/IR_vision/install/usb_camera/bin'
[0.701s] INFO:colcon.colcon_core.shell:Creating package script '/home/orangepi/Code/IR_vision/install/usb_camera/share/usb_camera/package.ps1'
[0.701s] INFO:colcon.colcon_core.shell:Creating package descriptor '/home/orangepi/Code/IR_vision/install/usb_camera/share/usb_camera/package.dsv'
[0.702s] INFO:colcon.colcon_core.shell:Creating package script '/home/orangepi/Code/IR_vision/install/usb_camera/share/usb_camera/package.sh'
[0.703s] INFO:colcon.colcon_core.shell:Creating package script '/home/orangepi/Code/IR_vision/install/usb_camera/share/usb_camera/package.bash'
[0.703s] INFO:colcon.colcon_core.shell:Creating package script '/home/orangepi/Code/IR_vision/install/usb_camera/share/usb_camera/package.zsh'
[0.704s] Level 1:colcon.colcon_core.environment:create_file_with_runtime_dependencies(/home/orangepi/Code/IR_vision/install/usb_camera/share/colcon-core/packages/usb_camera)
[0.710s] DEBUG:colcon.colcon_core.event_handler.log_command:Invoked command in '/home/orangepi/Code/IR_vision/build/dji_action4_camera' returned '0': CMAKE_PREFIX_PATH=${CMAKE_PREFIX_PATH}:/opt/ros/humble /usr/bin/cmake --build /home/orangepi/Code/IR_vision/build/dji_action4_camera -- -j8 -l8
[0.713s] Level 1:colcon.colcon_core.environment:create_environment_scripts_only(mindvision_camera)
[0.714s] Level 1:colcon.colcon_core.environment:checking '/home/orangepi/Code/IR_vision/install/mindvision_camera' for CMake module files
[0.717s] Level 1:colcon.colcon_core.environment:checking '/home/orangepi/Code/IR_vision/install/mindvision_camera' for CMake config files
[0.718s] Level 1:colcon.colcon_core.shell:create_environment_hook('mindvision_camera', 'cmake_prefix_path')
[0.719s] INFO:colcon.colcon_core.shell:Creating environment hook '/home/orangepi/Code/IR_vision/install/mindvision_camera/share/mindvision_camera/hook/cmake_prefix_path.ps1'
[0.720s] INFO:colcon.colcon_core.shell:Creating environment descriptor '/home/orangepi/Code/IR_vision/install/mindvision_camera/share/mindvision_camera/hook/cmake_prefix_path.dsv'
[0.721s] INFO:colcon.colcon_core.shell:Creating environment hook '/home/orangepi/Code/IR_vision/install/mindvision_camera/share/mindvision_camera/hook/cmake_prefix_path.sh'
[0.724s] DEBUG:colcon.colcon_core.event_handler.log_command:Invoking command in '/home/orangepi/Code/IR_vision/build/dji_action4_camera': CMAKE_PREFIX_PATH=${CMAKE_PREFIX_PATH}:/opt/ros/humble /usr/bin/cmake --install /home/orangepi/Code/IR_vision/build/dji_action4_camera
[0.724s] Level 1:colcon.colcon_core.environment:checking '/home/orangepi/Code/IR_vision/install/mindvision_camera/lib'
[0.725s] DEBUG:colcon.colcon_core.event_handler.log_command:Invoked command in '/home/orangepi/Code/IR_vision/build/rplidar_ros' returned '0': CMAKE_PREFIX_PATH=${CMAKE_PREFIX_PATH}:/opt/ros/humble /usr/bin/cmake --build /home/orangepi/Code/IR_vision/build/rplidar_ros -- -j8 -l8
[0.725s] Level 1:colcon.colcon_core.shell:create_environment_hook('mindvision_camera', 'ld_library_path_lib')
[0.725s] INFO:colcon.colcon_core.shell:Creating environment hook '/home/orangepi/Code/IR_vision/install/mindvision_camera/share/mindvision_camera/hook/ld_library_path_lib.ps1'
[0.726s] DEBUG:colcon.colcon_core.event_handler.log_command:Invoking command in '/home/orangepi/Code/IR_vision/build/rplidar_ros': CMAKE_PREFIX_PATH=${CMAKE_PREFIX_PATH}:/opt/ros/humble /usr/bin/cmake --install /home/orangepi/Code/IR_vision/build/rplidar_ros
[0.727s] DEBUG:colcon.colcon_core.event_handler.log_command:Invoked command in '/home/orangepi/Code/IR_vision/build/mindvision_camera' returned '0': CMAKE_PREFIX_PATH=${CMAKE_PREFIX_PATH}:/opt/ros/humble /usr/bin/cmake --install /home/orangepi/Code/IR_vision/build/mindvision_camera
[0.727s] INFO:colcon.colcon_core.shell:Creating environment descriptor '/home/orangepi/Code/IR_vision/install/mindvision_camera/share/mindvision_camera/hook/ld_library_path_lib.dsv'
[0.729s] INFO:colcon.colcon_core.shell:Creating environment hook '/home/orangepi/Code/IR_vision/install/mindvision_camera/share/mindvision_camera/hook/ld_library_path_lib.sh'
[0.730s] Level 1:colcon.colcon_core.environment:checking '/home/orangepi/Code/IR_vision/install/mindvision_camera/bin'
[0.730s] Level 1:colcon.colcon_core.environment:checking '/home/orangepi/Code/IR_vision/install/mindvision_camera/lib/pkgconfig/mindvision_camera.pc'
[0.731s] Level 1:colcon.colcon_core.environment:checking '/home/orangepi/Code/IR_vision/install/mindvision_camera/lib/python3.10/site-packages'
[0.731s] Level 1:colcon.colcon_core.environment:checking '/home/orangepi/Code/IR_vision/install/mindvision_camera/bin'
[0.732s] INFO:colcon.colcon_core.shell:Creating package script '/home/orangepi/Code/IR_vision/install/mindvision_camera/share/mindvision_camera/package.ps1'
[0.733s] INFO:colcon.colcon_core.shell:Creating package descriptor '/home/orangepi/Code/IR_vision/install/mindvision_camera/share/mindvision_camera/package.dsv'
[0.734s] INFO:colcon.colcon_core.shell:Creating package script '/home/orangepi/Code/IR_vision/install/mindvision_camera/share/mindvision_camera/package.sh'
[0.735s] INFO:colcon.colcon_core.shell:Creating package script '/home/orangepi/Code/IR_vision/install/mindvision_camera/share/mindvision_camera/package.bash'
[0.736s] INFO:colcon.colcon_core.shell:Creating package script '/home/orangepi/Code/IR_vision/install/mindvision_camera/share/mindvision_camera/package.zsh'
[0.737s] Level 1:colcon.colcon_core.environment:create_file_with_runtime_dependencies(/home/orangepi/Code/IR_vision/install/mindvision_camera/share/colcon-core/packages/mindvision_camera)
[0.739s] Level 1:colcon.colcon_core.environment:create_environment_scripts_only(mindvision_camera)
[0.740s] Level 1:colcon.colcon_core.environment:checking '/home/orangepi/Code/IR_vision/install/mindvision_camera' for CMake module files
[0.742s] Level 1:colcon.colcon_core.environment:checking '/home/orangepi/Code/IR_vision/install/mindvision_camera' for CMake config files
[0.743s] Level 1:colcon.colcon_core.shell:create_environment_hook('mindvision_camera', 'cmake_prefix_path')
[0.743s] INFO:colcon.colcon_core.shell:Creating environment hook '/home/orangepi/Code/IR_vision/install/mindvision_camera/share/mindvision_camera/hook/cmake_prefix_path.ps1'
[0.745s] INFO:colcon.colcon_core.shell:Creating environment descriptor '/home/orangepi/Code/IR_vision/install/mindvision_camera/share/mindvision_camera/hook/cmake_prefix_path.dsv'
[0.745s] INFO:colcon.colcon_core.shell:Creating environment hook '/home/orangepi/Code/IR_vision/install/mindvision_camera/share/mindvision_camera/hook/cmake_prefix_path.sh'
[0.747s] Level 1:colcon.colcon_core.environment:checking '/home/orangepi/Code/IR_vision/install/mindvision_camera/lib'
[0.747s] Level 1:colcon.colcon_core.shell:create_environment_hook('mindvision_camera', 'ld_library_path_lib')
[0.748s] INFO:colcon.colcon_core.shell:Creating environment hook '/home/orangepi/Code/IR_vision/install/mindvision_camera/share/mindvision_camera/hook/ld_library_path_lib.ps1'
[0.749s] INFO:colcon.colcon_core.shell:Creating environment descriptor '/home/orangepi/Code/IR_vision/install/mindvision_camera/share/mindvision_camera/hook/ld_library_path_lib.dsv'
[0.750s] INFO:colcon.colcon_core.shell:Creating environment hook '/home/orangepi/Code/IR_vision/install/mindvision_camera/share/mindvision_camera/hook/ld_library_path_lib.sh'
[0.751s] Level 1:colcon.colcon_core.environment:checking '/home/orangepi/Code/IR_vision/install/mindvision_camera/bin'
[0.752s] Level 1:colcon.colcon_core.environment:checking '/home/orangepi/Code/IR_vision/install/mindvision_camera/lib/pkgconfig/mindvision_camera.pc'
[0.752s] Level 1:colcon.colcon_core.environment:checking '/home/orangepi/Code/IR_vision/install/mindvision_camera/lib/python3.10/site-packages'
[0.752s] Level 1:colcon.colcon_core.environment:checking '/home/orangepi/Code/IR_vision/install/mindvision_camera/bin'
[0.753s] INFO:colcon.colcon_core.shell:Creating package script '/home/orangepi/Code/IR_vision/install/mindvision_camera/share/mindvision_camera/package.ps1'
[0.754s] INFO:colcon.colcon_core.shell:Creating package descriptor '/home/orangepi/Code/IR_vision/install/mindvision_camera/share/mindvision_camera/package.dsv'
[0.755s] INFO:colcon.colcon_core.shell:Creating package script '/home/orangepi/Code/IR_vision/install/mindvision_camera/share/mindvision_camera/package.sh'
[0.756s] INFO:colcon.colcon_core.shell:Creating package script '/home/orangepi/Code/IR_vision/install/mindvision_camera/share/mindvision_camera/package.bash'
[0.757s] INFO:colcon.colcon_core.shell:Creating package script '/home/orangepi/Code/IR_vision/install/mindvision_camera/share/mindvision_camera/package.zsh'
[0.758s] Level 1:colcon.colcon_core.environment:create_file_with_runtime_dependencies(/home/orangepi/Code/IR_vision/install/mindvision_camera/share/colcon-core/packages/mindvision_camera)
[0.760s] Level 1:colcon.colcon_core.environment:create_environment_scripts_only(rplidar_ros)
[0.761s] Level 1:colcon.colcon_core.environment:checking '/home/orangepi/Code/IR_vision/install/rplidar_ros' for CMake module files
[0.762s] Level 1:colcon.colcon_core.environment:checking '/home/orangepi/Code/IR_vision/install/rplidar_ros' for CMake config files
[0.764s] DEBUG:colcon.colcon_core.event_handler.log_command:Invoked command in '/home/orangepi/Code/IR_vision/build/rplidar_ros' returned '0': CMAKE_PREFIX_PATH=${CMAKE_PREFIX_PATH}:/opt/ros/humble /usr/bin/cmake --install /home/orangepi/Code/IR_vision/build/rplidar_ros
[0.764s] Level 1:colcon.colcon_core.shell:create_environment_hook('rplidar_ros', 'cmake_prefix_path')
[0.765s] INFO:colcon.colcon_core.shell:Creating environment hook '/home/orangepi/Code/IR_vision/install/rplidar_ros/share/rplidar_ros/hook/cmake_prefix_path.ps1'
[0.766s] INFO:colcon.colcon_core.shell:Creating environment descriptor '/home/orangepi/Code/IR_vision/install/rplidar_ros/share/rplidar_ros/hook/cmake_prefix_path.dsv'
[0.767s] INFO:colcon.colcon_core.shell:Creating environment hook '/home/orangepi/Code/IR_vision/install/rplidar_ros/share/rplidar_ros/hook/cmake_prefix_path.sh'
[0.768s] Level 1:colcon.colcon_core.environment:checking '/home/orangepi/Code/IR_vision/install/rplidar_ros/lib'
[0.768s] Level 1:colcon.colcon_core.environment:checking '/home/orangepi/Code/IR_vision/install/rplidar_ros/bin'
[0.768s] Level 1:colcon.colcon_core.environment:checking '/home/orangepi/Code/IR_vision/install/rplidar_ros/lib/pkgconfig/rplidar_ros.pc'
[0.768s] Level 1:colcon.colcon_core.environment:checking '/home/orangepi/Code/IR_vision/install/rplidar_ros/lib/python3.10/site-packages'
[0.769s] Level 1:colcon.colcon_core.environment:checking '/home/orangepi/Code/IR_vision/install/rplidar_ros/bin'
[0.769s] INFO:colcon.colcon_core.shell:Creating package script '/home/orangepi/Code/IR_vision/install/rplidar_ros/share/rplidar_ros/package.ps1'
[0.770s] INFO:colcon.colcon_core.shell:Creating package descriptor '/home/orangepi/Code/IR_vision/install/rplidar_ros/share/rplidar_ros/package.dsv'
[0.771s] INFO:colcon.colcon_core.shell:Creating package script '/home/orangepi/Code/IR_vision/install/rplidar_ros/share/rplidar_ros/package.sh'
[0.772s] INFO:colcon.colcon_core.shell:Creating package script '/home/orangepi/Code/IR_vision/install/rplidar_ros/share/rplidar_ros/package.bash'
[0.773s] INFO:colcon.colcon_core.shell:Creating package script '/home/orangepi/Code/IR_vision/install/rplidar_ros/share/rplidar_ros/package.zsh'
[0.773s] Level 1:colcon.colcon_core.environment:create_file_with_runtime_dependencies(/home/orangepi/Code/IR_vision/install/rplidar_ros/share/colcon-core/packages/rplidar_ros)
[0.775s] Level 1:colcon.colcon_core.environment:create_environment_scripts_only(rplidar_ros)
[0.775s] Level 1:colcon.colcon_core.environment:checking '/home/orangepi/Code/IR_vision/install/rplidar_ros' for CMake module files
[0.776s] Level 1:colcon.colcon_core.environment:checking '/home/orangepi/Code/IR_vision/install/rplidar_ros' for CMake config files
[0.776s] Level 1:colcon.colcon_core.shell:create_environment_hook('rplidar_ros', 'cmake_prefix_path')
[0.776s] INFO:colcon.colcon_core.shell:Creating environment hook '/home/orangepi/Code/IR_vision/install/rplidar_ros/share/rplidar_ros/hook/cmake_prefix_path.ps1'
[0.777s] INFO:colcon.colcon_core.shell:Creating environment descriptor '/home/orangepi/Code/IR_vision/install/rplidar_ros/share/rplidar_ros/hook/cmake_prefix_path.dsv'
[0.778s] INFO:colcon.colcon_core.shell:Creating environment hook '/home/orangepi/Code/IR_vision/install/rplidar_ros/share/rplidar_ros/hook/cmake_prefix_path.sh'
[0.779s] Level 1:colcon.colcon_core.environment:checking '/home/orangepi/Code/IR_vision/install/rplidar_ros/lib'
[0.779s] Level 1:colcon.colcon_core.environment:checking '/home/orangepi/Code/IR_vision/install/rplidar_ros/bin'
[0.779s] Level 1:colcon.colcon_core.environment:checking '/home/orangepi/Code/IR_vision/install/rplidar_ros/lib/pkgconfig/rplidar_ros.pc'
[0.780s] Level 1:colcon.colcon_core.environment:checking '/home/orangepi/Code/IR_vision/install/rplidar_ros/lib/python3.10/site-packages'
[0.780s] Level 1:colcon.colcon_core.environment:checking '/home/orangepi/Code/IR_vision/install/rplidar_ros/bin'
[0.780s] INFO:colcon.colcon_core.shell:Creating package script '/home/orangepi/Code/IR_vision/install/rplidar_ros/share/rplidar_ros/package.ps1'
[0.781s] INFO:colcon.colcon_core.shell:Creating package descriptor '/home/orangepi/Code/IR_vision/install/rplidar_ros/share/rplidar_ros/package.dsv'
[0.782s] INFO:colcon.colcon_core.shell:Creating package script '/home/orangepi/Code/IR_vision/install/rplidar_ros/share/rplidar_ros/package.sh'
[0.783s] INFO:colcon.colcon_core.shell:Creating package script '/home/orangepi/Code/IR_vision/install/rplidar_ros/share/rplidar_ros/package.bash'
[0.784s] INFO:colcon.colcon_core.shell:Creating package script '/home/orangepi/Code/IR_vision/install/rplidar_ros/share/rplidar_ros/package.zsh'
[0.785s] Level 1:colcon.colcon_core.environment:create_file_with_runtime_dependencies(/home/orangepi/Code/IR_vision/install/rplidar_ros/share/colcon-core/packages/rplidar_ros)
[0.786s] Level 1:colcon.colcon_core.environment:create_environment_scripts_only(dji_action4_camera)
[0.787s] Level 1:colcon.colcon_core.environment:checking '/home/orangepi/Code/IR_vision/install/dji_action4_camera' for CMake module files
[0.788s] Level 1:colcon.colcon_core.environment:checking '/home/orangepi/Code/IR_vision/install/dji_action4_camera' for CMake config files
[0.790s] DEBUG:colcon.colcon_core.event_handler.log_command:Invoked command in '/home/orangepi/Code/IR_vision/build/dji_action4_camera' returned '0': CMAKE_PREFIX_PATH=${CMAKE_PREFIX_PATH}:/opt/ros/humble /usr/bin/cmake --install /home/orangepi/Code/IR_vision/build/dji_action4_camera
[0.790s] Level 1:colcon.colcon_core.shell:create_environment_hook('dji_action4_camera', 'cmake_prefix_path')
[0.790s] INFO:colcon.colcon_core.shell:Creating environment hook '/home/orangepi/Code/IR_vision/install/dji_action4_camera/share/dji_action4_camera/hook/cmake_prefix_path.ps1'
[0.791s] INFO:colcon.colcon_core.shell:Creating environment descriptor '/home/orangepi/Code/IR_vision/install/dji_action4_camera/share/dji_action4_camera/hook/cmake_prefix_path.dsv'
[0.792s] INFO:colcon.colcon_core.shell:Creating environment hook '/home/orangepi/Code/IR_vision/install/dji_action4_camera/share/dji_action4_camera/hook/cmake_prefix_path.sh'
[0.793s] Level 1:colcon.colcon_core.environment:checking '/home/orangepi/Code/IR_vision/install/dji_action4_camera/lib'
[0.793s] Level 1:colcon.colcon_core.environment:checking '/home/orangepi/Code/IR_vision/install/dji_action4_camera/bin'
[0.793s] Level 1:colcon.colcon_core.environment:checking '/home/orangepi/Code/IR_vision/install/dji_action4_camera/lib/pkgconfig/dji_action4_camera.pc'
[0.794s] Level 1:colcon.colcon_core.environment:checking '/home/orangepi/Code/IR_vision/install/dji_action4_camera/lib/python3.10/site-packages'
[0.794s] Level 1:colcon.colcon_core.environment:checking '/home/orangepi/Code/IR_vision/install/dji_action4_camera/bin'
[0.795s] INFO:colcon.colcon_core.shell:Creating package script '/home/orangepi/Code/IR_vision/install/dji_action4_camera/share/dji_action4_camera/package.ps1'
[0.796s] INFO:colcon.colcon_core.shell:Creating package descriptor '/home/orangepi/Code/IR_vision/install/dji_action4_camera/share/dji_action4_camera/package.dsv'
[0.797s] INFO:colcon.colcon_core.shell:Creating package script '/home/orangepi/Code/IR_vision/install/dji_action4_camera/share/dji_action4_camera/package.sh'
[0.798s] INFO:colcon.colcon_core.shell:Creating package script '/home/orangepi/Code/IR_vision/install/dji_action4_camera/share/dji_action4_camera/package.bash'
[0.799s] INFO:colcon.colcon_core.shell:Creating package script '/home/orangepi/Code/IR_vision/install/dji_action4_camera/share/dji_action4_camera/package.zsh'
[0.800s] Level 1:colcon.colcon_core.environment:create_file_with_runtime_dependencies(/home/orangepi/Code/IR_vision/install/dji_action4_camera/share/colcon-core/packages/dji_action4_camera)
[0.801s] Level 1:colcon.colcon_core.environment:create_environment_scripts_only(dji_action4_camera)
[0.802s] Level 1:colcon.colcon_core.environment:checking '/home/orangepi/Code/IR_vision/install/dji_action4_camera' for CMake module files
[0.802s] Level 1:colcon.colcon_core.environment:checking '/home/orangepi/Code/IR_vision/install/dji_action4_camera' for CMake config files
[0.803s] Level 1:colcon.colcon_core.shell:create_environment_hook('dji_action4_camera', 'cmake_prefix_path')
[0.803s] INFO:colcon.colcon_core.shell:Creating environment hook '/home/orangepi/Code/IR_vision/install/dji_action4_camera/share/dji_action4_camera/hook/cmake_prefix_path.ps1'
[0.804s] INFO:colcon.colcon_core.shell:Creating environment descriptor '/home/orangepi/Code/IR_vision/install/dji_action4_camera/share/dji_action4_camera/hook/cmake_prefix_path.dsv'
[0.805s] INFO:colcon.colcon_core.shell:Creating environment hook '/home/orangepi/Code/IR_vision/install/dji_action4_camera/share/dji_action4_camera/hook/cmake_prefix_path.sh'
[0.806s] Level 1:colcon.colcon_core.environment:checking '/home/orangepi/Code/IR_vision/install/dji_action4_camera/lib'
[0.806s] Level 1:colcon.colcon_core.environment:checking '/home/orangepi/Code/IR_vision/install/dji_action4_camera/bin'
[0.806s] Level 1:colcon.colcon_core.environment:checking '/home/orangepi/Code/IR_vision/install/dji_action4_camera/lib/pkgconfig/dji_action4_camera.pc'
[0.807s] Level 1:colcon.colcon_core.environment:checking '/home/orangepi/Code/IR_vision/install/dji_action4_camera/lib/python3.10/site-packages'
[0.807s] Level 1:colcon.colcon_core.environment:checking '/home/orangepi/Code/IR_vision/install/dji_action4_camera/bin'
[0.808s] INFO:colcon.colcon_core.shell:Creating package script '/home/orangepi/Code/IR_vision/install/dji_action4_camera/share/dji_action4_camera/package.ps1'
[0.809s] INFO:colcon.colcon_core.shell:Creating package descriptor '/home/orangepi/Code/IR_vision/install/dji_action4_camera/share/dji_action4_camera/package.dsv'
[0.810s] INFO:colcon.colcon_core.shell:Creating package script '/home/orangepi/Code/IR_vision/install/dji_action4_camera/share/dji_action4_camera/package.sh'
[0.811s] INFO:colcon.colcon_core.shell:Creating package script '/home/orangepi/Code/IR_vision/install/dji_action4_camera/share/dji_action4_camera/package.bash'
[0.812s] INFO:colcon.colcon_core.shell:Creating package script '/home/orangepi/Code/IR_vision/install/dji_action4_camera/share/dji_action4_camera/package.zsh'
[0.813s] Level 1:colcon.colcon_core.environment:create_file_with_runtime_dependencies(/home/orangepi/Code/IR_vision/install/dji_action4_camera/share/colcon-core/packages/dji_action4_camera)
[9.860s] DEBUG:colcon.colcon_core.event_handler.log_command:Invoked command in '/home/orangepi/Code/IR_vision/build/car_control' returned '0': CMAKE_PREFIX_PATH=${CMAKE_PREFIX_PATH}:/opt/ros/humble /usr/bin/cmake --build /home/orangepi/Code/IR_vision/build/car_control -- -j8 -l8
[9.866s] DEBUG:colcon.colcon_core.event_handler.log_command:Invoking command in '/home/orangepi/Code/IR_vision/build/car_control': CMAKE_PREFIX_PATH=${CMAKE_PREFIX_PATH}:/opt/ros/humble /usr/bin/cmake --install /home/orangepi/Code/IR_vision/build/car_control
[9.902s] Level 1:colcon.colcon_core.environment:create_environment_scripts_only(car_control)
[9.904s] Level 1:colcon.colcon_core.environment:checking '/home/orangepi/Code/IR_vision/install/car_control' for CMake module files
[9.908s] DEBUG:colcon.colcon_core.event_handler.log_command:Invoked command in '/home/orangepi/Code/IR_vision/build/car_control' returned '0': CMAKE_PREFIX_PATH=${CMAKE_PREFIX_PATH}:/opt/ros/humble /usr/bin/cmake --install /home/orangepi/Code/IR_vision/build/car_control
[9.909s] Level 1:colcon.colcon_core.environment:checking '/home/orangepi/Code/IR_vision/install/car_control' for CMake config files
[9.910s] Level 1:colcon.colcon_core.shell:create_environment_hook('car_control', 'cmake_prefix_path')
[9.911s] INFO:colcon.colcon_core.shell:Creating environment hook '/home/orangepi/Code/IR_vision/install/car_control/share/car_control/hook/cmake_prefix_path.ps1'
[9.913s] INFO:colcon.colcon_core.shell:Creating environment descriptor '/home/orangepi/Code/IR_vision/install/car_control/share/car_control/hook/cmake_prefix_path.dsv'
[9.914s] INFO:colcon.colcon_core.shell:Creating environment hook '/home/orangepi/Code/IR_vision/install/car_control/share/car_control/hook/cmake_prefix_path.sh'
[9.916s] Level 1:colcon.colcon_core.environment:checking '/home/orangepi/Code/IR_vision/install/car_control/lib'
[9.917s] Level 1:colcon.colcon_core.environment:checking '/home/orangepi/Code/IR_vision/install/car_control/bin'
[9.917s] Level 1:colcon.colcon_core.environment:checking '/home/orangepi/Code/IR_vision/install/car_control/lib/pkgconfig/car_control.pc'
[9.918s] Level 1:colcon.colcon_core.environment:checking '/home/orangepi/Code/IR_vision/install/car_control/lib/python3.10/site-packages'
[9.920s] Level 1:colcon.colcon_core.environment:checking '/home/orangepi/Code/IR_vision/install/car_control/bin'
[9.921s] INFO:colcon.colcon_core.shell:Creating package script '/home/orangepi/Code/IR_vision/install/car_control/share/car_control/package.ps1'
[9.923s] INFO:colcon.colcon_core.shell:Creating package descriptor '/home/orangepi/Code/IR_vision/install/car_control/share/car_control/package.dsv'
[9.924s] INFO:colcon.colcon_core.shell:Creating package script '/home/orangepi/Code/IR_vision/install/car_control/share/car_control/package.sh'
[9.926s] INFO:colcon.colcon_core.shell:Creating package script '/home/orangepi/Code/IR_vision/install/car_control/share/car_control/package.bash'
[9.927s] INFO:colcon.colcon_core.shell:Creating package script '/home/orangepi/Code/IR_vision/install/car_control/share/car_control/package.zsh'
[9.929s] Level 1:colcon.colcon_core.environment:create_file_with_runtime_dependencies(/home/orangepi/Code/IR_vision/install/car_control/share/colcon-core/packages/car_control)
[9.931s] Level 1:colcon.colcon_core.environment:create_environment_scripts_only(car_control)
[9.932s] Level 1:colcon.colcon_core.environment:checking '/home/orangepi/Code/IR_vision/install/car_control' for CMake module files
[9.934s] Level 1:colcon.colcon_core.environment:checking '/home/orangepi/Code/IR_vision/install/car_control' for CMake config files
[9.935s] Level 1:colcon.colcon_core.shell:create_environment_hook('car_control', 'cmake_prefix_path')
[9.936s] INFO:colcon.colcon_core.shell:Creating environment hook '/home/orangepi/Code/IR_vision/install/car_control/share/car_control/hook/cmake_prefix_path.ps1'
[9.938s] INFO:colcon.colcon_core.shell:Creating environment descriptor '/home/orangepi/Code/IR_vision/install/car_control/share/car_control/hook/cmake_prefix_path.dsv'
[9.940s] INFO:colcon.colcon_core.shell:Creating environment hook '/home/orangepi/Code/IR_vision/install/car_control/share/car_control/hook/cmake_prefix_path.sh'
[9.944s] Level 1:colcon.colcon_core.environment:checking '/home/orangepi/Code/IR_vision/install/car_control/lib'
[9.945s] Level 1:colcon.colcon_core.environment:checking '/home/orangepi/Code/IR_vision/install/car_control/bin'
[9.946s] Level 1:colcon.colcon_core.environment:checking '/home/orangepi/Code/IR_vision/install/car_control/lib/pkgconfig/car_control.pc'
[9.947s] Level 1:colcon.colcon_core.environment:checking '/home/orangepi/Code/IR_vision/install/car_control/lib/python3.10/site-packages'
[9.949s] Level 1:colcon.colcon_core.environment:checking '/home/orangepi/Code/IR_vision/install/car_control/bin'
[9.951s] INFO:colcon.colcon_core.shell:Creating package script '/home/orangepi/Code/IR_vision/install/car_control/share/car_control/package.ps1'
[9.954s] INFO:colcon.colcon_core.shell:Creating package descriptor '/home/orangepi/Code/IR_vision/install/car_control/share/car_control/package.dsv'
[9.956s] INFO:colcon.colcon_core.shell:Creating package script '/home/orangepi/Code/IR_vision/install/car_control/share/car_control/package.sh'
[9.958s] INFO:colcon.colcon_core.shell:Creating package script '/home/orangepi/Code/IR_vision/install/car_control/share/car_control/package.bash'
[9.959s] INFO:colcon.colcon_core.shell:Creating package script '/home/orangepi/Code/IR_vision/install/car_control/share/car_control/package.zsh'
[9.961s] Level 1:colcon.colcon_core.environment:create_file_with_runtime_dependencies(/home/orangepi/Code/IR_vision/install/car_control/share/colcon-core/packages/car_control)
[9.962s] DEBUG:colcon.colcon_parallel_executor.executor.parallel:closing loop
[9.963s] DEBUG:colcon.colcon_parallel_executor.executor.parallel:loop closed
[9.963s] DEBUG:colcon.colcon_parallel_executor.executor.parallel:run_until_complete finished with '0'
[9.963s] DEBUG:colcon.colcon_core.event_reactor:joining thread
[9.982s] INFO:colcon.colcon_core.plugin_system:Skipping extension 'colcon_notification.desktop_notification.terminal_notifier': Not used on non-Darwin systems
[9.983s] INFO:colcon.colcon_core.plugin_system:Skipping extension 'colcon_notification.desktop_notification.win32': Not used on non-Windows systems
[9.983s] INFO:colcon.colcon_notification.desktop_notification:Sending desktop notification using 'notify2'
[10.017s] DEBUG:colcon.colcon_core.event_reactor:joined thread
[10.019s] INFO:colcon.colcon_core.shell:Creating prefix script '/home/orangepi/Code/IR_vision/install/local_setup.ps1'
[10.024s] INFO:colcon.colcon_core.shell:Creating prefix util module '/home/orangepi/Code/IR_vision/install/_local_setup_util_ps1.py'
[10.030s] INFO:colcon.colcon_core.shell:Creating prefix chain script '/home/orangepi/Code/IR_vision/install/setup.ps1'
[10.033s] INFO:colcon.colcon_core.shell:Creating prefix script '/home/orangepi/Code/IR_vision/install/local_setup.sh'
[10.034s] INFO:colcon.colcon_core.shell:Creating prefix util module '/home/orangepi/Code/IR_vision/install/_local_setup_util_sh.py'
[10.035s] INFO:colcon.colcon_core.shell:Creating prefix chain script '/home/orangepi/Code/IR_vision/install/setup.sh'
[10.037s] INFO:colcon.colcon_core.shell:Creating prefix script '/home/orangepi/Code/IR_vision/install/local_setup.bash'
[10.038s] INFO:colcon.colcon_core.shell:Creating prefix chain script '/home/orangepi/Code/IR_vision/install/setup.bash'
[10.039s] INFO:colcon.colcon_core.shell:Creating prefix script '/home/orangepi/Code/IR_vision/install/local_setup.zsh'
[10.040s] INFO:colcon.colcon_core.shell:Creating prefix chain script '/home/orangepi/Code/IR_vision/install/setup.zsh'
