[0.038s] Invoking command in '/home/orangepi/Code/IR_vision/build/usb_camera': CMAKE_PREFIX_PATH=/opt/ros/humble /usr/bin/cmake --build /home/orangepi/Code/IR_vision/build/usb_camera -- -j8 -l8
[0.161s] [100%] Built target usb_camera
[0.215s] Invoked command in '/home/orangepi/Code/IR_vision/build/usb_camera' returned '0': CMAKE_PREFIX_PATH=/opt/ros/humble /usr/bin/cmake --build /home/orangepi/Code/IR_vision/build/usb_camera -- -j8 -l8
[0.216s] Invoking command in '/home/orangepi/Code/IR_vision/build/usb_camera': CMAKE_PREFIX_PATH=/opt/ros/humble /usr/bin/cmake --install /home/orangepi/Code/IR_vision/build/usb_camera
[0.253s] -- Install configuration: ""
[0.253s] -- Up-to-date: /home/orangepi/Code/IR_vision/install/usb_camera/lib/usb_camera/usb_camera
[0.254s] -- Up-to-date: /home/orangepi/Code/IR_vision/install/usb_camera/share/ament_index/resource_index/package_run_dependencies/usb_camera
[0.254s] -- Up-to-date: /home/orangepi/Code/IR_vision/install/usb_camera/share/ament_index/resource_index/parent_prefix_path/usb_camera
[0.254s] -- Up-to-date: /home/orangepi/Code/IR_vision/install/usb_camera/share/usb_camera/environment/ament_prefix_path.sh
[0.254s] -- Up-to-date: /home/orangepi/Code/IR_vision/install/usb_camera/share/usb_camera/environment/ament_prefix_path.dsv
[0.255s] -- Up-to-date: /home/orangepi/Code/IR_vision/install/usb_camera/share/usb_camera/environment/path.sh
[0.255s] -- Up-to-date: /home/orangepi/Code/IR_vision/install/usb_camera/share/usb_camera/environment/path.dsv
[0.256s] -- Up-to-date: /home/orangepi/Code/IR_vision/install/usb_camera/share/usb_camera/local_setup.bash
[0.256s] -- Up-to-date: /home/orangepi/Code/IR_vision/install/usb_camera/share/usb_camera/local_setup.sh
[0.256s] -- Up-to-date: /home/orangepi/Code/IR_vision/install/usb_camera/share/usb_camera/local_setup.zsh
[0.256s] -- Up-to-date: /home/orangepi/Code/IR_vision/install/usb_camera/share/usb_camera/local_setup.dsv
[0.257s] -- Installing: /home/orangepi/Code/IR_vision/install/usb_camera/share/usb_camera/package.dsv
[0.257s] -- Up-to-date: /home/orangepi/Code/IR_vision/install/usb_camera/share/ament_index/resource_index/packages/usb_camera
[0.257s] -- Up-to-date: /home/orangepi/Code/IR_vision/install/usb_camera/share/usb_camera/cmake/usb_cameraConfig.cmake
[0.257s] -- Up-to-date: /home/orangepi/Code/IR_vision/install/usb_camera/share/usb_camera/cmake/usb_cameraConfig-version.cmake
[0.257s] -- Up-to-date: /home/orangepi/Code/IR_vision/install/usb_camera/share/usb_camera/package.xml
[0.306s] Invoked command in '/home/orangepi/Code/IR_vision/build/usb_camera' returned '0': CMAKE_PREFIX_PATH=/opt/ros/humble /usr/bin/cmake --install /home/orangepi/Code/IR_vision/build/usb_camera
