[0.055s] Invoking command in '/home/orangepi/Code/IR_vision/build/car_control': CMAKE_PREFIX_PATH=${CMAKE_PREFIX_PATH}:/opt/ros/humble /usr/bin/cmake --build /home/orangepi/Code/IR_vision/build/car_control -- -j8 -l8
[0.131s] [35m[1mConsolidate compiler generated dependencies of target car_control[0m
[0.174s] [100%] Built target car_control
[0.192s] Invoked command in '/home/orangepi/Code/IR_vision/build/car_control' returned '0': CMAKE_PREFIX_PATH=${CMAKE_PREFIX_PATH}:/opt/ros/humble /usr/bin/cmake --build /home/orangepi/Code/IR_vision/build/car_control -- -j8 -l8
[0.218s] Invoking command in '/home/orangepi/Code/IR_vision/build/car_control': CMAKE_PREFIX_PATH=${CMAKE_PREFIX_PATH}:/opt/ros/humble /usr/bin/cmake --install /home/orangepi/Code/IR_vision/build/car_control
[0.252s] -- Install configuration: ""
[0.253s] -- Up-to-date: /home/orangepi/Code/IR_vision/install/car_control/lib/car_control/car_control
[0.253s] -- Up-to-date: /home/orangepi/Code/IR_vision/install/car_control/share/ament_index/resource_index/package_run_dependencies/car_control
[0.253s] -- Up-to-date: /home/orangepi/Code/IR_vision/install/car_control/share/ament_index/resource_index/parent_prefix_path/car_control
[0.253s] -- Up-to-date: /home/orangepi/Code/IR_vision/install/car_control/share/car_control/environment/ament_prefix_path.sh
[0.253s] -- Up-to-date: /home/orangepi/Code/IR_vision/install/car_control/share/car_control/environment/ament_prefix_path.dsv
[0.253s] -- Up-to-date: /home/orangepi/Code/IR_vision/install/car_control/share/car_control/environment/path.sh
[0.253s] -- Up-to-date: /home/orangepi/Code/IR_vision/install/car_control/share/car_control/environment/path.dsv
[0.253s] -- Up-to-date: /home/orangepi/Code/IR_vision/install/car_control/share/car_control/local_setup.bash
[0.253s] -- Up-to-date: /home/orangepi/Code/IR_vision/install/car_control/share/car_control/local_setup.sh
[0.253s] -- Up-to-date: /home/orangepi/Code/IR_vision/install/car_control/share/car_control/local_setup.zsh
[0.253s] -- Up-to-date: /home/orangepi/Code/IR_vision/install/car_control/share/car_control/local_setup.dsv
[0.254s] -- Installing: /home/orangepi/Code/IR_vision/install/car_control/share/car_control/package.dsv
[0.254s] -- Up-to-date: /home/orangepi/Code/IR_vision/install/car_control/share/ament_index/resource_index/packages/car_control
[0.254s] -- Up-to-date: /home/orangepi/Code/IR_vision/install/car_control/share/car_control/cmake/car_controlConfig.cmake
[0.254s] -- Up-to-date: /home/orangepi/Code/IR_vision/install/car_control/share/car_control/cmake/car_controlConfig-version.cmake
[0.254s] -- Up-to-date: /home/orangepi/Code/IR_vision/install/car_control/share/car_control/package.xml
[0.263s] Invoked command in '/home/orangepi/Code/IR_vision/build/car_control' returned '0': CMAKE_PREFIX_PATH=${CMAKE_PREFIX_PATH}:/opt/ros/humble /usr/bin/cmake --install /home/orangepi/Code/IR_vision/build/car_control
