[0.037s] Invoking command in '/home/orangepi/Code/IR_vision/build/dji_action4_camera': CMAKE_PREFIX_PATH=${CMAKE_PREFIX_PATH}:/opt/ros/humble /usr/bin/cmake --build /home/orangepi/Code/IR_vision/build/dji_action4_camera -- -j8 -l8
[0.163s] [100%] Built target camera_node
[0.234s] Invoked command in '/home/orangepi/Code/IR_vision/build/dji_action4_camera' returned '0': CMAKE_PREFIX_PATH=${CMAKE_PREFIX_PATH}:/opt/ros/humble /usr/bin/cmake --build /home/orangepi/Code/IR_vision/build/dji_action4_camera -- -j8 -l8
[0.239s] Invoking command in '/home/orangepi/Code/IR_vision/build/dji_action4_camera': CMAKE_PREFIX_PATH=${CMAKE_PREFIX_PATH}:/opt/ros/humble /usr/bin/cmake --install /home/orangepi/Code/IR_vision/build/dji_action4_camera
[0.306s] -- Install configuration: ""
[0.308s] -- Up-to-date: /home/orangepi/Code/IR_vision/install/dji_action4_camera/lib/dji_action4_camera/camera_node
[0.309s] -- Up-to-date: /home/orangepi/Code/IR_vision/install/dji_action4_camera/share/ament_index/resource_index/package_run_dependencies/dji_action4_camera
[0.310s] -- Up-to-date: /home/orangepi/Code/IR_vision/install/dji_action4_camera/share/ament_index/resource_index/parent_prefix_path/dji_action4_camera
[0.311s] -- Up-to-date: /home/orangepi/Code/IR_vision/install/dji_action4_camera/share/dji_action4_camera/environment/ament_prefix_path.sh
[0.312s] -- Up-to-date: /home/orangepi/Code/IR_vision/install/dji_action4_camera/share/dji_action4_camera/environment/ament_prefix_path.dsv
[0.312s] -- Up-to-date: /home/orangepi/Code/IR_vision/install/dji_action4_camera/share/dji_action4_camera/environment/path.sh
[0.313s] -- Up-to-date: /home/orangepi/Code/IR_vision/install/dji_action4_camera/share/dji_action4_camera/environment/path.dsv
[0.314s] -- Up-to-date: /home/orangepi/Code/IR_vision/install/dji_action4_camera/share/dji_action4_camera/local_setup.bash
[0.315s] -- Up-to-date: /home/orangepi/Code/IR_vision/install/dji_action4_camera/share/dji_action4_camera/local_setup.sh
[0.316s] -- Up-to-date: /home/orangepi/Code/IR_vision/install/dji_action4_camera/share/dji_action4_camera/local_setup.zsh
[0.316s] -- Up-to-date: /home/orangepi/Code/IR_vision/install/dji_action4_camera/share/dji_action4_camera/local_setup.dsv
[0.317s] -- Installing: /home/orangepi/Code/IR_vision/install/dji_action4_camera/share/dji_action4_camera/package.dsv
[0.317s] -- Up-to-date: /home/orangepi/Code/IR_vision/install/dji_action4_camera/share/ament_index/resource_index/packages/dji_action4_camera
[0.318s] -- Up-to-date: /home/orangepi/Code/IR_vision/install/dji_action4_camera/share/dji_action4_camera/cmake/dji_action4_cameraConfig.cmake
[0.318s] -- Up-to-date: /home/orangepi/Code/IR_vision/install/dji_action4_camera/share/dji_action4_camera/cmake/dji_action4_cameraConfig-version.cmake
[0.319s] -- Up-to-date: /home/orangepi/Code/IR_vision/install/dji_action4_camera/share/dji_action4_camera/package.xml
[0.353s] Invoked command in '/home/orangepi/Code/IR_vision/build/dji_action4_camera' returned '0': CMAKE_PREFIX_PATH=${CMAKE_PREFIX_PATH}:/opt/ros/humble /usr/bin/cmake --install /home/orangepi/Code/IR_vision/build/dji_action4_camera
