[0.036s] Invoking command in '/home/orangepi/Code/IR_vision/build/usb_camera': CMAKE_PREFIX_PATH=${CMAKE_PREFIX_PATH}:/opt/ros/humble /usr/bin/cmake --build /home/orangepi/Code/IR_vision/build/usb_camera -- -j8 -l8
[0.114s] [100%] Built target usb_camera
[0.131s] Invoked command in '/home/orangepi/Code/IR_vision/build/usb_camera' returned '0': CMAKE_PREFIX_PATH=${CMAKE_PREFIX_PATH}:/opt/ros/humble /usr/bin/cmake --build /home/orangepi/Code/IR_vision/build/usb_camera -- -j8 -l8
[0.161s] Invoking command in '/home/orangepi/Code/IR_vision/build/usb_camera': CMAKE_PREFIX_PATH=${CMAKE_PREFIX_PATH}:/opt/ros/humble /usr/bin/cmake --install /home/orangepi/Code/IR_vision/build/usb_camera
[0.205s] -- Install configuration: ""
[0.205s] -- Up-to-date: /home/orangepi/Code/IR_vision/install/usb_camera/lib/usb_camera/usb_camera
[0.205s] -- Up-to-date: /home/orangepi/Code/IR_vision/install/usb_camera/share/ament_index/resource_index/package_run_dependencies/usb_camera
[0.205s] -- Up-to-date: /home/orangepi/Code/IR_vision/install/usb_camera/share/ament_index/resource_index/parent_prefix_path/usb_camera
[0.206s] -- Up-to-date: /home/orangepi/Code/IR_vision/install/usb_camera/share/usb_camera/environment/ament_prefix_path.sh
[0.207s] -- Up-to-date: /home/orangepi/Code/IR_vision/install/usb_camera/share/usb_camera/environment/ament_prefix_path.dsv
[0.207s] -- Up-to-date: /home/orangepi/Code/IR_vision/install/usb_camera/share/usb_camera/environment/path.sh
[0.207s] -- Up-to-date: /home/orangepi/Code/IR_vision/install/usb_camera/share/usb_camera/environment/path.dsv
[0.207s] -- Up-to-date: /home/orangepi/Code/IR_vision/install/usb_camera/share/usb_camera/local_setup.bash
[0.208s] -- Up-to-date: /home/orangepi/Code/IR_vision/install/usb_camera/share/usb_camera/local_setup.sh
[0.208s] -- Up-to-date: /home/orangepi/Code/IR_vision/install/usb_camera/share/usb_camera/local_setup.zsh
[0.208s] -- Up-to-date: /home/orangepi/Code/IR_vision/install/usb_camera/share/usb_camera/local_setup.dsv
[0.208s] -- Installing: /home/orangepi/Code/IR_vision/install/usb_camera/share/usb_camera/package.dsv
[0.208s] -- Up-to-date: /home/orangepi/Code/IR_vision/install/usb_camera/share/ament_index/resource_index/packages/usb_camera
[0.208s] -- Up-to-date: /home/orangepi/Code/IR_vision/install/usb_camera/share/usb_camera/cmake/usb_cameraConfig.cmake
[0.208s] -- Up-to-date: /home/orangepi/Code/IR_vision/install/usb_camera/share/usb_camera/cmake/usb_cameraConfig-version.cmake
[0.208s] -- Up-to-date: /home/orangepi/Code/IR_vision/install/usb_camera/share/usb_camera/package.xml
[0.211s] Invoked command in '/home/orangepi/Code/IR_vision/build/usb_camera' returned '0': CMAKE_PREFIX_PATH=${CMAKE_PREFIX_PATH}:/opt/ros/humble /usr/bin/cmake --install /home/orangepi/Code/IR_vision/build/usb_camera
