[0.132s] DEBUG:colcon:Command line arguments: ['/usr/bin/colcon', 'build']
[0.132s] DEBUG:colcon:Parsed command line arguments: Namespace(log_base=None, log_level=None, verb_name='build', build_base='build', install_base='install', merge_install=False, symlink_install=False, test_result_base=None, continue_on_error=False, executor='parallel', parallel_workers=8, event_handlers=None, ignore_user_meta=False, metas=['./colcon.meta'], base_paths=['.'], packages_ignore=None, packages_ignore_regex=None, paths=None, packages_up_to=None, packages_up_to_regex=None, packages_above=None, packages_above_and_dependencies=None, packages_above_depth=None, packages_select_by_dep=None, packages_skip_by_dep=None, packages_skip_up_to=None, packages_select_build_failed=False, packages_skip_build_finished=False, packages_select_test_failures=False, packages_skip_test_passed=False, packages_select=None, packages_skip=None, packages_select_regex=None, packages_skip_regex=None, packages_start=None, packages_end=None, cmake_args=None, cmake_target=None, cmake_target_skip_unavailable=False, cmake_clean_cache=False, cmake_clean_first=False, cmake_force_configure=False, ament_cmake_args=None, catkin_cmake_args=None, catkin_skip_building_tests=False, verb_parser=<colcon_defaults.argument_parser.defaults.DefaultArgumentsDecorator object at 0x7f991580a0>, verb_extension=<colcon_core.verb.build.BuildVerb object at 0x7f99123b80>, main=<bound method BuildVerb.main of <colcon_core.verb.build.BuildVerb object at 0x7f99123b80>>)
[0.321s] Level 1:colcon.colcon_core.package_discovery:discover_packages(colcon_meta) check parameters
[0.321s] Level 1:colcon.colcon_core.package_discovery:discover_packages(recursive) check parameters
[0.321s] Level 1:colcon.colcon_core.package_discovery:discover_packages(ignore) check parameters
[0.321s] Level 1:colcon.colcon_core.package_discovery:discover_packages(path) check parameters
[0.321s] Level 1:colcon.colcon_core.package_discovery:discover_packages(colcon_meta) discover
[0.321s] Level 1:colcon.colcon_core.package_discovery:discover_packages(recursive) discover
[0.321s] INFO:colcon.colcon_core.package_discovery:Crawling recursively for packages in '/home/orangepi/Code/IR_vision'
[0.322s] Level 1:colcon.colcon_core.package_identification:_identify(.) by extensions ['ignore', 'ignore_ament_install']
[0.322s] Level 1:colcon.colcon_core.package_identification:_identify(.) by extension 'ignore'
[0.322s] Level 1:colcon.colcon_core.package_identification:_identify(.) by extension 'ignore_ament_install'
[0.322s] Level 1:colcon.colcon_core.package_identification:_identify(.) by extensions ['colcon_pkg']
[0.322s] Level 1:colcon.colcon_core.package_identification:_identify(.) by extension 'colcon_pkg'
[0.322s] Level 1:colcon.colcon_core.package_identification:_identify(.) by extensions ['colcon_meta']
[0.322s] Level 1:colcon.colcon_core.package_identification:_identify(.) by extension 'colcon_meta'
[0.322s] Level 1:colcon.colcon_core.package_identification:_identify(.) by extensions ['ros']
[0.322s] Level 1:colcon.colcon_core.package_identification:_identify(.) by extension 'ros'
[0.338s] Level 1:colcon.colcon_core.package_identification:_identify(.) by extensions ['cmake', 'python']
[0.338s] Level 1:colcon.colcon_core.package_identification:_identify(.) by extension 'cmake'
[0.338s] Level 1:colcon.colcon_core.package_identification:_identify(.) by extension 'python'
[0.338s] Level 1:colcon.colcon_core.package_identification:_identify(.) by extensions ['python_setup_py']
[0.339s] Level 1:colcon.colcon_core.package_identification:_identify(.) by extension 'python_setup_py'
[0.339s] Level 1:colcon.colcon_core.package_identification:_identify(Camera) by extensions ['ignore', 'ignore_ament_install']
[0.339s] Level 1:colcon.colcon_core.package_identification:_identify(Camera) by extension 'ignore'
[0.339s] Level 1:colcon.colcon_core.package_identification:_identify(Camera) by extension 'ignore_ament_install'
[0.339s] Level 1:colcon.colcon_core.package_identification:_identify(Camera) by extensions ['colcon_pkg']
[0.339s] Level 1:colcon.colcon_core.package_identification:_identify(Camera) by extension 'colcon_pkg'
[0.339s] Level 1:colcon.colcon_core.package_identification:_identify(Camera) by extensions ['colcon_meta']
[0.339s] Level 1:colcon.colcon_core.package_identification:_identify(Camera) by extension 'colcon_meta'
[0.339s] Level 1:colcon.colcon_core.package_identification:_identify(Camera) by extensions ['ros']
[0.339s] Level 1:colcon.colcon_core.package_identification:_identify(Camera) by extension 'ros'
[0.339s] Level 1:colcon.colcon_core.package_identification:_identify(Camera) by extensions ['cmake', 'python']
[0.339s] Level 1:colcon.colcon_core.package_identification:_identify(Camera) by extension 'cmake'
[0.339s] Level 1:colcon.colcon_core.package_identification:_identify(Camera) by extension 'python'
[0.339s] Level 1:colcon.colcon_core.package_identification:_identify(Camera) by extensions ['python_setup_py']
[0.339s] Level 1:colcon.colcon_core.package_identification:_identify(Camera) by extension 'python_setup_py'
[0.340s] Level 1:colcon.colcon_core.package_identification:_identify(Camera/Data) by extensions ['ignore', 'ignore_ament_install']
[0.340s] Level 1:colcon.colcon_core.package_identification:_identify(Camera/Data) by extension 'ignore'
[0.340s] Level 1:colcon.colcon_core.package_identification:_identify(Camera/Data) by extension 'ignore_ament_install'
[0.340s] Level 1:colcon.colcon_core.package_identification:_identify(Camera/Data) by extensions ['colcon_pkg']
[0.340s] Level 1:colcon.colcon_core.package_identification:_identify(Camera/Data) by extension 'colcon_pkg'
[0.340s] Level 1:colcon.colcon_core.package_identification:_identify(Camera/Data) by extensions ['colcon_meta']
[0.340s] Level 1:colcon.colcon_core.package_identification:_identify(Camera/Data) by extension 'colcon_meta'
[0.340s] Level 1:colcon.colcon_core.package_identification:_identify(Camera/Data) by extensions ['ros']
[0.340s] Level 1:colcon.colcon_core.package_identification:_identify(Camera/Data) by extension 'ros'
[0.340s] Level 1:colcon.colcon_core.package_identification:_identify(Camera/Data) by extensions ['cmake', 'python']
[0.340s] Level 1:colcon.colcon_core.package_identification:_identify(Camera/Data) by extension 'cmake'
[0.340s] Level 1:colcon.colcon_core.package_identification:_identify(Camera/Data) by extension 'python'
[0.340s] Level 1:colcon.colcon_core.package_identification:_identify(Camera/Data) by extensions ['python_setup_py']
[0.340s] Level 1:colcon.colcon_core.package_identification:_identify(Camera/Data) by extension 'python_setup_py'
[0.340s] Level 1:colcon.colcon_core.package_identification:_identify(Camera/log) by extensions ['ignore', 'ignore_ament_install']
[0.341s] Level 1:colcon.colcon_core.package_identification:_identify(Camera/log) by extension 'ignore'
[0.341s] Level 1:colcon.colcon_core.package_identification:_identify(Camera/log) by extension 'ignore_ament_install'
[0.341s] Level 1:colcon.colcon_core.package_identification:_identify(Camera/log) by extensions ['colcon_pkg']
[0.341s] Level 1:colcon.colcon_core.package_identification:_identify(Camera/log) by extension 'colcon_pkg'
[0.341s] Level 1:colcon.colcon_core.package_identification:_identify(Camera/log) by extensions ['colcon_meta']
[0.341s] Level 1:colcon.colcon_core.package_identification:_identify(Camera/log) by extension 'colcon_meta'
[0.341s] Level 1:colcon.colcon_core.package_identification:_identify(Camera/log) by extensions ['ros']
[0.341s] Level 1:colcon.colcon_core.package_identification:_identify(Camera/log) by extension 'ros'
[0.341s] Level 1:colcon.colcon_core.package_identification:_identify(Camera/log) by extensions ['cmake', 'python']
[0.341s] Level 1:colcon.colcon_core.package_identification:_identify(Camera/log) by extension 'cmake'
[0.341s] Level 1:colcon.colcon_core.package_identification:_identify(Camera/log) by extension 'python'
[0.341s] Level 1:colcon.colcon_core.package_identification:_identify(Camera/log) by extensions ['python_setup_py']
[0.341s] Level 1:colcon.colcon_core.package_identification:_identify(Camera/log) by extension 'python_setup_py'
[0.341s] Level 1:colcon.colcon_core.package_identification:_identify(build) by extensions ['ignore', 'ignore_ament_install']
[0.341s] Level 1:colcon.colcon_core.package_identification:_identify(build) by extension 'ignore'
[0.341s] Level 1:colcon.colcon_core.package_identification:_identify(build) ignored
[0.342s] Level 1:colcon.colcon_core.package_identification:_identify(install) by extensions ['ignore', 'ignore_ament_install']
[0.342s] Level 1:colcon.colcon_core.package_identification:_identify(install) by extension 'ignore'
[0.342s] Level 1:colcon.colcon_core.package_identification:_identify(install) ignored
[0.342s] Level 1:colcon.colcon_core.package_identification:_identify(log) by extensions ['ignore', 'ignore_ament_install']
[0.342s] Level 1:colcon.colcon_core.package_identification:_identify(log) by extension 'ignore'
[0.342s] Level 1:colcon.colcon_core.package_identification:_identify(log) ignored
[0.342s] Level 1:colcon.colcon_core.package_identification:_identify(src) by extensions ['ignore', 'ignore_ament_install']
[0.342s] Level 1:colcon.colcon_core.package_identification:_identify(src) by extension 'ignore'
[0.342s] Level 1:colcon.colcon_core.package_identification:_identify(src) by extension 'ignore_ament_install'
[0.342s] Level 1:colcon.colcon_core.package_identification:_identify(src) by extensions ['colcon_pkg']
[0.342s] Level 1:colcon.colcon_core.package_identification:_identify(src) by extension 'colcon_pkg'
[0.342s] Level 1:colcon.colcon_core.package_identification:_identify(src) by extensions ['colcon_meta']
[0.342s] Level 1:colcon.colcon_core.package_identification:_identify(src) by extension 'colcon_meta'
[0.342s] Level 1:colcon.colcon_core.package_identification:_identify(src) by extensions ['ros']
[0.342s] Level 1:colcon.colcon_core.package_identification:_identify(src) by extension 'ros'
[0.343s] Level 1:colcon.colcon_core.package_identification:_identify(src) by extensions ['cmake', 'python']
[0.343s] Level 1:colcon.colcon_core.package_identification:_identify(src) by extension 'cmake'
[0.343s] Level 1:colcon.colcon_core.package_identification:_identify(src) by extension 'python'
[0.343s] Level 1:colcon.colcon_core.package_identification:_identify(src) by extensions ['python_setup_py']
[0.343s] Level 1:colcon.colcon_core.package_identification:_identify(src) by extension 'python_setup_py'
[0.343s] Level 1:colcon.colcon_core.package_identification:_identify(src/car_control) by extensions ['ignore', 'ignore_ament_install']
[0.343s] Level 1:colcon.colcon_core.package_identification:_identify(src/car_control) by extension 'ignore'
[0.343s] Level 1:colcon.colcon_core.package_identification:_identify(src/car_control) by extension 'ignore_ament_install'
[0.343s] Level 1:colcon.colcon_core.package_identification:_identify(src/car_control) by extensions ['colcon_pkg']
[0.343s] Level 1:colcon.colcon_core.package_identification:_identify(src/car_control) by extension 'colcon_pkg'
[0.343s] Level 1:colcon.colcon_core.package_identification:_identify(src/car_control) by extensions ['colcon_meta']
[0.343s] Level 1:colcon.colcon_core.package_identification:_identify(src/car_control) by extension 'colcon_meta'
[0.343s] Level 1:colcon.colcon_core.package_identification:_identify(src/car_control) by extensions ['ros']
[0.343s] Level 1:colcon.colcon_core.package_identification:_identify(src/car_control) by extension 'ros'
[0.347s] DEBUG:colcon.colcon_core.package_identification:Package 'src/car_control' with type 'ros.ament_cmake' and name 'car_control'
[0.347s] Level 1:colcon.colcon_core.package_identification:_identify(src/driver) by extensions ['ignore', 'ignore_ament_install']
[0.347s] Level 1:colcon.colcon_core.package_identification:_identify(src/driver) by extension 'ignore'
[0.347s] Level 1:colcon.colcon_core.package_identification:_identify(src/driver) by extension 'ignore_ament_install'
[0.347s] Level 1:colcon.colcon_core.package_identification:_identify(src/driver) by extensions ['colcon_pkg']
[0.347s] Level 1:colcon.colcon_core.package_identification:_identify(src/driver) by extension 'colcon_pkg'
[0.347s] Level 1:colcon.colcon_core.package_identification:_identify(src/driver) by extensions ['colcon_meta']
[0.347s] Level 1:colcon.colcon_core.package_identification:_identify(src/driver) by extension 'colcon_meta'
[0.347s] Level 1:colcon.colcon_core.package_identification:_identify(src/driver) by extensions ['ros']
[0.347s] Level 1:colcon.colcon_core.package_identification:_identify(src/driver) by extension 'ros'
[0.347s] Level 1:colcon.colcon_core.package_identification:_identify(src/driver) by extensions ['cmake', 'python']
[0.347s] Level 1:colcon.colcon_core.package_identification:_identify(src/driver) by extension 'cmake'
[0.348s] Level 1:colcon.colcon_core.package_identification:_identify(src/driver) by extension 'python'
[0.348s] Level 1:colcon.colcon_core.package_identification:_identify(src/driver) by extensions ['python_setup_py']
[0.348s] Level 1:colcon.colcon_core.package_identification:_identify(src/driver) by extension 'python_setup_py'
[0.348s] Level 1:colcon.colcon_core.package_identification:_identify(src/driver/dji_Action4_camera) by extensions ['ignore', 'ignore_ament_install']
[0.348s] Level 1:colcon.colcon_core.package_identification:_identify(src/driver/dji_Action4_camera) by extension 'ignore'
[0.348s] Level 1:colcon.colcon_core.package_identification:_identify(src/driver/dji_Action4_camera) by extension 'ignore_ament_install'
[0.348s] Level 1:colcon.colcon_core.package_identification:_identify(src/driver/dji_Action4_camera) by extensions ['colcon_pkg']
[0.348s] Level 1:colcon.colcon_core.package_identification:_identify(src/driver/dji_Action4_camera) by extension 'colcon_pkg'
[0.348s] Level 1:colcon.colcon_core.package_identification:_identify(src/driver/dji_Action4_camera) by extensions ['colcon_meta']
[0.348s] Level 1:colcon.colcon_core.package_identification:_identify(src/driver/dji_Action4_camera) by extension 'colcon_meta'
[0.348s] Level 1:colcon.colcon_core.package_identification:_identify(src/driver/dji_Action4_camera) by extensions ['ros']
[0.348s] Level 1:colcon.colcon_core.package_identification:_identify(src/driver/dji_Action4_camera) by extension 'ros'
[0.349s] DEBUG:colcon.colcon_core.package_identification:Package 'src/driver/dji_Action4_camera' with type 'ros.ament_cmake' and name 'dji_action4_camera'
[0.349s] Level 1:colcon.colcon_core.package_identification:_identify(src/driver/mindvision_camera) by extensions ['ignore', 'ignore_ament_install']
[0.349s] Level 1:colcon.colcon_core.package_identification:_identify(src/driver/mindvision_camera) by extension 'ignore'
[0.349s] Level 1:colcon.colcon_core.package_identification:_identify(src/driver/mindvision_camera) by extension 'ignore_ament_install'
[0.350s] Level 1:colcon.colcon_core.package_identification:_identify(src/driver/mindvision_camera) by extensions ['colcon_pkg']
[0.350s] Level 1:colcon.colcon_core.package_identification:_identify(src/driver/mindvision_camera) by extension 'colcon_pkg'
[0.350s] Level 1:colcon.colcon_core.package_identification:_identify(src/driver/mindvision_camera) by extensions ['colcon_meta']
[0.350s] Level 1:colcon.colcon_core.package_identification:_identify(src/driver/mindvision_camera) by extension 'colcon_meta'
[0.350s] Level 1:colcon.colcon_core.package_identification:_identify(src/driver/mindvision_camera) by extensions ['ros']
[0.350s] Level 1:colcon.colcon_core.package_identification:_identify(src/driver/mindvision_camera) by extension 'ros'
[0.351s] DEBUG:colcon.colcon_core.package_identification:Package 'src/driver/mindvision_camera' with type 'ros.ament_cmake' and name 'mindvision_camera'
[0.351s] Level 1:colcon.colcon_core.package_identification:_identify(src/driver/rplidar_ros) by extensions ['ignore', 'ignore_ament_install']
[0.351s] Level 1:colcon.colcon_core.package_identification:_identify(src/driver/rplidar_ros) by extension 'ignore'
[0.351s] Level 1:colcon.colcon_core.package_identification:_identify(src/driver/rplidar_ros) by extension 'ignore_ament_install'
[0.351s] Level 1:colcon.colcon_core.package_identification:_identify(src/driver/rplidar_ros) by extensions ['colcon_pkg']
[0.351s] Level 1:colcon.colcon_core.package_identification:_identify(src/driver/rplidar_ros) by extension 'colcon_pkg'
[0.351s] Level 1:colcon.colcon_core.package_identification:_identify(src/driver/rplidar_ros) by extensions ['colcon_meta']
[0.352s] Level 1:colcon.colcon_core.package_identification:_identify(src/driver/rplidar_ros) by extension 'colcon_meta'
[0.352s] Level 1:colcon.colcon_core.package_identification:_identify(src/driver/rplidar_ros) by extensions ['ros']
[0.352s] Level 1:colcon.colcon_core.package_identification:_identify(src/driver/rplidar_ros) by extension 'ros'
[0.352s] DEBUG:colcon.colcon_core.package_identification:Package 'src/driver/rplidar_ros' with type 'ros.ament_cmake' and name 'rplidar_ros'
[0.352s] Level 1:colcon.colcon_core.package_identification:_identify(src/driver/usb_camera) by extensions ['ignore', 'ignore_ament_install']
[0.353s] Level 1:colcon.colcon_core.package_identification:_identify(src/driver/usb_camera) by extension 'ignore'
[0.353s] Level 1:colcon.colcon_core.package_identification:_identify(src/driver/usb_camera) by extension 'ignore_ament_install'
[0.353s] Level 1:colcon.colcon_core.package_identification:_identify(src/driver/usb_camera) by extensions ['colcon_pkg']
[0.353s] Level 1:colcon.colcon_core.package_identification:_identify(src/driver/usb_camera) by extension 'colcon_pkg'
[0.353s] Level 1:colcon.colcon_core.package_identification:_identify(src/driver/usb_camera) by extensions ['colcon_meta']
[0.353s] Level 1:colcon.colcon_core.package_identification:_identify(src/driver/usb_camera) by extension 'colcon_meta'
[0.353s] Level 1:colcon.colcon_core.package_identification:_identify(src/driver/usb_camera) by extensions ['ros']
[0.353s] Level 1:colcon.colcon_core.package_identification:_identify(src/driver/usb_camera) by extension 'ros'
[0.354s] DEBUG:colcon.colcon_core.package_identification:Package 'src/driver/usb_camera' with type 'ros.ament_cmake' and name 'usb_camera'
[0.354s] Level 1:colcon.colcon_core.package_discovery:discover_packages(recursive) using defaults
[0.354s] Level 1:colcon.colcon_core.package_discovery:discover_packages(ignore) discover
[0.354s] Level 1:colcon.colcon_core.package_discovery:discover_packages(ignore) using defaults
[0.354s] Level 1:colcon.colcon_core.package_discovery:discover_packages(path) discover
[0.354s] Level 1:colcon.colcon_core.package_discovery:discover_packages(path) using defaults
[0.379s] Level 5:colcon.colcon_core.verb:set package 'car_control' build argument 'cmake_args' from command line to 'None'
[0.379s] Level 5:colcon.colcon_core.verb:set package 'car_control' build argument 'cmake_target' from command line to 'None'
[0.379s] Level 5:colcon.colcon_core.verb:set package 'car_control' build argument 'cmake_target_skip_unavailable' from command line to 'False'
[0.379s] Level 5:colcon.colcon_core.verb:set package 'car_control' build argument 'cmake_clean_cache' from command line to 'False'
[0.379s] Level 5:colcon.colcon_core.verb:set package 'car_control' build argument 'cmake_clean_first' from command line to 'False'
[0.379s] Level 5:colcon.colcon_core.verb:set package 'car_control' build argument 'cmake_force_configure' from command line to 'False'
[0.380s] Level 5:colcon.colcon_core.verb:set package 'car_control' build argument 'ament_cmake_args' from command line to 'None'
[0.380s] Level 5:colcon.colcon_core.verb:set package 'car_control' build argument 'catkin_cmake_args' from command line to 'None'
[0.380s] Level 5:colcon.colcon_core.verb:set package 'car_control' build argument 'catkin_skip_building_tests' from command line to 'False'
[0.380s] DEBUG:colcon.colcon_core.verb:Building package 'car_control' with the following arguments: {'ament_cmake_args': None, 'build_base': '/home/orangepi/Code/IR_vision/build/car_control', 'catkin_cmake_args': None, 'catkin_skip_building_tests': False, 'cmake_args': None, 'cmake_clean_cache': False, 'cmake_clean_first': False, 'cmake_force_configure': False, 'cmake_target': None, 'cmake_target_skip_unavailable': False, 'install_base': '/home/orangepi/Code/IR_vision/install/car_control', 'merge_install': False, 'path': '/home/orangepi/Code/IR_vision/src/car_control', 'symlink_install': False, 'test_result_base': None}
[0.380s] Level 5:colcon.colcon_core.verb:set package 'dji_action4_camera' build argument 'cmake_args' from command line to 'None'
[0.380s] Level 5:colcon.colcon_core.verb:set package 'dji_action4_camera' build argument 'cmake_target' from command line to 'None'
[0.380s] Level 5:colcon.colcon_core.verb:set package 'dji_action4_camera' build argument 'cmake_target_skip_unavailable' from command line to 'False'
[0.380s] Level 5:colcon.colcon_core.verb:set package 'dji_action4_camera' build argument 'cmake_clean_cache' from command line to 'False'
[0.380s] Level 5:colcon.colcon_core.verb:set package 'dji_action4_camera' build argument 'cmake_clean_first' from command line to 'False'
[0.380s] Level 5:colcon.colcon_core.verb:set package 'dji_action4_camera' build argument 'cmake_force_configure' from command line to 'False'
[0.380s] Level 5:colcon.colcon_core.verb:set package 'dji_action4_camera' build argument 'ament_cmake_args' from command line to 'None'
[0.380s] Level 5:colcon.colcon_core.verb:set package 'dji_action4_camera' build argument 'catkin_cmake_args' from command line to 'None'
[0.380s] Level 5:colcon.colcon_core.verb:set package 'dji_action4_camera' build argument 'catkin_skip_building_tests' from command line to 'False'
[0.380s] DEBUG:colcon.colcon_core.verb:Building package 'dji_action4_camera' with the following arguments: {'ament_cmake_args': None, 'build_base': '/home/orangepi/Code/IR_vision/build/dji_action4_camera', 'catkin_cmake_args': None, 'catkin_skip_building_tests': False, 'cmake_args': None, 'cmake_clean_cache': False, 'cmake_clean_first': False, 'cmake_force_configure': False, 'cmake_target': None, 'cmake_target_skip_unavailable': False, 'install_base': '/home/orangepi/Code/IR_vision/install/dji_action4_camera', 'merge_install': False, 'path': '/home/orangepi/Code/IR_vision/src/driver/dji_Action4_camera', 'symlink_install': False, 'test_result_base': None}
[0.381s] Level 5:colcon.colcon_core.verb:set package 'mindvision_camera' build argument 'cmake_args' from command line to 'None'
[0.381s] Level 5:colcon.colcon_core.verb:set package 'mindvision_camera' build argument 'cmake_target' from command line to 'None'
[0.381s] Level 5:colcon.colcon_core.verb:set package 'mindvision_camera' build argument 'cmake_target_skip_unavailable' from command line to 'False'
[0.381s] Level 5:colcon.colcon_core.verb:set package 'mindvision_camera' build argument 'cmake_clean_cache' from command line to 'False'
[0.381s] Level 5:colcon.colcon_core.verb:set package 'mindvision_camera' build argument 'cmake_clean_first' from command line to 'False'
[0.381s] Level 5:colcon.colcon_core.verb:set package 'mindvision_camera' build argument 'cmake_force_configure' from command line to 'False'
[0.381s] Level 5:colcon.colcon_core.verb:set package 'mindvision_camera' build argument 'ament_cmake_args' from command line to 'None'
[0.381s] Level 5:colcon.colcon_core.verb:set package 'mindvision_camera' build argument 'catkin_cmake_args' from command line to 'None'
[0.381s] Level 5:colcon.colcon_core.verb:set package 'mindvision_camera' build argument 'catkin_skip_building_tests' from command line to 'False'
[0.381s] DEBUG:colcon.colcon_core.verb:Building package 'mindvision_camera' with the following arguments: {'ament_cmake_args': None, 'build_base': '/home/orangepi/Code/IR_vision/build/mindvision_camera', 'catkin_cmake_args': None, 'catkin_skip_building_tests': False, 'cmake_args': None, 'cmake_clean_cache': False, 'cmake_clean_first': False, 'cmake_force_configure': False, 'cmake_target': None, 'cmake_target_skip_unavailable': False, 'install_base': '/home/orangepi/Code/IR_vision/install/mindvision_camera', 'merge_install': False, 'path': '/home/orangepi/Code/IR_vision/src/driver/mindvision_camera', 'symlink_install': False, 'test_result_base': None}
[0.382s] Level 5:colcon.colcon_core.verb:set package 'rplidar_ros' build argument 'cmake_args' from command line to 'None'
[0.382s] Level 5:colcon.colcon_core.verb:set package 'rplidar_ros' build argument 'cmake_target' from command line to 'None'
[0.382s] Level 5:colcon.colcon_core.verb:set package 'rplidar_ros' build argument 'cmake_target_skip_unavailable' from command line to 'False'
[0.382s] Level 5:colcon.colcon_core.verb:set package 'rplidar_ros' build argument 'cmake_clean_cache' from command line to 'False'
[0.382s] Level 5:colcon.colcon_core.verb:set package 'rplidar_ros' build argument 'cmake_clean_first' from command line to 'False'
[0.382s] Level 5:colcon.colcon_core.verb:set package 'rplidar_ros' build argument 'cmake_force_configure' from command line to 'False'
[0.382s] Level 5:colcon.colcon_core.verb:set package 'rplidar_ros' build argument 'ament_cmake_args' from command line to 'None'
[0.382s] Level 5:colcon.colcon_core.verb:set package 'rplidar_ros' build argument 'catkin_cmake_args' from command line to 'None'
[0.382s] Level 5:colcon.colcon_core.verb:set package 'rplidar_ros' build argument 'catkin_skip_building_tests' from command line to 'False'
[0.382s] DEBUG:colcon.colcon_core.verb:Building package 'rplidar_ros' with the following arguments: {'ament_cmake_args': None, 'build_base': '/home/orangepi/Code/IR_vision/build/rplidar_ros', 'catkin_cmake_args': None, 'catkin_skip_building_tests': False, 'cmake_args': None, 'cmake_clean_cache': False, 'cmake_clean_first': False, 'cmake_force_configure': False, 'cmake_target': None, 'cmake_target_skip_unavailable': False, 'install_base': '/home/orangepi/Code/IR_vision/install/rplidar_ros', 'merge_install': False, 'path': '/home/orangepi/Code/IR_vision/src/driver/rplidar_ros', 'symlink_install': False, 'test_result_base': None}
[0.382s] Level 5:colcon.colcon_core.verb:set package 'usb_camera' build argument 'cmake_args' from command line to 'None'
[0.382s] Level 5:colcon.colcon_core.verb:set package 'usb_camera' build argument 'cmake_target' from command line to 'None'
[0.382s] Level 5:colcon.colcon_core.verb:set package 'usb_camera' build argument 'cmake_target_skip_unavailable' from command line to 'False'
[0.382s] Level 5:colcon.colcon_core.verb:set package 'usb_camera' build argument 'cmake_clean_cache' from command line to 'False'
[0.382s] Level 5:colcon.colcon_core.verb:set package 'usb_camera' build argument 'cmake_clean_first' from command line to 'False'
[0.382s] Level 5:colcon.colcon_core.verb:set package 'usb_camera' build argument 'cmake_force_configure' from command line to 'False'
[0.382s] Level 5:colcon.colcon_core.verb:set package 'usb_camera' build argument 'ament_cmake_args' from command line to 'None'
[0.382s] Level 5:colcon.colcon_core.verb:set package 'usb_camera' build argument 'catkin_cmake_args' from command line to 'None'
[0.382s] Level 5:colcon.colcon_core.verb:set package 'usb_camera' build argument 'catkin_skip_building_tests' from command line to 'False'
[0.382s] DEBUG:colcon.colcon_core.verb:Building package 'usb_camera' with the following arguments: {'ament_cmake_args': None, 'build_base': '/home/orangepi/Code/IR_vision/build/usb_camera', 'catkin_cmake_args': None, 'catkin_skip_building_tests': False, 'cmake_args': None, 'cmake_clean_cache': False, 'cmake_clean_first': False, 'cmake_force_configure': False, 'cmake_target': None, 'cmake_target_skip_unavailable': False, 'install_base': '/home/orangepi/Code/IR_vision/install/usb_camera', 'merge_install': False, 'path': '/home/orangepi/Code/IR_vision/src/driver/usb_camera', 'symlink_install': False, 'test_result_base': None}
[0.383s] INFO:colcon.colcon_core.executor:Executing jobs using 'parallel' executor
[0.384s] DEBUG:colcon.colcon_parallel_executor.executor.parallel:run_until_complete
[0.385s] INFO:colcon.colcon_ros.task.ament_cmake.build:Building ROS package in '/home/orangepi/Code/IR_vision/src/car_control' with build type 'ament_cmake'
[0.385s] INFO:colcon.colcon_cmake.task.cmake.build:Building CMake package in '/home/orangepi/Code/IR_vision/src/car_control'
[0.388s] INFO:colcon.colcon_core.plugin_system:Skipping extension 'colcon_core.shell.bat': Not used on non-Windows systems
[0.389s] INFO:colcon.colcon_core.shell:Skip shell extension 'powershell' for command environment: Not usable outside of PowerShell
[0.389s] DEBUG:colcon.colcon_core.shell:Skip shell extension 'dsv' for command environment
[0.395s] INFO:colcon.colcon_ros.task.ament_cmake.build:Building ROS package in '/home/orangepi/Code/IR_vision/src/driver/dji_Action4_camera' with build type 'ament_cmake'
[0.395s] INFO:colcon.colcon_cmake.task.cmake.build:Building CMake package in '/home/orangepi/Code/IR_vision/src/driver/dji_Action4_camera'
[0.396s] INFO:colcon.colcon_core.shell:Skip shell extension 'powershell' for command environment: Not usable outside of PowerShell
[0.396s] DEBUG:colcon.colcon_core.shell:Skip shell extension 'dsv' for command environment
[0.401s] INFO:colcon.colcon_ros.task.ament_cmake.build:Building ROS package in '/home/orangepi/Code/IR_vision/src/driver/mindvision_camera' with build type 'ament_cmake'
[0.401s] INFO:colcon.colcon_cmake.task.cmake.build:Building CMake package in '/home/orangepi/Code/IR_vision/src/driver/mindvision_camera'
[0.402s] INFO:colcon.colcon_core.shell:Skip shell extension 'powershell' for command environment: Not usable outside of PowerShell
[0.402s] DEBUG:colcon.colcon_core.shell:Skip shell extension 'dsv' for command environment
[0.410s] INFO:colcon.colcon_ros.task.ament_cmake.build:Building ROS package in '/home/orangepi/Code/IR_vision/src/driver/rplidar_ros' with build type 'ament_cmake'
[0.410s] INFO:colcon.colcon_cmake.task.cmake.build:Building CMake package in '/home/orangepi/Code/IR_vision/src/driver/rplidar_ros'
[0.411s] INFO:colcon.colcon_core.shell:Skip shell extension 'powershell' for command environment: Not usable outside of PowerShell
[0.411s] DEBUG:colcon.colcon_core.shell:Skip shell extension 'dsv' for command environment
[0.419s] INFO:colcon.colcon_ros.task.ament_cmake.build:Building ROS package in '/home/orangepi/Code/IR_vision/src/driver/usb_camera' with build type 'ament_cmake'
[0.419s] INFO:colcon.colcon_cmake.task.cmake.build:Building CMake package in '/home/orangepi/Code/IR_vision/src/driver/usb_camera'
[0.420s] INFO:colcon.colcon_core.shell:Skip shell extension 'powershell' for command environment: Not usable outside of PowerShell
[0.420s] DEBUG:colcon.colcon_core.shell:Skip shell extension 'dsv' for command environment
[0.442s] DEBUG:colcon.colcon_core.event_handler.log_command:Invoking command in '/home/orangepi/Code/IR_vision/build/car_control': CMAKE_PREFIX_PATH=${CMAKE_PREFIX_PATH}:/opt/ros/humble /usr/bin/cmake --build /home/orangepi/Code/IR_vision/build/car_control -- -j8 -l8
[0.447s] DEBUG:colcon.colcon_core.event_handler.log_command:Invoking command in '/home/orangepi/Code/IR_vision/build/dji_action4_camera': CMAKE_PREFIX_PATH=${CMAKE_PREFIX_PATH}:/opt/ros/humble /usr/bin/cmake --build /home/orangepi/Code/IR_vision/build/dji_action4_camera -- -j8 -l8
[0.453s] DEBUG:colcon.colcon_core.event_handler.log_command:Invoking command in '/home/orangepi/Code/IR_vision/build/mindvision_camera': CMAKE_PREFIX_PATH=${CMAKE_PREFIX_PATH}:/opt/ros/humble /usr/bin/cmake --build /home/orangepi/Code/IR_vision/build/mindvision_camera -- -j8 -l8
[0.465s] DEBUG:colcon.colcon_core.event_handler.log_command:Invoking command in '/home/orangepi/Code/IR_vision/build/rplidar_ros': CMAKE_PREFIX_PATH=${CMAKE_PREFIX_PATH}:/opt/ros/humble /usr/bin/cmake --build /home/orangepi/Code/IR_vision/build/rplidar_ros -- -j8 -l8
[0.473s] DEBUG:colcon.colcon_core.event_handler.log_command:Invoking command in '/home/orangepi/Code/IR_vision/build/usb_camera': CMAKE_PREFIX_PATH=${CMAKE_PREFIX_PATH}:/opt/ros/humble /usr/bin/cmake --build /home/orangepi/Code/IR_vision/build/usb_camera -- -j8 -l8
[0.578s] DEBUG:colcon.colcon_core.event_handler.log_command:Invoked command in '/home/orangepi/Code/IR_vision/build/car_control' returned '0': CMAKE_PREFIX_PATH=${CMAKE_PREFIX_PATH}:/opt/ros/humble /usr/bin/cmake --build /home/orangepi/Code/IR_vision/build/car_control -- -j8 -l8
[0.605s] DEBUG:colcon.colcon_core.event_handler.log_command:Invoking command in '/home/orangepi/Code/IR_vision/build/car_control': CMAKE_PREFIX_PATH=${CMAKE_PREFIX_PATH}:/opt/ros/humble /usr/bin/cmake --install /home/orangepi/Code/IR_vision/build/car_control
[0.641s] DEBUG:colcon.colcon_core.event_handler.log_command:Invoked command in '/home/orangepi/Code/IR_vision/build/usb_camera' returned '0': CMAKE_PREFIX_PATH=${CMAKE_PREFIX_PATH}:/opt/ros/humble /usr/bin/cmake --build /home/orangepi/Code/IR_vision/build/usb_camera -- -j8 -l8
[0.641s] DEBUG:colcon.colcon_core.event_handler.log_command:Invoking command in '/home/orangepi/Code/IR_vision/build/usb_camera': CMAKE_PREFIX_PATH=${CMAKE_PREFIX_PATH}:/opt/ros/humble /usr/bin/cmake --install /home/orangepi/Code/IR_vision/build/usb_camera
[0.649s] Level 1:colcon.colcon_core.environment:create_environment_scripts_only(car_control)
[0.649s] DEBUG:colcon.colcon_core.event_handler.log_command:Invoked command in '/home/orangepi/Code/IR_vision/build/car_control' returned '0': CMAKE_PREFIX_PATH=${CMAKE_PREFIX_PATH}:/opt/ros/humble /usr/bin/cmake --install /home/orangepi/Code/IR_vision/build/car_control
[0.653s] Level 1:colcon.colcon_core.environment:checking '/home/orangepi/Code/IR_vision/install/car_control' for CMake module files
[0.654s] Level 1:colcon.colcon_core.environment:checking '/home/orangepi/Code/IR_vision/install/car_control' for CMake config files
[0.654s] Level 1:colcon.colcon_core.shell:create_environment_hook('car_control', 'cmake_prefix_path')
[0.655s] INFO:colcon.colcon_core.shell:Creating environment hook '/home/orangepi/Code/IR_vision/install/car_control/share/car_control/hook/cmake_prefix_path.ps1'
[0.656s] INFO:colcon.colcon_core.shell:Creating environment descriptor '/home/orangepi/Code/IR_vision/install/car_control/share/car_control/hook/cmake_prefix_path.dsv'
[0.656s] INFO:colcon.colcon_core.shell:Creating environment hook '/home/orangepi/Code/IR_vision/install/car_control/share/car_control/hook/cmake_prefix_path.sh'
[0.657s] Level 1:colcon.colcon_core.environment:checking '/home/orangepi/Code/IR_vision/install/car_control/lib'
[0.658s] Level 1:colcon.colcon_core.environment:checking '/home/orangepi/Code/IR_vision/install/car_control/bin'
[0.658s] Level 1:colcon.colcon_core.environment:checking '/home/orangepi/Code/IR_vision/install/car_control/lib/pkgconfig/car_control.pc'
[0.661s] Level 1:colcon.colcon_core.environment:checking '/home/orangepi/Code/IR_vision/install/car_control/lib/python3.10/site-packages'
[0.661s] Level 1:colcon.colcon_core.environment:checking '/home/orangepi/Code/IR_vision/install/car_control/bin'
[0.662s] INFO:colcon.colcon_core.shell:Creating package script '/home/orangepi/Code/IR_vision/install/car_control/share/car_control/package.ps1'
[0.663s] INFO:colcon.colcon_core.shell:Creating package descriptor '/home/orangepi/Code/IR_vision/install/car_control/share/car_control/package.dsv'
[0.664s] INFO:colcon.colcon_core.shell:Creating package script '/home/orangepi/Code/IR_vision/install/car_control/share/car_control/package.sh'
[0.665s] INFO:colcon.colcon_core.shell:Creating package script '/home/orangepi/Code/IR_vision/install/car_control/share/car_control/package.bash'
[0.666s] INFO:colcon.colcon_core.shell:Creating package script '/home/orangepi/Code/IR_vision/install/car_control/share/car_control/package.zsh'
[0.668s] Level 1:colcon.colcon_core.environment:create_file_with_runtime_dependencies(/home/orangepi/Code/IR_vision/install/car_control/share/colcon-core/packages/car_control)
[0.669s] Level 1:colcon.colcon_core.environment:create_environment_scripts_only(car_control)
[0.669s] Level 1:colcon.colcon_core.environment:checking '/home/orangepi/Code/IR_vision/install/car_control' for CMake module files
[0.670s] Level 1:colcon.colcon_core.environment:checking '/home/orangepi/Code/IR_vision/install/car_control' for CMake config files
[0.670s] Level 1:colcon.colcon_core.shell:create_environment_hook('car_control', 'cmake_prefix_path')
[0.671s] INFO:colcon.colcon_core.shell:Creating environment hook '/home/orangepi/Code/IR_vision/install/car_control/share/car_control/hook/cmake_prefix_path.ps1'
[0.679s] INFO:colcon.colcon_core.shell:Creating environment descriptor '/home/orangepi/Code/IR_vision/install/car_control/share/car_control/hook/cmake_prefix_path.dsv'
[0.683s] INFO:colcon.colcon_core.shell:Creating environment hook '/home/orangepi/Code/IR_vision/install/car_control/share/car_control/hook/cmake_prefix_path.sh'
[0.684s] Level 1:colcon.colcon_core.environment:checking '/home/orangepi/Code/IR_vision/install/car_control/lib'
[0.685s] Level 1:colcon.colcon_core.environment:checking '/home/orangepi/Code/IR_vision/install/car_control/bin'
[0.685s] Level 1:colcon.colcon_core.environment:checking '/home/orangepi/Code/IR_vision/install/car_control/lib/pkgconfig/car_control.pc'
[0.685s] Level 1:colcon.colcon_core.environment:checking '/home/orangepi/Code/IR_vision/install/car_control/lib/python3.10/site-packages'
[0.686s] Level 1:colcon.colcon_core.environment:checking '/home/orangepi/Code/IR_vision/install/car_control/bin'
[0.686s] INFO:colcon.colcon_core.shell:Creating package script '/home/orangepi/Code/IR_vision/install/car_control/share/car_control/package.ps1'
[0.687s] INFO:colcon.colcon_core.shell:Creating package descriptor '/home/orangepi/Code/IR_vision/install/car_control/share/car_control/package.dsv'
[0.688s] INFO:colcon.colcon_core.shell:Creating package script '/home/orangepi/Code/IR_vision/install/car_control/share/car_control/package.sh'
[0.689s] INFO:colcon.colcon_core.shell:Creating package script '/home/orangepi/Code/IR_vision/install/car_control/share/car_control/package.bash'
[0.690s] INFO:colcon.colcon_core.shell:Creating package script '/home/orangepi/Code/IR_vision/install/car_control/share/car_control/package.zsh'
[0.691s] Level 1:colcon.colcon_core.environment:create_file_with_runtime_dependencies(/home/orangepi/Code/IR_vision/install/car_control/share/colcon-core/packages/car_control)
[0.694s] DEBUG:colcon.colcon_core.event_handler.log_command:Invoked command in '/home/orangepi/Code/IR_vision/build/dji_action4_camera' returned '0': CMAKE_PREFIX_PATH=${CMAKE_PREFIX_PATH}:/opt/ros/humble /usr/bin/cmake --build /home/orangepi/Code/IR_vision/build/dji_action4_camera -- -j8 -l8
[0.698s] DEBUG:colcon.colcon_core.event_handler.log_command:Invoking command in '/home/orangepi/Code/IR_vision/build/dji_action4_camera': CMAKE_PREFIX_PATH=${CMAKE_PREFIX_PATH}:/opt/ros/humble /usr/bin/cmake --install /home/orangepi/Code/IR_vision/build/dji_action4_camera
[0.703s] Level 1:colcon.colcon_core.environment:create_environment_scripts_only(usb_camera)
[0.703s] Level 1:colcon.colcon_core.environment:checking '/home/orangepi/Code/IR_vision/install/usb_camera' for CMake module files
[0.705s] Level 1:colcon.colcon_core.environment:checking '/home/orangepi/Code/IR_vision/install/usb_camera' for CMake config files
[0.706s] Level 1:colcon.colcon_core.shell:create_environment_hook('usb_camera', 'cmake_prefix_path')
[0.707s] INFO:colcon.colcon_core.shell:Creating environment hook '/home/orangepi/Code/IR_vision/install/usb_camera/share/usb_camera/hook/cmake_prefix_path.ps1'
[0.708s] INFO:colcon.colcon_core.shell:Creating environment descriptor '/home/orangepi/Code/IR_vision/install/usb_camera/share/usb_camera/hook/cmake_prefix_path.dsv'
[0.709s] DEBUG:colcon.colcon_core.event_handler.log_command:Invoked command in '/home/orangepi/Code/IR_vision/build/mindvision_camera' returned '0': CMAKE_PREFIX_PATH=${CMAKE_PREFIX_PATH}:/opt/ros/humble /usr/bin/cmake --build /home/orangepi/Code/IR_vision/build/mindvision_camera -- -j8 -l8
[0.709s] INFO:colcon.colcon_core.shell:Creating environment hook '/home/orangepi/Code/IR_vision/install/usb_camera/share/usb_camera/hook/cmake_prefix_path.sh'
[0.710s] DEBUG:colcon.colcon_core.event_handler.log_command:Invoking command in '/home/orangepi/Code/IR_vision/build/mindvision_camera': CMAKE_PREFIX_PATH=${CMAKE_PREFIX_PATH}:/opt/ros/humble /usr/bin/cmake --install /home/orangepi/Code/IR_vision/build/mindvision_camera
[0.710s] DEBUG:colcon.colcon_core.event_handler.log_command:Invoked command in '/home/orangepi/Code/IR_vision/build/usb_camera' returned '0': CMAKE_PREFIX_PATH=${CMAKE_PREFIX_PATH}:/opt/ros/humble /usr/bin/cmake --install /home/orangepi/Code/IR_vision/build/usb_camera
[0.711s] Level 1:colcon.colcon_core.environment:checking '/home/orangepi/Code/IR_vision/install/usb_camera/lib'
[0.712s] Level 1:colcon.colcon_core.environment:checking '/home/orangepi/Code/IR_vision/install/usb_camera/bin'
[0.712s] Level 1:colcon.colcon_core.environment:checking '/home/orangepi/Code/IR_vision/install/usb_camera/lib/pkgconfig/usb_camera.pc'
[0.712s] Level 1:colcon.colcon_core.environment:checking '/home/orangepi/Code/IR_vision/install/usb_camera/lib/python3.10/site-packages'
[0.713s] Level 1:colcon.colcon_core.environment:checking '/home/orangepi/Code/IR_vision/install/usb_camera/bin'
[0.713s] INFO:colcon.colcon_core.shell:Creating package script '/home/orangepi/Code/IR_vision/install/usb_camera/share/usb_camera/package.ps1'
[0.714s] INFO:colcon.colcon_core.shell:Creating package descriptor '/home/orangepi/Code/IR_vision/install/usb_camera/share/usb_camera/package.dsv'
[0.715s] INFO:colcon.colcon_core.shell:Creating package script '/home/orangepi/Code/IR_vision/install/usb_camera/share/usb_camera/package.sh'
[0.716s] INFO:colcon.colcon_core.shell:Creating package script '/home/orangepi/Code/IR_vision/install/usb_camera/share/usb_camera/package.bash'
[0.717s] INFO:colcon.colcon_core.shell:Creating package script '/home/orangepi/Code/IR_vision/install/usb_camera/share/usb_camera/package.zsh'
[0.718s] Level 1:colcon.colcon_core.environment:create_file_with_runtime_dependencies(/home/orangepi/Code/IR_vision/install/usb_camera/share/colcon-core/packages/usb_camera)
[0.720s] Level 1:colcon.colcon_core.environment:create_environment_scripts_only(usb_camera)
[0.720s] Level 1:colcon.colcon_core.environment:checking '/home/orangepi/Code/IR_vision/install/usb_camera' for CMake module files
[0.721s] Level 1:colcon.colcon_core.environment:checking '/home/orangepi/Code/IR_vision/install/usb_camera' for CMake config files
[0.721s] Level 1:colcon.colcon_core.shell:create_environment_hook('usb_camera', 'cmake_prefix_path')
[0.721s] INFO:colcon.colcon_core.shell:Creating environment hook '/home/orangepi/Code/IR_vision/install/usb_camera/share/usb_camera/hook/cmake_prefix_path.ps1'
[0.722s] INFO:colcon.colcon_core.shell:Creating environment descriptor '/home/orangepi/Code/IR_vision/install/usb_camera/share/usb_camera/hook/cmake_prefix_path.dsv'
[0.723s] INFO:colcon.colcon_core.shell:Creating environment hook '/home/orangepi/Code/IR_vision/install/usb_camera/share/usb_camera/hook/cmake_prefix_path.sh'
[0.724s] Level 1:colcon.colcon_core.environment:checking '/home/orangepi/Code/IR_vision/install/usb_camera/lib'
[0.724s] Level 1:colcon.colcon_core.environment:checking '/home/orangepi/Code/IR_vision/install/usb_camera/bin'
[0.724s] Level 1:colcon.colcon_core.environment:checking '/home/orangepi/Code/IR_vision/install/usb_camera/lib/pkgconfig/usb_camera.pc'
[0.724s] Level 1:colcon.colcon_core.environment:checking '/home/orangepi/Code/IR_vision/install/usb_camera/lib/python3.10/site-packages'
[0.725s] Level 1:colcon.colcon_core.environment:checking '/home/orangepi/Code/IR_vision/install/usb_camera/bin'
[0.725s] INFO:colcon.colcon_core.shell:Creating package script '/home/orangepi/Code/IR_vision/install/usb_camera/share/usb_camera/package.ps1'
[0.726s] INFO:colcon.colcon_core.shell:Creating package descriptor '/home/orangepi/Code/IR_vision/install/usb_camera/share/usb_camera/package.dsv'
[0.727s] INFO:colcon.colcon_core.shell:Creating package script '/home/orangepi/Code/IR_vision/install/usb_camera/share/usb_camera/package.sh'
[0.728s] INFO:colcon.colcon_core.shell:Creating package script '/home/orangepi/Code/IR_vision/install/usb_camera/share/usb_camera/package.bash'
[0.729s] INFO:colcon.colcon_core.shell:Creating package script '/home/orangepi/Code/IR_vision/install/usb_camera/share/usb_camera/package.zsh'
[0.730s] Level 1:colcon.colcon_core.environment:create_file_with_runtime_dependencies(/home/orangepi/Code/IR_vision/install/usb_camera/share/colcon-core/packages/usb_camera)
[0.733s] Level 1:colcon.colcon_core.environment:create_environment_scripts_only(dji_action4_camera)
[0.734s] Level 1:colcon.colcon_core.environment:checking '/home/orangepi/Code/IR_vision/install/dji_action4_camera' for CMake module files
[0.735s] Level 1:colcon.colcon_core.environment:checking '/home/orangepi/Code/IR_vision/install/dji_action4_camera' for CMake config files
[0.736s] Level 1:colcon.colcon_core.shell:create_environment_hook('dji_action4_camera', 'cmake_prefix_path')
[0.736s] INFO:colcon.colcon_core.shell:Creating environment hook '/home/orangepi/Code/IR_vision/install/dji_action4_camera/share/dji_action4_camera/hook/cmake_prefix_path.ps1'
[0.738s] INFO:colcon.colcon_core.shell:Creating environment descriptor '/home/orangepi/Code/IR_vision/install/dji_action4_camera/share/dji_action4_camera/hook/cmake_prefix_path.dsv'
[0.739s] INFO:colcon.colcon_core.shell:Creating environment hook '/home/orangepi/Code/IR_vision/install/dji_action4_camera/share/dji_action4_camera/hook/cmake_prefix_path.sh'
[0.740s] Level 1:colcon.colcon_core.environment:checking '/home/orangepi/Code/IR_vision/install/dji_action4_camera/lib'
[0.741s] Level 1:colcon.colcon_core.environment:checking '/home/orangepi/Code/IR_vision/install/dji_action4_camera/bin'
[0.741s] Level 1:colcon.colcon_core.environment:checking '/home/orangepi/Code/IR_vision/install/dji_action4_camera/lib/pkgconfig/dji_action4_camera.pc'
[0.741s] Level 1:colcon.colcon_core.environment:checking '/home/orangepi/Code/IR_vision/install/dji_action4_camera/lib/python3.10/site-packages'
[0.742s] Level 1:colcon.colcon_core.environment:checking '/home/orangepi/Code/IR_vision/install/dji_action4_camera/bin'
[0.742s] INFO:colcon.colcon_core.shell:Creating package script '/home/orangepi/Code/IR_vision/install/dji_action4_camera/share/dji_action4_camera/package.ps1'
[0.744s] INFO:colcon.colcon_core.shell:Creating package descriptor '/home/orangepi/Code/IR_vision/install/dji_action4_camera/share/dji_action4_camera/package.dsv'
[0.745s] INFO:colcon.colcon_core.shell:Creating package script '/home/orangepi/Code/IR_vision/install/dji_action4_camera/share/dji_action4_camera/package.sh'
[0.746s] INFO:colcon.colcon_core.shell:Creating package script '/home/orangepi/Code/IR_vision/install/dji_action4_camera/share/dji_action4_camera/package.bash'
[0.747s] DEBUG:colcon.colcon_core.event_handler.log_command:Invoked command in '/home/orangepi/Code/IR_vision/build/dji_action4_camera' returned '0': CMAKE_PREFIX_PATH=${CMAKE_PREFIX_PATH}:/opt/ros/humble /usr/bin/cmake --install /home/orangepi/Code/IR_vision/build/dji_action4_camera
[0.747s] INFO:colcon.colcon_core.shell:Creating package script '/home/orangepi/Code/IR_vision/install/dji_action4_camera/share/dji_action4_camera/package.zsh'
[0.748s] Level 1:colcon.colcon_core.environment:create_file_with_runtime_dependencies(/home/orangepi/Code/IR_vision/install/dji_action4_camera/share/colcon-core/packages/dji_action4_camera)
[0.749s] Level 1:colcon.colcon_core.environment:create_environment_scripts_only(dji_action4_camera)
[0.749s] Level 1:colcon.colcon_core.environment:checking '/home/orangepi/Code/IR_vision/install/dji_action4_camera' for CMake module files
[0.750s] Level 1:colcon.colcon_core.environment:checking '/home/orangepi/Code/IR_vision/install/dji_action4_camera' for CMake config files
[0.750s] Level 1:colcon.colcon_core.shell:create_environment_hook('dji_action4_camera', 'cmake_prefix_path')
[0.751s] INFO:colcon.colcon_core.shell:Creating environment hook '/home/orangepi/Code/IR_vision/install/dji_action4_camera/share/dji_action4_camera/hook/cmake_prefix_path.ps1'
[0.751s] INFO:colcon.colcon_core.shell:Creating environment descriptor '/home/orangepi/Code/IR_vision/install/dji_action4_camera/share/dji_action4_camera/hook/cmake_prefix_path.dsv'
[0.752s] INFO:colcon.colcon_core.shell:Creating environment hook '/home/orangepi/Code/IR_vision/install/dji_action4_camera/share/dji_action4_camera/hook/cmake_prefix_path.sh'
[0.753s] Level 1:colcon.colcon_core.environment:checking '/home/orangepi/Code/IR_vision/install/dji_action4_camera/lib'
[0.753s] Level 1:colcon.colcon_core.environment:checking '/home/orangepi/Code/IR_vision/install/dji_action4_camera/bin'
[0.753s] Level 1:colcon.colcon_core.environment:checking '/home/orangepi/Code/IR_vision/install/dji_action4_camera/lib/pkgconfig/dji_action4_camera.pc'
[0.754s] Level 1:colcon.colcon_core.environment:checking '/home/orangepi/Code/IR_vision/install/dji_action4_camera/lib/python3.10/site-packages'
[0.754s] Level 1:colcon.colcon_core.environment:checking '/home/orangepi/Code/IR_vision/install/dji_action4_camera/bin'
[0.755s] INFO:colcon.colcon_core.shell:Creating package script '/home/orangepi/Code/IR_vision/install/dji_action4_camera/share/dji_action4_camera/package.ps1'
[0.756s] INFO:colcon.colcon_core.shell:Creating package descriptor '/home/orangepi/Code/IR_vision/install/dji_action4_camera/share/dji_action4_camera/package.dsv'
[0.756s] INFO:colcon.colcon_core.shell:Creating package script '/home/orangepi/Code/IR_vision/install/dji_action4_camera/share/dji_action4_camera/package.sh'
[0.757s] INFO:colcon.colcon_core.shell:Creating package script '/home/orangepi/Code/IR_vision/install/dji_action4_camera/share/dji_action4_camera/package.bash'
[0.758s] INFO:colcon.colcon_core.shell:Creating package script '/home/orangepi/Code/IR_vision/install/dji_action4_camera/share/dji_action4_camera/package.zsh'
[0.759s] Level 1:colcon.colcon_core.environment:create_file_with_runtime_dependencies(/home/orangepi/Code/IR_vision/install/dji_action4_camera/share/colcon-core/packages/dji_action4_camera)
[0.761s] Level 1:colcon.colcon_core.environment:create_environment_scripts_only(mindvision_camera)
[0.762s] Level 1:colcon.colcon_core.environment:checking '/home/orangepi/Code/IR_vision/install/mindvision_camera' for CMake module files
[0.763s] Level 1:colcon.colcon_core.environment:checking '/home/orangepi/Code/IR_vision/install/mindvision_camera' for CMake config files
[0.764s] DEBUG:colcon.colcon_core.event_handler.log_command:Invoked command in '/home/orangepi/Code/IR_vision/build/mindvision_camera' returned '0': CMAKE_PREFIX_PATH=${CMAKE_PREFIX_PATH}:/opt/ros/humble /usr/bin/cmake --install /home/orangepi/Code/IR_vision/build/mindvision_camera
[0.765s] Level 1:colcon.colcon_core.shell:create_environment_hook('mindvision_camera', 'cmake_prefix_path')
[0.765s] INFO:colcon.colcon_core.shell:Creating environment hook '/home/orangepi/Code/IR_vision/install/mindvision_camera/share/mindvision_camera/hook/cmake_prefix_path.ps1'
[0.765s] INFO:colcon.colcon_core.shell:Creating environment descriptor '/home/orangepi/Code/IR_vision/install/mindvision_camera/share/mindvision_camera/hook/cmake_prefix_path.dsv'
[0.766s] INFO:colcon.colcon_core.shell:Creating environment hook '/home/orangepi/Code/IR_vision/install/mindvision_camera/share/mindvision_camera/hook/cmake_prefix_path.sh'
[0.767s] Level 1:colcon.colcon_core.environment:checking '/home/orangepi/Code/IR_vision/install/mindvision_camera/lib'
[0.768s] Level 1:colcon.colcon_core.shell:create_environment_hook('mindvision_camera', 'ld_library_path_lib')
[0.768s] INFO:colcon.colcon_core.shell:Creating environment hook '/home/orangepi/Code/IR_vision/install/mindvision_camera/share/mindvision_camera/hook/ld_library_path_lib.ps1'
[0.768s] INFO:colcon.colcon_core.shell:Creating environment descriptor '/home/orangepi/Code/IR_vision/install/mindvision_camera/share/mindvision_camera/hook/ld_library_path_lib.dsv'
[0.769s] INFO:colcon.colcon_core.shell:Creating environment hook '/home/orangepi/Code/IR_vision/install/mindvision_camera/share/mindvision_camera/hook/ld_library_path_lib.sh'
[0.770s] Level 1:colcon.colcon_core.environment:checking '/home/orangepi/Code/IR_vision/install/mindvision_camera/bin'
[0.770s] Level 1:colcon.colcon_core.environment:checking '/home/orangepi/Code/IR_vision/install/mindvision_camera/lib/pkgconfig/mindvision_camera.pc'
[0.771s] Level 1:colcon.colcon_core.environment:checking '/home/orangepi/Code/IR_vision/install/mindvision_camera/lib/python3.10/site-packages'
[0.771s] Level 1:colcon.colcon_core.environment:checking '/home/orangepi/Code/IR_vision/install/mindvision_camera/bin'
[0.771s] INFO:colcon.colcon_core.shell:Creating package script '/home/orangepi/Code/IR_vision/install/mindvision_camera/share/mindvision_camera/package.ps1'
[0.772s] INFO:colcon.colcon_core.shell:Creating package descriptor '/home/orangepi/Code/IR_vision/install/mindvision_camera/share/mindvision_camera/package.dsv'
[0.773s] INFO:colcon.colcon_core.shell:Creating package script '/home/orangepi/Code/IR_vision/install/mindvision_camera/share/mindvision_camera/package.sh'
[0.774s] INFO:colcon.colcon_core.shell:Creating package script '/home/orangepi/Code/IR_vision/install/mindvision_camera/share/mindvision_camera/package.bash'
[0.775s] INFO:colcon.colcon_core.shell:Creating package script '/home/orangepi/Code/IR_vision/install/mindvision_camera/share/mindvision_camera/package.zsh'
[0.776s] Level 1:colcon.colcon_core.environment:create_file_with_runtime_dependencies(/home/orangepi/Code/IR_vision/install/mindvision_camera/share/colcon-core/packages/mindvision_camera)
[0.777s] Level 1:colcon.colcon_core.environment:create_environment_scripts_only(mindvision_camera)
[0.777s] Level 1:colcon.colcon_core.environment:checking '/home/orangepi/Code/IR_vision/install/mindvision_camera' for CMake module files
[0.778s] Level 1:colcon.colcon_core.environment:checking '/home/orangepi/Code/IR_vision/install/mindvision_camera' for CMake config files
[0.778s] Level 1:colcon.colcon_core.shell:create_environment_hook('mindvision_camera', 'cmake_prefix_path')
[0.778s] INFO:colcon.colcon_core.shell:Creating environment hook '/home/orangepi/Code/IR_vision/install/mindvision_camera/share/mindvision_camera/hook/cmake_prefix_path.ps1'
[0.779s] INFO:colcon.colcon_core.shell:Creating environment descriptor '/home/orangepi/Code/IR_vision/install/mindvision_camera/share/mindvision_camera/hook/cmake_prefix_path.dsv'
[0.780s] INFO:colcon.colcon_core.shell:Creating environment hook '/home/orangepi/Code/IR_vision/install/mindvision_camera/share/mindvision_camera/hook/cmake_prefix_path.sh'
[0.781s] Level 1:colcon.colcon_core.environment:checking '/home/orangepi/Code/IR_vision/install/mindvision_camera/lib'
[0.781s] Level 1:colcon.colcon_core.shell:create_environment_hook('mindvision_camera', 'ld_library_path_lib')
[0.781s] INFO:colcon.colcon_core.shell:Creating environment hook '/home/orangepi/Code/IR_vision/install/mindvision_camera/share/mindvision_camera/hook/ld_library_path_lib.ps1'
[0.782s] INFO:colcon.colcon_core.shell:Creating environment descriptor '/home/orangepi/Code/IR_vision/install/mindvision_camera/share/mindvision_camera/hook/ld_library_path_lib.dsv'
[0.782s] INFO:colcon.colcon_core.shell:Creating environment hook '/home/orangepi/Code/IR_vision/install/mindvision_camera/share/mindvision_camera/hook/ld_library_path_lib.sh'
[0.783s] Level 1:colcon.colcon_core.environment:checking '/home/orangepi/Code/IR_vision/install/mindvision_camera/bin'
[0.783s] Level 1:colcon.colcon_core.environment:checking '/home/orangepi/Code/IR_vision/install/mindvision_camera/lib/pkgconfig/mindvision_camera.pc'
[0.784s] Level 1:colcon.colcon_core.environment:checking '/home/orangepi/Code/IR_vision/install/mindvision_camera/lib/python3.10/site-packages'
[0.784s] Level 1:colcon.colcon_core.environment:checking '/home/orangepi/Code/IR_vision/install/mindvision_camera/bin'
[0.785s] INFO:colcon.colcon_core.shell:Creating package script '/home/orangepi/Code/IR_vision/install/mindvision_camera/share/mindvision_camera/package.ps1'
[0.786s] INFO:colcon.colcon_core.shell:Creating package descriptor '/home/orangepi/Code/IR_vision/install/mindvision_camera/share/mindvision_camera/package.dsv'
[0.787s] INFO:colcon.colcon_core.shell:Creating package script '/home/orangepi/Code/IR_vision/install/mindvision_camera/share/mindvision_camera/package.sh'
[0.788s] INFO:colcon.colcon_core.shell:Creating package script '/home/orangepi/Code/IR_vision/install/mindvision_camera/share/mindvision_camera/package.bash'
[0.789s] INFO:colcon.colcon_core.shell:Creating package script '/home/orangepi/Code/IR_vision/install/mindvision_camera/share/mindvision_camera/package.zsh'
[0.790s] Level 1:colcon.colcon_core.environment:create_file_with_runtime_dependencies(/home/orangepi/Code/IR_vision/install/mindvision_camera/share/colcon-core/packages/mindvision_camera)
[0.796s] DEBUG:colcon.colcon_core.event_handler.log_command:Invoked command in '/home/orangepi/Code/IR_vision/build/rplidar_ros' returned '0': CMAKE_PREFIX_PATH=${CMAKE_PREFIX_PATH}:/opt/ros/humble /usr/bin/cmake --build /home/orangepi/Code/IR_vision/build/rplidar_ros -- -j8 -l8
[0.798s] DEBUG:colcon.colcon_core.event_handler.log_command:Invoking command in '/home/orangepi/Code/IR_vision/build/rplidar_ros': CMAKE_PREFIX_PATH=${CMAKE_PREFIX_PATH}:/opt/ros/humble /usr/bin/cmake --install /home/orangepi/Code/IR_vision/build/rplidar_ros
[0.824s] Level 1:colcon.colcon_core.environment:create_environment_scripts_only(rplidar_ros)
[0.825s] Level 1:colcon.colcon_core.environment:checking '/home/orangepi/Code/IR_vision/install/rplidar_ros' for CMake module files
[0.827s] Level 1:colcon.colcon_core.environment:checking '/home/orangepi/Code/IR_vision/install/rplidar_ros' for CMake config files
[0.828s] Level 1:colcon.colcon_core.shell:create_environment_hook('rplidar_ros', 'cmake_prefix_path')
[0.828s] INFO:colcon.colcon_core.shell:Creating environment hook '/home/orangepi/Code/IR_vision/install/rplidar_ros/share/rplidar_ros/hook/cmake_prefix_path.ps1'
[0.829s] INFO:colcon.colcon_core.shell:Creating environment descriptor '/home/orangepi/Code/IR_vision/install/rplidar_ros/share/rplidar_ros/hook/cmake_prefix_path.dsv'
[0.831s] INFO:colcon.colcon_core.shell:Creating environment hook '/home/orangepi/Code/IR_vision/install/rplidar_ros/share/rplidar_ros/hook/cmake_prefix_path.sh'
[0.832s] Level 1:colcon.colcon_core.environment:checking '/home/orangepi/Code/IR_vision/install/rplidar_ros/lib'
[0.833s] Level 1:colcon.colcon_core.environment:checking '/home/orangepi/Code/IR_vision/install/rplidar_ros/bin'
[0.833s] Level 1:colcon.colcon_core.environment:checking '/home/orangepi/Code/IR_vision/install/rplidar_ros/lib/pkgconfig/rplidar_ros.pc'
[0.833s] Level 1:colcon.colcon_core.environment:checking '/home/orangepi/Code/IR_vision/install/rplidar_ros/lib/python3.10/site-packages'
[0.833s] Level 1:colcon.colcon_core.environment:checking '/home/orangepi/Code/IR_vision/install/rplidar_ros/bin'
[0.834s] INFO:colcon.colcon_core.shell:Creating package script '/home/orangepi/Code/IR_vision/install/rplidar_ros/share/rplidar_ros/package.ps1'
[0.835s] INFO:colcon.colcon_core.shell:Creating package descriptor '/home/orangepi/Code/IR_vision/install/rplidar_ros/share/rplidar_ros/package.dsv'
[0.836s] INFO:colcon.colcon_core.shell:Creating package script '/home/orangepi/Code/IR_vision/install/rplidar_ros/share/rplidar_ros/package.sh'
[0.837s] INFO:colcon.colcon_core.shell:Creating package script '/home/orangepi/Code/IR_vision/install/rplidar_ros/share/rplidar_ros/package.bash'
[0.838s] INFO:colcon.colcon_core.shell:Creating package script '/home/orangepi/Code/IR_vision/install/rplidar_ros/share/rplidar_ros/package.zsh'
[0.839s] Level 1:colcon.colcon_core.environment:create_file_with_runtime_dependencies(/home/orangepi/Code/IR_vision/install/rplidar_ros/share/colcon-core/packages/rplidar_ros)
[0.841s] Level 1:colcon.colcon_core.environment:create_environment_scripts_only(rplidar_ros)
[0.841s] Level 1:colcon.colcon_core.environment:checking '/home/orangepi/Code/IR_vision/install/rplidar_ros' for CMake module files
[0.843s] Level 1:colcon.colcon_core.environment:checking '/home/orangepi/Code/IR_vision/install/rplidar_ros' for CMake config files
[0.844s] Level 1:colcon.colcon_core.shell:create_environment_hook('rplidar_ros', 'cmake_prefix_path')
[0.844s] INFO:colcon.colcon_core.shell:Creating environment hook '/home/orangepi/Code/IR_vision/install/rplidar_ros/share/rplidar_ros/hook/cmake_prefix_path.ps1'
[0.845s] INFO:colcon.colcon_core.shell:Creating environment descriptor '/home/orangepi/Code/IR_vision/install/rplidar_ros/share/rplidar_ros/hook/cmake_prefix_path.dsv'
[0.846s] INFO:colcon.colcon_core.shell:Creating environment hook '/home/orangepi/Code/IR_vision/install/rplidar_ros/share/rplidar_ros/hook/cmake_prefix_path.sh'
[0.847s] Level 1:colcon.colcon_core.environment:checking '/home/orangepi/Code/IR_vision/install/rplidar_ros/lib'
[0.847s] Level 1:colcon.colcon_core.environment:checking '/home/orangepi/Code/IR_vision/install/rplidar_ros/bin'
[0.848s] Level 1:colcon.colcon_core.environment:checking '/home/orangepi/Code/IR_vision/install/rplidar_ros/lib/pkgconfig/rplidar_ros.pc'
[0.848s] Level 1:colcon.colcon_core.environment:checking '/home/orangepi/Code/IR_vision/install/rplidar_ros/lib/python3.10/site-packages'
[0.849s] Level 1:colcon.colcon_core.environment:checking '/home/orangepi/Code/IR_vision/install/rplidar_ros/bin'
[0.849s] INFO:colcon.colcon_core.shell:Creating package script '/home/orangepi/Code/IR_vision/install/rplidar_ros/share/rplidar_ros/package.ps1'
[0.850s] INFO:colcon.colcon_core.shell:Creating package descriptor '/home/orangepi/Code/IR_vision/install/rplidar_ros/share/rplidar_ros/package.dsv'
[0.851s] INFO:colcon.colcon_core.shell:Creating package script '/home/orangepi/Code/IR_vision/install/rplidar_ros/share/rplidar_ros/package.sh'
[0.852s] INFO:colcon.colcon_core.shell:Creating package script '/home/orangepi/Code/IR_vision/install/rplidar_ros/share/rplidar_ros/package.bash'
[0.853s] DEBUG:colcon.colcon_core.event_handler.log_command:Invoked command in '/home/orangepi/Code/IR_vision/build/rplidar_ros' returned '0': CMAKE_PREFIX_PATH=${CMAKE_PREFIX_PATH}:/opt/ros/humble /usr/bin/cmake --install /home/orangepi/Code/IR_vision/build/rplidar_ros
[0.854s] INFO:colcon.colcon_core.shell:Creating package script '/home/orangepi/Code/IR_vision/install/rplidar_ros/share/rplidar_ros/package.zsh'
[0.854s] Level 1:colcon.colcon_core.environment:create_file_with_runtime_dependencies(/home/orangepi/Code/IR_vision/install/rplidar_ros/share/colcon-core/packages/rplidar_ros)
[0.856s] DEBUG:colcon.colcon_parallel_executor.executor.parallel:closing loop
[0.856s] DEBUG:colcon.colcon_parallel_executor.executor.parallel:loop closed
[0.857s] DEBUG:colcon.colcon_parallel_executor.executor.parallel:run_until_complete finished with '0'
[0.857s] DEBUG:colcon.colcon_core.event_reactor:joining thread
[0.875s] INFO:colcon.colcon_core.plugin_system:Skipping extension 'colcon_notification.desktop_notification.terminal_notifier': Not used on non-Darwin systems
[0.875s] INFO:colcon.colcon_core.plugin_system:Skipping extension 'colcon_notification.desktop_notification.win32': Not used on non-Windows systems
[0.875s] INFO:colcon.colcon_notification.desktop_notification:Sending desktop notification using 'notify2'
[0.906s] DEBUG:colcon.colcon_core.event_reactor:joined thread
[0.907s] INFO:colcon.colcon_core.shell:Creating prefix script '/home/orangepi/Code/IR_vision/install/local_setup.ps1'
[0.908s] INFO:colcon.colcon_core.shell:Creating prefix util module '/home/orangepi/Code/IR_vision/install/_local_setup_util_ps1.py'
[0.910s] INFO:colcon.colcon_core.shell:Creating prefix chain script '/home/orangepi/Code/IR_vision/install/setup.ps1'
[0.912s] INFO:colcon.colcon_core.shell:Creating prefix script '/home/orangepi/Code/IR_vision/install/local_setup.sh'
[0.913s] INFO:colcon.colcon_core.shell:Creating prefix util module '/home/orangepi/Code/IR_vision/install/_local_setup_util_sh.py'
[0.914s] INFO:colcon.colcon_core.shell:Creating prefix chain script '/home/orangepi/Code/IR_vision/install/setup.sh'
[0.916s] INFO:colcon.colcon_core.shell:Creating prefix script '/home/orangepi/Code/IR_vision/install/local_setup.bash'
[0.917s] INFO:colcon.colcon_core.shell:Creating prefix chain script '/home/orangepi/Code/IR_vision/install/setup.bash'
[0.918s] INFO:colcon.colcon_core.shell:Creating prefix script '/home/orangepi/Code/IR_vision/install/local_setup.zsh'
[0.919s] INFO:colcon.colcon_core.shell:Creating prefix chain script '/home/orangepi/Code/IR_vision/install/setup.zsh'
