[0.033s] Invoking command in '/home/orangepi/Code/IR_vision/build/mindvision_camera': CMAKE_PREFIX_PATH=/opt/ros/humble /usr/bin/cmake --build /home/orangepi/Code/IR_vision/build/mindvision_camera -- -j8 -l8
[0.164s] [ 50%] Built target mindvision_camera_node
[0.206s] [100%] Built target mindvision_camera
[0.301s] Invoked command in '/home/orangepi/Code/IR_vision/build/mindvision_camera' returned '0': CMAKE_PREFIX_PATH=/opt/ros/humble /usr/bin/cmake --build /home/orangepi/Code/IR_vision/build/mindvision_camera -- -j8 -l8
[0.301s] Invoking command in '/home/orangepi/Code/IR_vision/build/mindvision_camera': CMAKE_PREFIX_PATH=/opt/ros/humble /usr/bin/cmake --install /home/orangepi/Code/IR_vision/build/mindvision_camera
[0.346s] -- Install configuration: ""
[0.346s] -- Up-to-date: /home/orangepi/Code/IR_vision/install/mindvision_camera/lib/mindvision_camera/mindvision_camera_node
[0.346s] -- Up-to-date: /home/orangepi/Code/IR_vision/install/mindvision_camera/share/mindvision_camera/environment/library_path.sh
[0.347s] -- Up-to-date: /home/orangepi/Code/IR_vision/install/mindvision_camera/share/mindvision_camera/environment/library_path.dsv
[0.348s] -- Up-to-date: /home/orangepi/Code/IR_vision/install/mindvision_camera/lib/libmindvision_camera.so
[0.349s] -- Up-to-date: /home/orangepi/Code/IR_vision/install/mindvision_camera/share/mindvision_camera/config
[0.349s] -- Up-to-date: /home/orangepi/Code/IR_vision/install/mindvision_camera/share/mindvision_camera/config/camera_info.yaml
[0.350s] -- Up-to-date: /home/orangepi/Code/IR_vision/install/mindvision_camera/share/mindvision_camera/config/camera_params.yaml
[0.350s] -- Up-to-date: /home/orangepi/Code/IR_vision/install/mindvision_camera/share/mindvision_camera/launch
[0.351s] -- Up-to-date: /home/orangepi/Code/IR_vision/install/mindvision_camera/share/mindvision_camera/launch/mv_launch.py
[0.352s] -- Up-to-date: /home/orangepi/Code/IR_vision/install/mindvision_camera/share/ament_index/resource_index/package_run_dependencies/mindvision_camera
[0.355s] -- Up-to-date: /home/orangepi/Code/IR_vision/install/mindvision_camera/share/ament_index/resource_index/parent_prefix_path/mindvision_camera
[0.356s] -- Up-to-date: /home/orangepi/Code/IR_vision/install/mindvision_camera/share/mindvision_camera/environment/ament_prefix_path.sh
[0.356s] -- Up-to-date: /home/orangepi/Code/IR_vision/install/mindvision_camera/share/mindvision_camera/environment/ament_prefix_path.dsv
[0.357s] -- Up-to-date: /home/orangepi/Code/IR_vision/install/mindvision_camera/share/mindvision_camera/environment/path.sh
[0.357s] -- Up-to-date: /home/orangepi/Code/IR_vision/install/mindvision_camera/share/mindvision_camera/environment/path.dsv
[0.358s] -- Up-to-date: /home/orangepi/Code/IR_vision/install/mindvision_camera/share/mindvision_camera/local_setup.bash
[0.359s] -- Up-to-date: /home/orangepi/Code/IR_vision/install/mindvision_camera/share/mindvision_camera/local_setup.sh
[0.360s] -- Up-to-date: /home/orangepi/Code/IR_vision/install/mindvision_camera/share/mindvision_camera/local_setup.zsh
[0.360s] -- Up-to-date: /home/orangepi/Code/IR_vision/install/mindvision_camera/share/mindvision_camera/local_setup.dsv
[0.361s] -- Installing: /home/orangepi/Code/IR_vision/install/mindvision_camera/share/mindvision_camera/package.dsv
[0.362s] -- Up-to-date: /home/orangepi/Code/IR_vision/install/mindvision_camera/share/ament_index/resource_index/packages/mindvision_camera
[0.363s] -- Up-to-date: /home/orangepi/Code/IR_vision/install/mindvision_camera/share/ament_index/resource_index/rclcpp_components/mindvision_camera
[0.363s] -- Up-to-date: /home/orangepi/Code/IR_vision/install/mindvision_camera/share/mindvision_camera/cmake/ament_cmake_export_dependencies-extras.cmake
[0.364s] -- Up-to-date: /home/orangepi/Code/IR_vision/install/mindvision_camera/share/mindvision_camera/cmake/ament_cmake_export_libraries-extras.cmake
[0.364s] -- Up-to-date: /home/orangepi/Code/IR_vision/install/mindvision_camera/share/mindvision_camera/cmake/mindvision_cameraConfig.cmake
[0.364s] -- Up-to-date: /home/orangepi/Code/IR_vision/install/mindvision_camera/share/mindvision_camera/cmake/mindvision_cameraConfig-version.cmake
[0.365s] -- Up-to-date: /home/orangepi/Code/IR_vision/install/mindvision_camera/share/mindvision_camera/package.xml
[0.559s] Invoked command in '/home/orangepi/Code/IR_vision/build/mindvision_camera' returned '0': CMAKE_PREFIX_PATH=/opt/ros/humble /usr/bin/cmake --install /home/orangepi/Code/IR_vision/build/mindvision_camera
