[0.034s] Invoking command in '/home/orangepi/Code/IR_vision/build/dji_action4_camera': CMAKE_PREFIX_PATH=/opt/ros/humble /usr/bin/cmake --build /home/orangepi/Code/IR_vision/build/dji_action4_camera -- -j8 -l8
[0.176s] [100%] Built target camera_node
[0.215s] Invoked command in '/home/orangepi/Code/IR_vision/build/dji_action4_camera' returned '0': CMAKE_PREFIX_PATH=/opt/ros/humble /usr/bin/cmake --build /home/orangepi/Code/IR_vision/build/dji_action4_camera -- -j8 -l8
[0.231s] Invoking command in '/home/orangepi/Code/IR_vision/build/dji_action4_camera': CMAKE_PREFIX_PATH=/opt/ros/humble /usr/bin/cmake --install /home/orangepi/Code/IR_vision/build/dji_action4_camera
[0.296s] -- Install configuration: ""
[0.297s] -- Up-to-date: /home/orangepi/Code/IR_vision/install/dji_action4_camera/lib/dji_action4_camera/camera_node
[0.298s] -- Up-to-date: /home/orangepi/Code/IR_vision/install/dji_action4_camera/share/ament_index/resource_index/package_run_dependencies/dji_action4_camera
[0.300s] -- Up-to-date: /home/orangepi/Code/IR_vision/install/dji_action4_camera/share/ament_index/resource_index/parent_prefix_path/dji_action4_camera
[0.300s] -- Up-to-date: /home/orangepi/Code/IR_vision/install/dji_action4_camera/share/dji_action4_camera/environment/ament_prefix_path.sh
[0.300s] -- Up-to-date: /home/orangepi/Code/IR_vision/install/dji_action4_camera/share/dji_action4_camera/environment/ament_prefix_path.dsv
[0.301s] -- Up-to-date: /home/orangepi/Code/IR_vision/install/dji_action4_camera/share/dji_action4_camera/environment/path.sh
[0.301s] -- Up-to-date: /home/orangepi/Code/IR_vision/install/dji_action4_camera/share/dji_action4_camera/environment/path.dsv
[0.301s] -- Up-to-date: /home/orangepi/Code/IR_vision/install/dji_action4_camera/share/dji_action4_camera/local_setup.bash
[0.301s] -- Up-to-date: /home/orangepi/Code/IR_vision/install/dji_action4_camera/share/dji_action4_camera/local_setup.sh
[0.302s] -- Up-to-date: /home/orangepi/Code/IR_vision/install/dji_action4_camera/share/dji_action4_camera/local_setup.zsh
[0.302s] -- Up-to-date: /home/orangepi/Code/IR_vision/install/dji_action4_camera/share/dji_action4_camera/local_setup.dsv
[0.302s] -- Installing: /home/orangepi/Code/IR_vision/install/dji_action4_camera/share/dji_action4_camera/package.dsv
[0.303s] -- Up-to-date: /home/orangepi/Code/IR_vision/install/dji_action4_camera/share/ament_index/resource_index/packages/dji_action4_camera
[0.303s] -- Up-to-date: /home/orangepi/Code/IR_vision/install/dji_action4_camera/share/dji_action4_camera/cmake/dji_action4_cameraConfig.cmake
[0.304s] -- Up-to-date: /home/orangepi/Code/IR_vision/install/dji_action4_camera/share/dji_action4_camera/cmake/dji_action4_cameraConfig-version.cmake
[0.304s] -- Up-to-date: /home/orangepi/Code/IR_vision/install/dji_action4_camera/share/dji_action4_camera/package.xml
[0.308s] Invoked command in '/home/orangepi/Code/IR_vision/build/dji_action4_camera' returned '0': CMAKE_PREFIX_PATH=/opt/ros/humble /usr/bin/cmake --install /home/orangepi/Code/IR_vision/build/dji_action4_camera
