[0.043s] Invoking command in '/home/orangepi/Code/IR_vision/build/dji_action4_camera': CMAKE_PREFIX_PATH=${CMAKE_PREFIX_PATH}:/opt/ros/humble /usr/bin/cmake --build /home/orangepi/Code/IR_vision/build/dji_action4_camera -- -j8 -l8
[0.294s] [100%] Built target camera_node
[0.339s] Invoked command in '/home/orangepi/Code/IR_vision/build/dji_action4_camera' returned '0': CMAKE_PREFIX_PATH=${CMAKE_PREFIX_PATH}:/opt/ros/humble /usr/bin/cmake --build /home/orangepi/Code/IR_vision/build/dji_action4_camera -- -j8 -l8
[0.342s] Invoking command in '/home/orangepi/Code/IR_vision/build/dji_action4_camera': CMAKE_PREFIX_PATH=${CMAKE_PREFIX_PATH}:/opt/ros/humble /usr/bin/cmake --install /home/orangepi/Code/IR_vision/build/dji_action4_camera
[0.368s] -- Install configuration: ""
[0.370s] -- Up-to-date: /home/orangepi/Code/IR_vision/install/dji_action4_camera/lib/dji_action4_camera/camera_node
[0.370s] -- Up-to-date: /home/orangepi/Code/IR_vision/install/dji_action4_camera/share/ament_index/resource_index/package_run_dependencies/dji_action4_camera
[0.372s] -- Up-to-date: /home/orangepi/Code/IR_vision/install/dji_action4_camera/share/ament_index/resource_index/parent_prefix_path/dji_action4_camera
[0.375s] -- Up-to-date: /home/orangepi/Code/IR_vision/install/dji_action4_camera/share/dji_action4_camera/environment/ament_prefix_path.sh
[0.375s] -- Up-to-date: /home/orangepi/Code/IR_vision/install/dji_action4_camera/share/dji_action4_camera/environment/ament_prefix_path.dsv
[0.375s] -- Up-to-date: /home/orangepi/Code/IR_vision/install/dji_action4_camera/share/dji_action4_camera/environment/path.sh
[0.375s] -- Up-to-date: /home/orangepi/Code/IR_vision/install/dji_action4_camera/share/dji_action4_camera/environment/path.dsv
[0.376s] -- Up-to-date: /home/orangepi/Code/IR_vision/install/dji_action4_camera/share/dji_action4_camera/local_setup.bash
[0.378s] -- Up-to-date: /home/orangepi/Code/IR_vision/install/dji_action4_camera/share/dji_action4_camera/local_setup.sh
[0.378s] -- Up-to-date: /home/orangepi/Code/IR_vision/install/dji_action4_camera/share/dji_action4_camera/local_setup.zsh
[0.379s] -- Up-to-date: /home/orangepi/Code/IR_vision/install/dji_action4_camera/share/dji_action4_camera/local_setup.dsv
[0.380s] -- Installing: /home/orangepi/Code/IR_vision/install/dji_action4_camera/share/dji_action4_camera/package.dsv
[0.384s] -- Up-to-date: /home/orangepi/Code/IR_vision/install/dji_action4_camera/share/ament_index/resource_index/packages/dji_action4_camera
[0.385s] -- Up-to-date: /home/orangepi/Code/IR_vision/install/dji_action4_camera/share/dji_action4_camera/cmake/dji_action4_cameraConfig.cmake
[0.385s] -- Up-to-date: /home/orangepi/Code/IR_vision/install/dji_action4_camera/share/dji_action4_camera/cmake/dji_action4_cameraConfig-version.cmake
[0.386s] -- Up-to-date: /home/orangepi/Code/IR_vision/install/dji_action4_camera/share/dji_action4_camera/package.xml
[0.408s] Invoked command in '/home/orangepi/Code/IR_vision/build/dji_action4_camera' returned '0': CMAKE_PREFIX_PATH=${CMAKE_PREFIX_PATH}:/opt/ros/humble /usr/bin/cmake --install /home/orangepi/Code/IR_vision/build/dji_action4_camera
