-- The C compiler identification is GNU 11.4.0
-- The CXX compiler identification is GNU 11.4.0
-- Detecting C compiler ABI info
-- Detecting C compiler ABI info - done
-- Check for working C compiler: /usr/bin/cc - skipped
-- Detecting C compile features
-- Detecting C compile features - done
-- Detecting CXX compiler ABI info
-- Detecting CXX compiler ABI info - done
-- Check for working CXX compiler: /usr/bin/c++ - skipped
-- Detecting CXX compile features
-- Detecting CXX compile features - done
-- Found ament_cmake: 1.3.14 (/opt/ros/humble/share/ament_cmake/cmake)
-- Found Python3: /usr/bin/python3 (found version "3.10.12") found components: Interpreter 
-- Found OpenCV: /usr/local (found version "4.8.0") 
-- Found rclcpp: 16.0.18 (/opt/ros/humble/share/rclcpp/cmake)
-- Found rosidl_generator_c: 3.1.8 (/opt/ros/humble/share/rosidl_generator_c/cmake)
-- Found rosidl_adapter: 3.1.8 (/opt/ros/humble/share/rosidl_adapter/cmake)
-- Found rosidl_generator_cpp: 3.1.8 (/opt/ros/humble/share/rosidl_generator_cpp/cmake)
-- Using all available rosidl_typesupport_c: rosidl_typesupport_fastrtps_c;rosidl_typesupport_introspection_c
-- Using all available rosidl_typesupport_cpp: rosidl_typesupport_fastrtps_cpp;rosidl_typesupport_introspection_cpp
-- Found rmw_implementation_cmake: 6.1.2 (/opt/ros/humble/share/rmw_implementation_cmake/cmake)
-- Found rmw_fastrtps_cpp: 6.2.10 (/opt/ros/humble/share/rmw_fastrtps_cpp/cmake)
-- Found OpenSSL: /usr/lib/aarch64-linux-gnu/libcrypto.so (found version "3.0.2")  
-- Found FastRTPS: /opt/ros/humble/include  
-- Using RMW implementation 'rmw_fastrtps_cpp' as default
-- Looking for pthread.h
-- Looking for pthread.h - found
-- Performing Test CMAKE_HAVE_LIBC_PTHREAD
-- Performing Test CMAKE_HAVE_LIBC_PTHREAD - Success
-- Found Threads: TRUE  
-- Found sensor_msgs: 4.9.1 (/opt/ros/humble/share/sensor_msgs/cmake)
-- Found cv_bridge: 3.2.1 (/opt/ros/humble/share/cv_bridge/cmake)
-- Found image_transport: 3.1.12 (/opt/ros/humble/share/image_transport/cmake)
-- Found ament_lint_auto: 0.12.15 (/opt/ros/humble/share/ament_lint_auto/cmake)
-- Added test 'cppcheck' to perform static code analysis on C / C++ code
-- Configured cppcheck include dirs: 
-- Configured cppcheck exclude dirs and/or files: 
-- Added test 'lint_cmake' to check CMake code style
-- Added test 'uncrustify' to check C / C++ code style
-- Configured uncrustify additional arguments: 
-- Added test 'xmllint' to check XML markup files
-- Configuring done
-- Generating done
-- Build files have been written to: /home/orangepi/Code/IR_vision/build/dji_action4_camera
[ 50%] [32mBuilding CXX object CMakeFiles/camera_node.dir/src/camera_node.cpp.o[0m
In file included from [01m[K/opt/ros/humble/include/rclcpp/rclcpp/logging.hpp:24[m[K,
                 from [01m[K/opt/ros/humble/include/rclcpp/rclcpp/client.hpp:40[m[K,
                 from [01m[K/opt/ros/humble/include/rclcpp/rclcpp/callback_group.hpp:24[m[K,
                 from [01m[K/opt/ros/humble/include/rclcpp/rclcpp/any_executable.hpp:20[m[K,
                 from [01m[K/opt/ros/humble/include/rclcpp/rclcpp/memory_strategy.hpp:25[m[K,
                 from [01m[K/opt/ros/humble/include/rclcpp/rclcpp/memory_strategies.hpp:18[m[K,
                 from [01m[K/opt/ros/humble/include/rclcpp/rclcpp/executor_options.hpp:20[m[K,
                 from [01m[K/opt/ros/humble/include/rclcpp/rclcpp/executor.hpp:37[m[K,
                 from [01m[K/opt/ros/humble/include/rclcpp/rclcpp/executors/multi_threaded_executor.hpp:25[m[K,
                 from [01m[K/opt/ros/humble/include/rclcpp/rclcpp/executors.hpp:21[m[K,
                 from [01m[K/opt/ros/humble/include/rclcpp/rclcpp/rclcpp.hpp:155[m[K,
                 from [01m[K/home/orangepi/Code/IR_vision/src/driver/dji_Action4_camera/src/camera_node.cpp:1[m[K:
[01m[K/home/orangepi/Code/IR_vision/src/driver/dji_Action4_camera/src/camera_node.cpp:[m[K In member function ‘[01m[Kvoid CameraNode::setup_timer()[m[K’:
[01m[K/home/orangepi/Code/IR_vision/src/driver/dji_Action4_camera/src/camera_node.cpp:72:45:[m[K [01;35m[Kwarning: [m[Kformat ‘[01m[K%lld[m[K’ expects argument of type ‘[01m[Klong long int[m[K’, but argument 6 has type ‘[01m[Kstd::chrono::duration<long int, std::ratio<1, 1000> >::rep[m[K’ {aka ‘[01m[Klong int[m[K’} [[01;35m[K]8;;https://gcc.gnu.org/onlinedocs/gcc/Warning-Options.html#index-Wformat=-Wformat=]8;;[m[K]
   72 |             RCLCPP_INFO(this->get_logger(), [01;35m[K"camera fps: %.2f FPS, timer %lld ms"[m[K, fps, [32m[Kperiod.count()[m[K);
      |                                             [01;35m[K^~~~~~~~~~~~~~~~~~~~~~~~~~~~~~~~~~~~~[m[K       [32m[K~~~~~~~~~~~~~~[m[K
      |                                                                                                     [32m[K|[m[K
      |                                                                                                     [32m[Kstd::chrono::duration<long int, std::ratio<1, 1000> >::rep {aka long int}[m[K
[01m[K/home/orangepi/Code/IR_vision/src/driver/dji_Action4_camera/src/camera_node.cpp:72:77:[m[K [01;36m[Knote: [m[Kformat string is defined here
   72 |             RCLCPP_INFO(this->get_logger(), "camera fps: %.2f FPS, timer [01;36m[K%lld[m[K ms", fps, period.count());
      |                                                                          [01;36m[K~~~^[m[K
      |                                                                             [01;36m[K|[m[K
      |                                                                             [01;36m[Klong long int[m[K
      |                                                                          [32m[K%ld[m[K
[100%] [32m[1mLinking CXX executable camera_node[0m
/usr/bin/ld: warning: libopencv_core.so.4.5d, needed by /opt/ros/humble/lib/libcv_bridge.so, may conflict with libopencv_core.so.408
[100%] Built target camera_node
-- Install configuration: ""
-- Installing: /home/orangepi/Code/IR_vision/install/dji_action4_camera/lib/dji_action4_camera/camera_node
-- Set runtime path of "/home/orangepi/Code/IR_vision/install/dji_action4_camera/lib/dji_action4_camera/camera_node" to ""
-- Installing: /home/orangepi/Code/IR_vision/install/dji_action4_camera/share/ament_index/resource_index/package_run_dependencies/dji_action4_camera
-- Installing: /home/orangepi/Code/IR_vision/install/dji_action4_camera/share/ament_index/resource_index/parent_prefix_path/dji_action4_camera
-- Installing: /home/orangepi/Code/IR_vision/install/dji_action4_camera/share/dji_action4_camera/environment/ament_prefix_path.sh
-- Installing: /home/orangepi/Code/IR_vision/install/dji_action4_camera/share/dji_action4_camera/environment/ament_prefix_path.dsv
-- Installing: /home/orangepi/Code/IR_vision/install/dji_action4_camera/share/dji_action4_camera/environment/path.sh
-- Installing: /home/orangepi/Code/IR_vision/install/dji_action4_camera/share/dji_action4_camera/environment/path.dsv
-- Installing: /home/orangepi/Code/IR_vision/install/dji_action4_camera/share/dji_action4_camera/local_setup.bash
-- Installing: /home/orangepi/Code/IR_vision/install/dji_action4_camera/share/dji_action4_camera/local_setup.sh
-- Installing: /home/orangepi/Code/IR_vision/install/dji_action4_camera/share/dji_action4_camera/local_setup.zsh
-- Installing: /home/orangepi/Code/IR_vision/install/dji_action4_camera/share/dji_action4_camera/local_setup.dsv
-- Installing: /home/orangepi/Code/IR_vision/install/dji_action4_camera/share/dji_action4_camera/package.dsv
-- Installing: /home/orangepi/Code/IR_vision/install/dji_action4_camera/share/ament_index/resource_index/packages/dji_action4_camera
-- Installing: /home/orangepi/Code/IR_vision/install/dji_action4_camera/share/dji_action4_camera/cmake/dji_action4_cameraConfig.cmake
-- Installing: /home/orangepi/Code/IR_vision/install/dji_action4_camera/share/dji_action4_camera/cmake/dji_action4_cameraConfig-version.cmake
-- Installing: /home/orangepi/Code/IR_vision/install/dji_action4_camera/share/dji_action4_camera/package.xml
